running egg_info
writing ../../build/ep_camera/ep_camera.egg-info/PKG-INFO
writing dependency_links to ../../build/ep_camera/ep_camera.egg-info/dependency_links.txt
writing entry points to ../../build/ep_camera/ep_camera.egg-info/entry_points.txt
writing requirements to ../../build/ep_camera/ep_camera.egg-info/requires.txt
writing top-level names to ../../build/ep_camera/ep_camera.egg-info/top_level.txt
reading manifest file '../../build/ep_camera/ep_camera.egg-info/SOURCES.txt'
adding license file 'LICENSE'
writing manifest file '../../build/ep_camera/ep_camera.egg-info/SOURCES.txt'
running build
running build_py
running install
running install_lib
running install_data
running install_egg_info
removing '/home/omar/Desktop/ros_ws/install/ep_camera/lib/python3.10/site-packages/ep_camera-0.0.0-py3.10.egg-info' (and everything under it)
Copying ../../build/ep_camera/ep_camera.egg-info to /home/omar/Desktop/ros_ws/install/ep_camera/lib/python3.10/site-packages/ep_camera-0.0.0-py3.10.egg-info
running install_scripts
Installing camera_node script to /home/omar/Desktop/ros_ws/install/ep_camera/lib/ep_camera
writing list of installed files to '/home/omar/Desktop/ros_ws/build/ep_camera/install.log'
