[1.178s] Invoking command in '/home/omar/Desktop/ros_ws/src/ep_camera': PYTHONPATH=/home/omar/Desktop/ros_ws/build/ep_camera/prefix_override:/usr/lib/python3/dist-packages/colcon_core/task/python/colcon_distutils_commands:/home/omar/Desktop/ros_ws/install/ep_camera/lib/python3.10/site-packages:${PYTHONPATH} /usr/bin/python3 -W ignore:setup.py install is deprecated -W ignore:easy_install command is deprecated setup.py egg_info --egg-base ../../build/ep_camera build --build-base /home/omar/Desktop/ros_ws/build/ep_camera/build install --record /home/omar/Desktop/ros_ws/build/ep_camera/install.log --single-version-externally-managed install_data
[1.351s] running egg_info
[1.351s] writing ../../build/ep_camera/ep_camera.egg-info/PKG-INFO
[1.351s] writing dependency_links to ../../build/ep_camera/ep_camera.egg-info/dependency_links.txt
[1.352s] writing entry points to ../../build/ep_camera/ep_camera.egg-info/entry_points.txt
[1.352s] writing requirements to ../../build/ep_camera/ep_camera.egg-info/requires.txt
[1.352s] writing top-level names to ../../build/ep_camera/ep_camera.egg-info/top_level.txt
[1.353s] reading manifest file '../../build/ep_camera/ep_camera.egg-info/SOURCES.txt'
[1.358s] adding license file 'LICENSE'
[1.358s] writing manifest file '../../build/ep_camera/ep_camera.egg-info/SOURCES.txt'
[1.358s] running build
[1.359s] running build_py
[1.359s] running install
[1.359s] running install_lib
[1.361s] running install_data
[1.361s] running install_egg_info
[1.362s] removing '/home/omar/Desktop/ros_ws/install/ep_camera/lib/python3.10/site-packages/ep_camera-0.0.0-py3.10.egg-info' (and everything under it)
[1.366s] Copying ../../build/ep_camera/ep_camera.egg-info to /home/omar/Desktop/ros_ws/install/ep_camera/lib/python3.10/site-packages/ep_camera-0.0.0-py3.10.egg-info
[1.368s] running install_scripts
[1.380s] Installing camera_node script to /home/omar/Desktop/ros_ws/install/ep_camera/lib/ep_camera
[1.380s] writing list of installed files to '/home/omar/Desktop/ros_ws/build/ep_camera/install.log'
[1.405s] Invoked command in '/home/omar/Desktop/ros_ws/src/ep_camera' returned '0': PYTHONPATH=/home/omar/Desktop/ros_ws/build/ep_camera/prefix_override:/usr/lib/python3/dist-packages/colcon_core/task/python/colcon_distutils_commands:/home/omar/Desktop/ros_ws/install/ep_camera/lib/python3.10/site-packages:${PYTHONPATH} /usr/bin/python3 -W ignore:setup.py install is deprecated -W ignore:easy_install command is deprecated setup.py egg_info --egg-base ../../build/ep_camera build --build-base /home/omar/Desktop/ros_ws/build/ep_camera/build install --record /home/omar/Desktop/ros_ws/build/ep_camera/install.log --single-version-externally-managed install_data
