running egg_info
creating ../../build/ep_camera/ep_camera.egg-info
writing ../../build/ep_camera/ep_camera.egg-info/PKG-INFO
writing dependency_links to ../../build/ep_camera/ep_camera.egg-info/dependency_links.txt
writing entry points to ../../build/ep_camera/ep_camera.egg-info/entry_points.txt
writing requirements to ../../build/ep_camera/ep_camera.egg-info/requires.txt
writing top-level names to ../../build/ep_camera/ep_camera.egg-info/top_level.txt
writing manifest file '../../build/ep_camera/ep_camera.egg-info/SOURCES.txt'
reading manifest file '../../build/ep_camera/ep_camera.egg-info/SOURCES.txt'
adding license file 'LICENSE'
writing manifest file '../../build/ep_camera/ep_camera.egg-info/SOURCES.txt'
running build
running build_py
creating /home/omar/Desktop/ros_ws/build/ep_camera/build
creating /home/omar/Desktop/ros_ws/build/ep_camera/build/lib
creating /home/omar/Desktop/ros_ws/build/ep_camera/build/lib/ep_camera
copying ep_camera/camera_node.py -> /home/omar/Desktop/ros_ws/build/ep_camera/build/lib/ep_camera
copying ep_camera/__init__.py -> /home/omar/Desktop/ros_ws/build/ep_camera/build/lib/ep_camera
running install
running install_lib
creating /home/omar/Desktop/ros_ws/install/ep_camera/lib/python3.10/site-packages/ep_camera
copying /home/omar/Desktop/ros_ws/build/ep_camera/build/lib/ep_camera/camera_node.py -> /home/omar/Desktop/ros_ws/install/ep_camera/lib/python3.10/site-packages/ep_camera
copying /home/omar/Desktop/ros_ws/build/ep_camera/build/lib/ep_camera/__init__.py -> /home/omar/Desktop/ros_ws/install/ep_camera/lib/python3.10/site-packages/ep_camera
byte-compiling /home/omar/Desktop/ros_ws/install/ep_camera/lib/python3.10/site-packages/ep_camera/camera_node.py to camera_node.cpython-310.pyc
byte-compiling /home/omar/Desktop/ros_ws/install/ep_camera/lib/python3.10/site-packages/ep_camera/__init__.py to __init__.cpython-310.pyc
running install_data
creating /home/omar/Desktop/ros_ws/install/ep_camera/share/ament_index
creating /home/omar/Desktop/ros_ws/install/ep_camera/share/ament_index/resource_index
creating /home/omar/Desktop/ros_ws/install/ep_camera/share/ament_index/resource_index/packages
copying resource/ep_camera -> /home/omar/Desktop/ros_ws/install/ep_camera/share/ament_index/resource_index/packages
copying package.xml -> /home/omar/Desktop/ros_ws/install/ep_camera/share/ep_camera
running install_egg_info
Copying ../../build/ep_camera/ep_camera.egg-info to /home/omar/Desktop/ros_ws/install/ep_camera/lib/python3.10/site-packages/ep_camera-0.0.0-py3.10.egg-info
running install_scripts
Installing camera_node script to /home/omar/Desktop/ros_ws/install/ep_camera/lib/ep_camera
writing list of installed files to '/home/omar/Desktop/ros_ws/build/ep_camera/install.log'
