[0.532s] Invoking command in '/home/omar/Desktop/ros_ws/src/ep_camera': PYTHONPATH=/home/omar/Desktop/ros_ws/build/ep_camera/prefix_override:/usr/lib/python3/dist-packages/colcon_core/task/python/colcon_distutils_commands:/home/omar/Desktop/ros_ws/install/ep_camera/lib/python3.10/site-packages:${PYTHONPATH} /usr/bin/python3 -W ignore:setup.py install is deprecated -W ignore:easy_install command is deprecated setup.py egg_info --egg-base ../../build/ep_camera build --build-base /home/omar/Desktop/ros_ws/build/ep_camera/build install --record /home/omar/Desktop/ros_ws/build/ep_camera/install.log --single-version-externally-managed install_data
[0.682s] running egg_info
[0.682s] creating ../../build/ep_camera/ep_camera.egg-info
[0.682s] writing ../../build/ep_camera/ep_camera.egg-info/PKG-INFO
[0.683s] writing dependency_links to ../../build/ep_camera/ep_camera.egg-info/dependency_links.txt
[0.683s] writing entry points to ../../build/ep_camera/ep_camera.egg-info/entry_points.txt
[0.683s] writing requirements to ../../build/ep_camera/ep_camera.egg-info/requires.txt
[0.683s] writing top-level names to ../../build/ep_camera/ep_camera.egg-info/top_level.txt
[0.683s] writing manifest file '../../build/ep_camera/ep_camera.egg-info/SOURCES.txt'
[0.684s] reading manifest file '../../build/ep_camera/ep_camera.egg-info/SOURCES.txt'
[0.684s] adding license file 'LICENSE'
[0.684s] writing manifest file '../../build/ep_camera/ep_camera.egg-info/SOURCES.txt'
[0.684s] running build
[0.684s] running build_py
[0.684s] creating /home/omar/Desktop/ros_ws/build/ep_camera/build
[0.684s] creating /home/omar/Desktop/ros_ws/build/ep_camera/build/lib
[0.684s] creating /home/omar/Desktop/ros_ws/build/ep_camera/build/lib/ep_camera
[0.685s] copying ep_camera/camera_node.py -> /home/omar/Desktop/ros_ws/build/ep_camera/build/lib/ep_camera
[0.685s] copying ep_camera/__init__.py -> /home/omar/Desktop/ros_ws/build/ep_camera/build/lib/ep_camera
[0.685s] running install
[0.685s] running install_lib
[0.685s] creating /home/omar/Desktop/ros_ws/install/ep_camera/lib/python3.10/site-packages/ep_camera
[0.685s] copying /home/omar/Desktop/ros_ws/build/ep_camera/build/lib/ep_camera/camera_node.py -> /home/omar/Desktop/ros_ws/install/ep_camera/lib/python3.10/site-packages/ep_camera
[0.685s] copying /home/omar/Desktop/ros_ws/build/ep_camera/build/lib/ep_camera/__init__.py -> /home/omar/Desktop/ros_ws/install/ep_camera/lib/python3.10/site-packages/ep_camera
[0.685s] byte-compiling /home/omar/Desktop/ros_ws/install/ep_camera/lib/python3.10/site-packages/ep_camera/camera_node.py to camera_node.cpython-310.pyc
[0.686s] byte-compiling /home/omar/Desktop/ros_ws/install/ep_camera/lib/python3.10/site-packages/ep_camera/__init__.py to __init__.cpython-310.pyc
[0.686s] running install_data
[0.686s] creating /home/omar/Desktop/ros_ws/install/ep_camera/share/ament_index
[0.686s] creating /home/omar/Desktop/ros_ws/install/ep_camera/share/ament_index/resource_index
[0.686s] creating /home/omar/Desktop/ros_ws/install/ep_camera/share/ament_index/resource_index/packages
[0.686s] copying resource/ep_camera -> /home/omar/Desktop/ros_ws/install/ep_camera/share/ament_index/resource_index/packages
[0.686s] copying package.xml -> /home/omar/Desktop/ros_ws/install/ep_camera/share/ep_camera
[0.686s] running install_egg_info
[0.687s] Copying ../../build/ep_camera/ep_camera.egg-info to /home/omar/Desktop/ros_ws/install/ep_camera/lib/python3.10/site-packages/ep_camera-0.0.0-py3.10.egg-info
[0.687s] running install_scripts
[0.698s] Installing camera_node script to /home/omar/Desktop/ros_ws/install/ep_camera/lib/ep_camera
[0.698s] writing list of installed files to '/home/omar/Desktop/ros_ws/build/ep_camera/install.log'
[0.718s] Invoked command in '/home/omar/Desktop/ros_ws/src/ep_camera' returned '0': PYTHONPATH=/home/omar/Desktop/ros_ws/build/ep_camera/prefix_override:/usr/lib/python3/dist-packages/colcon_core/task/python/colcon_distutils_commands:/home/omar/Desktop/ros_ws/install/ep_camera/lib/python3.10/site-packages:${PYTHONPATH} /usr/bin/python3 -W ignore:setup.py install is deprecated -W ignore:easy_install command is deprecated setup.py egg_info --egg-base ../../build/ep_camera build --build-base /home/omar/Desktop/ros_ws/build/ep_camera/build install --record /home/omar/Desktop/ros_ws/build/ep_camera/install.log --single-version-externally-managed install_data
