[0.478s] Invoking command in '/home/omar/Desktop/ros_ws/build/perception_interfaces': CMAKE_PREFIX_PATH=${CMAKE_PREFIX_PATH}:/home/omar/Desktop/ros_ws/install/perception:/home/omar/Desktop/ros_ws/install/ep_camera:/opt/ros/humble /usr/bin/cmake --build /home/omar/Desktop/ros_ws/build/perception_interfaces -- -j4 -l4
[0.657s] [  3%] Built target perception_interfaces__cpp
[0.679s] [  3%] Built target ament_cmake_python_copy_perception_interfaces
[0.709s] [ 12%] Built target perception_interfaces__rosidl_typesupport_fastrtps_cpp
[0.733s] [ 22%] Built target perception_interfaces__rosidl_generator_c
[0.831s] [ 32%] Built target perception_interfaces__rosidl_typesupport_cpp
[0.832s] [ 41%] Built target perception_interfaces__rosidl_typesupport_introspection_cpp
[0.841s] [ 51%] Built target perception_interfaces__rosidl_typesupport_fastrtps_c
[0.902s] [ 61%] Built target perception_interfaces__rosidl_typesupport_introspection_c
[0.924s] [ 70%] Built target perception_interfaces__rosidl_typesupport_c
[0.965s] running egg_info
[0.965s] writing perception_interfaces.egg-info/PKG-INFO
[0.965s] writing dependency_links to perception_interfaces.egg-info/dependency_links.txt
[0.966s] writing top-level names to perception_interfaces.egg-info/top_level.txt
[0.967s] reading manifest file 'perception_interfaces.egg-info/SOURCES.txt'
[0.970s] writing manifest file 'perception_interfaces.egg-info/SOURCES.txt'
[0.995s] [ 70%] Built target perception_interfaces
[0.995s] [ 70%] Built target ament_cmake_python_build_perception_interfaces_egg
[1.005s] [ 74%] Built target perception_interfaces__py
[1.027s] [ 80%] Built target perception_interfaces__rosidl_generator_py
[1.067s] [ 87%] Built target perception_interfaces__rosidl_typesupport_fastrtps_c__pyext
[1.075s] [ 93%] Built target perception_interfaces__rosidl_typesupport_introspection_c__pyext
[1.087s] [100%] Built target perception_interfaces__rosidl_typesupport_c__pyext
[1.104s] Invoked command in '/home/omar/Desktop/ros_ws/build/perception_interfaces' returned '0': CMAKE_PREFIX_PATH=${CMAKE_PREFIX_PATH}:/home/omar/Desktop/ros_ws/install/perception:/home/omar/Desktop/ros_ws/install/ep_camera:/opt/ros/humble /usr/bin/cmake --build /home/omar/Desktop/ros_ws/build/perception_interfaces -- -j4 -l4
[1.115s] Invoking command in '/home/omar/Desktop/ros_ws/build/perception_interfaces': CMAKE_PREFIX_PATH=${CMAKE_PREFIX_PATH}:/home/omar/Desktop/ros_ws/install/perception:/home/omar/Desktop/ros_ws/install/ep_camera:/opt/ros/humble /usr/bin/cmake --install /home/omar/Desktop/ros_ws/build/perception_interfaces
[1.121s] -- Install configuration: ""
[1.122s] -- Up-to-date: /home/omar/Desktop/ros_ws/install/perception_interfaces/share/ament_index/resource_index/rosidl_interfaces/perception_interfaces
[1.122s] -- Up-to-date: /home/omar/Desktop/ros_ws/install/perception_interfaces/include/perception_interfaces/perception_interfaces
[1.122s] -- Up-to-date: /home/omar/Desktop/ros_ws/install/perception_interfaces/include/perception_interfaces/perception_interfaces/msg
[1.122s] -- Up-to-date: /home/omar/Desktop/ros_ws/install/perception_interfaces/include/perception_interfaces/perception_interfaces/msg/detail
[1.122s] -- Up-to-date: /home/omar/Desktop/ros_ws/install/perception_interfaces/include/perception_interfaces/perception_interfaces/msg/detail/block_detection__functions.c
[1.123s] -- Up-to-date: /home/omar/Desktop/ros_ws/install/perception_interfaces/include/perception_interfaces/perception_interfaces/msg/detail/block_detection__struct.h
[1.123s] -- Up-to-date: /home/omar/Desktop/ros_ws/install/perception_interfaces/include/perception_interfaces/perception_interfaces/msg/detail/block_detection__type_support.h
[1.123s] -- Up-to-date: /home/omar/Desktop/ros_ws/install/perception_interfaces/include/perception_interfaces/perception_interfaces/msg/detail/block_detection__functions.h
[1.123s] -- Up-to-date: /home/omar/Desktop/ros_ws/install/perception_interfaces/include/perception_interfaces/perception_interfaces/msg/block_detection.h
[1.123s] -- Up-to-date: /home/omar/Desktop/ros_ws/install/perception_interfaces/include/perception_interfaces/perception_interfaces/msg/rosidl_generator_c__visibility_control.h
[1.123s] -- Up-to-date: /home/omar/Desktop/ros_ws/install/perception_interfaces/share/perception_interfaces/environment/library_path.sh
[1.123s] -- Up-to-date: /home/omar/Desktop/ros_ws/install/perception_interfaces/share/perception_interfaces/environment/library_path.dsv
[1.123s] -- Up-to-date: /home/omar/Desktop/ros_ws/install/perception_interfaces/lib/libperception_interfaces__rosidl_generator_c.so
[1.123s] -- Up-to-date: /home/omar/Desktop/ros_ws/install/perception_interfaces/include/perception_interfaces/perception_interfaces
[1.123s] -- Up-to-date: /home/omar/Desktop/ros_ws/install/perception_interfaces/include/perception_interfaces/perception_interfaces/msg
[1.123s] -- Up-to-date: /home/omar/Desktop/ros_ws/install/perception_interfaces/include/perception_interfaces/perception_interfaces/msg/rosidl_typesupport_fastrtps_c__visibility_control.h
[1.123s] -- Up-to-date: /home/omar/Desktop/ros_ws/install/perception_interfaces/include/perception_interfaces/perception_interfaces/msg/detail
[1.123s] -- Up-to-date: /home/omar/Desktop/ros_ws/install/perception_interfaces/include/perception_interfaces/perception_interfaces/msg/detail/block_detection__rosidl_typesupport_fastrtps_c.h
[1.123s] -- Up-to-date: /home/omar/Desktop/ros_ws/install/perception_interfaces/lib/libperception_interfaces__rosidl_typesupport_fastrtps_c.so
[1.123s] -- Up-to-date: /home/omar/Desktop/ros_ws/install/perception_interfaces/include/perception_interfaces/perception_interfaces
[1.123s] -- Up-to-date: /home/omar/Desktop/ros_ws/install/perception_interfaces/include/perception_interfaces/perception_interfaces/msg
[1.123s] -- Up-to-date: /home/omar/Desktop/ros_ws/install/perception_interfaces/include/perception_interfaces/perception_interfaces/msg/detail
[1.123s] -- Up-to-date: /home/omar/Desktop/ros_ws/install/perception_interfaces/include/perception_interfaces/perception_interfaces/msg/detail/block_detection__type_support.c
[1.123s] -- Up-to-date: /home/omar/Desktop/ros_ws/install/perception_interfaces/include/perception_interfaces/perception_interfaces/msg/detail/block_detection__rosidl_typesupport_introspection_c.h
[1.123s] -- Up-to-date: /home/omar/Desktop/ros_ws/install/perception_interfaces/include/perception_interfaces/perception_interfaces/msg/rosidl_typesupport_introspection_c__visibility_control.h
[1.123s] -- Up-to-date: /home/omar/Desktop/ros_ws/install/perception_interfaces/lib/libperception_interfaces__rosidl_typesupport_introspection_c.so
[1.124s] -- Up-to-date: /home/omar/Desktop/ros_ws/install/perception_interfaces/lib/libperception_interfaces__rosidl_typesupport_c.so
[1.124s] -- Up-to-date: /home/omar/Desktop/ros_ws/install/perception_interfaces/include/perception_interfaces/perception_interfaces
[1.124s] -- Up-to-date: /home/omar/Desktop/ros_ws/install/perception_interfaces/include/perception_interfaces/perception_interfaces/msg
[1.124s] -- Up-to-date: /home/omar/Desktop/ros_ws/install/perception_interfaces/include/perception_interfaces/perception_interfaces/msg/detail
[1.124s] -- Up-to-date: /home/omar/Desktop/ros_ws/install/perception_interfaces/include/perception_interfaces/perception_interfaces/msg/detail/block_detection__struct.hpp
[1.124s] -- Up-to-date: /home/omar/Desktop/ros_ws/install/perception_interfaces/include/perception_interfaces/perception_interfaces/msg/detail/block_detection__type_support.hpp
[1.124s] -- Up-to-date: /home/omar/Desktop/ros_ws/install/perception_interfaces/include/perception_interfaces/perception_interfaces/msg/detail/block_detection__traits.hpp
[1.124s] -- Up-to-date: /home/omar/Desktop/ros_ws/install/perception_interfaces/include/perception_interfaces/perception_interfaces/msg/detail/block_detection__builder.hpp
[1.124s] -- Up-to-date: /home/omar/Desktop/ros_ws/install/perception_interfaces/include/perception_interfaces/perception_interfaces/msg/rosidl_generator_cpp__visibility_control.hpp
[1.124s] -- Up-to-date: /home/omar/Desktop/ros_ws/install/perception_interfaces/include/perception_interfaces/perception_interfaces/msg/block_detection.hpp
[1.124s] -- Up-to-date: /home/omar/Desktop/ros_ws/install/perception_interfaces/include/perception_interfaces/perception_interfaces
[1.124s] -- Up-to-date: /home/omar/Desktop/ros_ws/install/perception_interfaces/include/perception_interfaces/perception_interfaces/msg
[1.124s] -- Up-to-date: /home/omar/Desktop/ros_ws/install/perception_interfaces/include/perception_interfaces/perception_interfaces/msg/rosidl_typesupport_fastrtps_cpp__visibility_control.h
[1.124s] -- Up-to-date: /home/omar/Desktop/ros_ws/install/perception_interfaces/include/perception_interfaces/perception_interfaces/msg/detail
[1.124s] -- Up-to-date: /home/omar/Desktop/ros_ws/install/perception_interfaces/include/perception_interfaces/perception_interfaces/msg/detail/block_detection__rosidl_typesupport_fastrtps_cpp.hpp
[1.124s] -- Up-to-date: /home/omar/Desktop/ros_ws/install/perception_interfaces/include/perception_interfaces/perception_interfaces/msg/detail/dds_fastrtps
[1.124s] -- Up-to-date: /home/omar/Desktop/ros_ws/install/perception_interfaces/lib/libperception_interfaces__rosidl_typesupport_fastrtps_cpp.so
[1.124s] -- Up-to-date: /home/omar/Desktop/ros_ws/install/perception_interfaces/include/perception_interfaces/perception_interfaces
[1.124s] -- Up-to-date: /home/omar/Desktop/ros_ws/install/perception_interfaces/include/perception_interfaces/perception_interfaces/msg
[1.124s] -- Up-to-date: /home/omar/Desktop/ros_ws/install/perception_interfaces/include/perception_interfaces/perception_interfaces/msg/detail
[1.124s] -- Up-to-date: /home/omar/Desktop/ros_ws/install/perception_interfaces/include/perception_interfaces/perception_interfaces/msg/detail/block_detection__type_support.cpp
[1.124s] -- Up-to-date: /home/omar/Desktop/ros_ws/install/perception_interfaces/include/perception_interfaces/perception_interfaces/msg/detail/block_detection__rosidl_typesupport_introspection_cpp.hpp
[1.124s] -- Up-to-date: /home/omar/Desktop/ros_ws/install/perception_interfaces/lib/libperception_interfaces__rosidl_typesupport_introspection_cpp.so
[1.124s] -- Up-to-date: /home/omar/Desktop/ros_ws/install/perception_interfaces/lib/libperception_interfaces__rosidl_typesupport_cpp.so
[1.124s] -- Up-to-date: /home/omar/Desktop/ros_ws/install/perception_interfaces/share/perception_interfaces/environment/pythonpath.sh
[1.124s] -- Up-to-date: /home/omar/Desktop/ros_ws/install/perception_interfaces/share/perception_interfaces/environment/pythonpath.dsv
[1.124s] -- Up-to-date: /home/omar/Desktop/ros_ws/install/perception_interfaces/local/lib/python3.10/dist-packages/perception_interfaces-0.0.0-py3.10.egg-info
[1.124s] -- Installing: /home/omar/Desktop/ros_ws/install/perception_interfaces/local/lib/python3.10/dist-packages/perception_interfaces-0.0.0-py3.10.egg-info/dependency_links.txt
[1.125s] -- Installing: /home/omar/Desktop/ros_ws/install/perception_interfaces/local/lib/python3.10/dist-packages/perception_interfaces-0.0.0-py3.10.egg-info/PKG-INFO
[1.125s] -- Installing: /home/omar/Desktop/ros_ws/install/perception_interfaces/local/lib/python3.10/dist-packages/perception_interfaces-0.0.0-py3.10.egg-info/SOURCES.txt
[1.125s] -- Installing: /home/omar/Desktop/ros_ws/install/perception_interfaces/local/lib/python3.10/dist-packages/perception_interfaces-0.0.0-py3.10.egg-info/top_level.txt
[1.125s] -- Up-to-date: /home/omar/Desktop/ros_ws/install/perception_interfaces/local/lib/python3.10/dist-packages/perception_interfaces
[1.125s] -- Up-to-date: /home/omar/Desktop/ros_ws/install/perception_interfaces/local/lib/python3.10/dist-packages/perception_interfaces/perception_interfaces_s__rosidl_typesupport_fastrtps_c.cpython-310-aarch64-linux-gnu.so
[1.125s] -- Up-to-date: /home/omar/Desktop/ros_ws/install/perception_interfaces/local/lib/python3.10/dist-packages/perception_interfaces/_perception_interfaces_s.ep.rosidl_typesupport_fastrtps_c.c
[1.125s] -- Up-to-date: /home/omar/Desktop/ros_ws/install/perception_interfaces/local/lib/python3.10/dist-packages/perception_interfaces/libperception_interfaces__rosidl_generator_py.so
[1.125s] -- Up-to-date: /home/omar/Desktop/ros_ws/install/perception_interfaces/local/lib/python3.10/dist-packages/perception_interfaces/__init__.py
[1.125s] -- Up-to-date: /home/omar/Desktop/ros_ws/install/perception_interfaces/local/lib/python3.10/dist-packages/perception_interfaces/perception_interfaces_s__rosidl_typesupport_c.cpython-310-aarch64-linux-gnu.so
[1.125s] -- Up-to-date: /home/omar/Desktop/ros_ws/install/perception_interfaces/local/lib/python3.10/dist-packages/perception_interfaces/perception_interfaces_s__rosidl_typesupport_introspection_c.cpython-310-aarch64-linux-gnu.so
[1.125s] -- Up-to-date: /home/omar/Desktop/ros_ws/install/perception_interfaces/local/lib/python3.10/dist-packages/perception_interfaces/_perception_interfaces_s.ep.rosidl_typesupport_introspection_c.c
[1.125s] -- Up-to-date: /home/omar/Desktop/ros_ws/install/perception_interfaces/local/lib/python3.10/dist-packages/perception_interfaces/msg
[1.125s] -- Up-to-date: /home/omar/Desktop/ros_ws/install/perception_interfaces/local/lib/python3.10/dist-packages/perception_interfaces/msg/_block_detection_s.c
[1.125s] -- Up-to-date: /home/omar/Desktop/ros_ws/install/perception_interfaces/local/lib/python3.10/dist-packages/perception_interfaces/msg/__init__.py
[1.125s] -- Up-to-date: /home/omar/Desktop/ros_ws/install/perception_interfaces/local/lib/python3.10/dist-packages/perception_interfaces/msg/_block_detection.py
[1.125s] -- Up-to-date: /home/omar/Desktop/ros_ws/install/perception_interfaces/local/lib/python3.10/dist-packages/perception_interfaces/_perception_interfaces_s.ep.rosidl_typesupport_c.c
[1.181s] Listing '/home/omar/Desktop/ros_ws/install/perception_interfaces/local/lib/python3.10/dist-packages/perception_interfaces'...
[1.181s] Listing '/home/omar/Desktop/ros_ws/install/perception_interfaces/local/lib/python3.10/dist-packages/perception_interfaces/msg'...
[1.183s] -- Up-to-date: /home/omar/Desktop/ros_ws/install/perception_interfaces/local/lib/python3.10/dist-packages/perception_interfaces/perception_interfaces_s__rosidl_typesupport_fastrtps_c.cpython-310-aarch64-linux-gnu.so
[1.184s] -- Up-to-date: /home/omar/Desktop/ros_ws/install/perception_interfaces/local/lib/python3.10/dist-packages/perception_interfaces/perception_interfaces_s__rosidl_typesupport_introspection_c.cpython-310-aarch64-linux-gnu.so
[1.184s] -- Up-to-date: /home/omar/Desktop/ros_ws/install/perception_interfaces/local/lib/python3.10/dist-packages/perception_interfaces/perception_interfaces_s__rosidl_typesupport_c.cpython-310-aarch64-linux-gnu.so
[1.185s] -- Up-to-date: /home/omar/Desktop/ros_ws/install/perception_interfaces/lib/libperception_interfaces__rosidl_generator_py.so
[1.185s] -- Up-to-date: /home/omar/Desktop/ros_ws/install/perception_interfaces/share/perception_interfaces/msg/BlockDetection.idl
[1.185s] -- Up-to-date: /home/omar/Desktop/ros_ws/install/perception_interfaces/share/perception_interfaces/msg/BlockDetection.msg
[1.186s] -- Up-to-date: /home/omar/Desktop/ros_ws/install/perception_interfaces/share/ament_index/resource_index/package_run_dependencies/perception_interfaces
[1.186s] -- Up-to-date: /home/omar/Desktop/ros_ws/install/perception_interfaces/share/ament_index/resource_index/parent_prefix_path/perception_interfaces
[1.186s] -- Up-to-date: /home/omar/Desktop/ros_ws/install/perception_interfaces/share/perception_interfaces/environment/ament_prefix_path.sh
[1.186s] -- Up-to-date: /home/omar/Desktop/ros_ws/install/perception_interfaces/share/perception_interfaces/environment/ament_prefix_path.dsv
[1.186s] -- Up-to-date: /home/omar/Desktop/ros_ws/install/perception_interfaces/share/perception_interfaces/environment/path.sh
[1.186s] -- Up-to-date: /home/omar/Desktop/ros_ws/install/perception_interfaces/share/perception_interfaces/environment/path.dsv
[1.186s] -- Up-to-date: /home/omar/Desktop/ros_ws/install/perception_interfaces/share/perception_interfaces/local_setup.bash
[1.186s] -- Up-to-date: /home/omar/Desktop/ros_ws/install/perception_interfaces/share/perception_interfaces/local_setup.sh
[1.188s] -- Up-to-date: /home/omar/Desktop/ros_ws/install/perception_interfaces/share/perception_interfaces/local_setup.zsh
[1.188s] -- Up-to-date: /home/omar/Desktop/ros_ws/install/perception_interfaces/share/perception_interfaces/local_setup.dsv
[1.188s] -- Installing: /home/omar/Desktop/ros_ws/install/perception_interfaces/share/perception_interfaces/package.dsv
[1.188s] -- Up-to-date: /home/omar/Desktop/ros_ws/install/perception_interfaces/share/ament_index/resource_index/packages/perception_interfaces
[1.189s] -- Up-to-date: /home/omar/Desktop/ros_ws/install/perception_interfaces/share/perception_interfaces/cmake/export_perception_interfaces__rosidl_generator_cExport.cmake
[1.189s] -- Up-to-date: /home/omar/Desktop/ros_ws/install/perception_interfaces/share/perception_interfaces/cmake/export_perception_interfaces__rosidl_generator_cExport-noconfig.cmake
[1.190s] -- Up-to-date: /home/omar/Desktop/ros_ws/install/perception_interfaces/share/perception_interfaces/cmake/export_perception_interfaces__rosidl_typesupport_fastrtps_cExport.cmake
[1.190s] -- Up-to-date: /home/omar/Desktop/ros_ws/install/perception_interfaces/share/perception_interfaces/cmake/export_perception_interfaces__rosidl_typesupport_fastrtps_cExport-noconfig.cmake
[1.191s] -- Up-to-date: /home/omar/Desktop/ros_ws/install/perception_interfaces/share/perception_interfaces/cmake/perception_interfaces__rosidl_typesupport_introspection_cExport.cmake
[1.191s] -- Up-to-date: /home/omar/Desktop/ros_ws/install/perception_interfaces/share/perception_interfaces/cmake/perception_interfaces__rosidl_typesupport_introspection_cExport-noconfig.cmake
[1.192s] -- Up-to-date: /home/omar/Desktop/ros_ws/install/perception_interfaces/share/perception_interfaces/cmake/perception_interfaces__rosidl_typesupport_cExport.cmake
[1.192s] -- Up-to-date: /home/omar/Desktop/ros_ws/install/perception_interfaces/share/perception_interfaces/cmake/perception_interfaces__rosidl_typesupport_cExport-noconfig.cmake
[1.192s] -- Up-to-date: /home/omar/Desktop/ros_ws/install/perception_interfaces/share/perception_interfaces/cmake/export_perception_interfaces__rosidl_generator_cppExport.cmake
[1.193s] -- Up-to-date: /home/omar/Desktop/ros_ws/install/perception_interfaces/share/perception_interfaces/cmake/export_perception_interfaces__rosidl_typesupport_fastrtps_cppExport.cmake
[1.193s] -- Up-to-date: /home/omar/Desktop/ros_ws/install/perception_interfaces/share/perception_interfaces/cmake/export_perception_interfaces__rosidl_typesupport_fastrtps_cppExport-noconfig.cmake
[1.193s] -- Up-to-date: /home/omar/Desktop/ros_ws/install/perception_interfaces/share/perception_interfaces/cmake/perception_interfaces__rosidl_typesupport_introspection_cppExport.cmake
[1.193s] -- Up-to-date: /home/omar/Desktop/ros_ws/install/perception_interfaces/share/perception_interfaces/cmake/perception_interfaces__rosidl_typesupport_introspection_cppExport-noconfig.cmake
[1.194s] -- Up-to-date: /home/omar/Desktop/ros_ws/install/perception_interfaces/share/perception_interfaces/cmake/perception_interfaces__rosidl_typesupport_cppExport.cmake
[1.194s] -- Up-to-date: /home/omar/Desktop/ros_ws/install/perception_interfaces/share/perception_interfaces/cmake/perception_interfaces__rosidl_typesupport_cppExport-noconfig.cmake
[1.195s] -- Up-to-date: /home/omar/Desktop/ros_ws/install/perception_interfaces/share/perception_interfaces/cmake/export_perception_interfaces__rosidl_generator_pyExport.cmake
[1.195s] -- Up-to-date: /home/omar/Desktop/ros_ws/install/perception_interfaces/share/perception_interfaces/cmake/export_perception_interfaces__rosidl_generator_pyExport-noconfig.cmake
[1.195s] -- Up-to-date: /home/omar/Desktop/ros_ws/install/perception_interfaces/share/perception_interfaces/cmake/rosidl_cmake-extras.cmake
[1.195s] -- Up-to-date: /home/omar/Desktop/ros_ws/install/perception_interfaces/share/perception_interfaces/cmake/ament_cmake_export_include_directories-extras.cmake
[1.195s] -- Up-to-date: /home/omar/Desktop/ros_ws/install/perception_interfaces/share/perception_interfaces/cmake/ament_cmake_export_libraries-extras.cmake
[1.195s] -- Up-to-date: /home/omar/Desktop/ros_ws/install/perception_interfaces/share/perception_interfaces/cmake/ament_cmake_export_targets-extras.cmake
[1.195s] -- Up-to-date: /home/omar/Desktop/ros_ws/install/perception_interfaces/share/perception_interfaces/cmake/rosidl_cmake_export_typesupport_targets-extras.cmake
[1.195s] -- Up-to-date: /home/omar/Desktop/ros_ws/install/perception_interfaces/share/perception_interfaces/cmake/ament_cmake_export_dependencies-extras.cmake
[1.195s] -- Up-to-date: /home/omar/Desktop/ros_ws/install/perception_interfaces/share/perception_interfaces/cmake/rosidl_cmake_export_typesupport_libraries-extras.cmake
[1.195s] -- Up-to-date: /home/omar/Desktop/ros_ws/install/perception_interfaces/share/perception_interfaces/cmake/perception_interfacesConfig.cmake
[1.195s] -- Up-to-date: /home/omar/Desktop/ros_ws/install/perception_interfaces/share/perception_interfaces/cmake/perception_interfacesConfig-version.cmake
[1.195s] -- Up-to-date: /home/omar/Desktop/ros_ws/install/perception_interfaces/share/perception_interfaces/package.xml
[1.197s] Invoked command in '/home/omar/Desktop/ros_ws/build/perception_interfaces' returned '0': CMAKE_PREFIX_PATH=${CMAKE_PREFIX_PATH}:/home/omar/Desktop/ros_ws/install/perception:/home/omar/Desktop/ros_ws/install/ep_camera:/opt/ros/humble /usr/bin/cmake --install /home/omar/Desktop/ros_ws/build/perception_interfaces
