[2.064s] Invoking command in '/home/omar/Desktop/ros_ws/src/perception': PYTHONPATH=/home/omar/Desktop/ros_ws/build/perception/prefix_override:/usr/lib/python3/dist-packages/colcon_core/task/python/colcon_distutils_commands:/home/omar/Desktop/ros_ws/install/perception/lib/python3.10/site-packages:${PYTHONPATH} /usr/bin/python3 -W ignore:setup.py install is deprecated -W ignore:easy_install command is deprecated setup.py egg_info --egg-base ../../build/perception build --build-base /home/omar/Desktop/ros_ws/build/perception/build install --record /home/omar/Desktop/ros_ws/build/perception/install.log --single-version-externally-managed install_data
[2.984s] running egg_info
[2.988s] creating ../../build/perception/perception.egg-info
[2.989s] writing ../../build/perception/perception.egg-info/PKG-INFO
[2.990s] writing dependency_links to ../../build/perception/perception.egg-info/dependency_links.txt
[2.990s] writing entry points to ../../build/perception/perception.egg-info/entry_points.txt
[2.990s] writing requirements to ../../build/perception/perception.egg-info/requires.txt
[2.990s] writing top-level names to ../../build/perception/perception.egg-info/top_level.txt
[2.990s] writing manifest file '../../build/perception/perception.egg-info/SOURCES.txt'
[2.996s] reading manifest file '../../build/perception/perception.egg-info/SOURCES.txt'
[2.997s] writing manifest file '../../build/perception/perception.egg-info/SOURCES.txt'
[2.997s] running build
[2.997s] running build_py
[2.997s] creating /home/omar/Desktop/ros_ws/build/perception/build
[2.997s] creating /home/omar/Desktop/ros_ws/build/perception/build/lib
[2.997s] creating /home/omar/Desktop/ros_ws/build/perception/build/lib/perception
[2.997s] copying perception/__init__.py -> /home/omar/Desktop/ros_ws/build/perception/build/lib/perception
[2.997s] running install
[2.998s] running install_lib
[2.999s] creating /home/omar/Desktop/ros_ws/install/perception/lib/python3.10/site-packages/perception
[2.999s] copying /home/omar/Desktop/ros_ws/build/perception/build/lib/perception/__init__.py -> /home/omar/Desktop/ros_ws/install/perception/lib/python3.10/site-packages/perception
[3.004s] byte-compiling /home/omar/Desktop/ros_ws/install/perception/lib/python3.10/site-packages/perception/__init__.py to __init__.cpython-310.pyc
[3.004s] running install_data
[3.005s] creating /home/omar/Desktop/ros_ws/install/perception/share/ament_index
[3.005s] creating /home/omar/Desktop/ros_ws/install/perception/share/ament_index/resource_index
[3.005s] creating /home/omar/Desktop/ros_ws/install/perception/share/ament_index/resource_index/packages
[3.005s] copying resource/perception -> /home/omar/Desktop/ros_ws/install/perception/share/ament_index/resource_index/packages
[3.005s] copying package.xml -> /home/omar/Desktop/ros_ws/install/perception/share/perception
[3.005s] running install_egg_info
[3.012s] Copying ../../build/perception/perception.egg-info to /home/omar/Desktop/ros_ws/install/perception/lib/python3.10/site-packages/perception-0.0.0-py3.10.egg-info
[3.012s] running install_scripts
[3.144s] Installing detection_node script to /home/omar/Desktop/ros_ws/install/perception/lib/perception
[3.144s] writing list of installed files to '/home/omar/Desktop/ros_ws/build/perception/install.log'
[3.185s] Invoked command in '/home/omar/Desktop/ros_ws/src/perception' returned '0': PYTHONPATH=/home/omar/Desktop/ros_ws/build/perception/prefix_override:/usr/lib/python3/dist-packages/colcon_core/task/python/colcon_distutils_commands:/home/omar/Desktop/ros_ws/install/perception/lib/python3.10/site-packages:${PYTHONPATH} /usr/bin/python3 -W ignore:setup.py install is deprecated -W ignore:easy_install command is deprecated setup.py egg_info --egg-base ../../build/perception build --build-base /home/omar/Desktop/ros_ws/build/perception/build install --record /home/omar/Desktop/ros_ws/build/perception/install.log --single-version-externally-managed install_data
