[0.251s] Invoking command in '/home/omar/Desktop/ros_ws/build/perception_interfaces': CMAKE_PREFIX_PATH=${CMAKE_PREFIX_PATH}:/home/omar/Desktop/ros_ws/install/perception:/opt/ros/humble /usr/bin/cmake --build /home/omar/Desktop/ros_ws/build/perception_interfaces -- -j4 -l4
[0.286s] [35m[1mConsolidate compiler generated dependencies of target perception_interfaces__rosidl_generator_c[0m
[0.286s] [  3%] Built target perception_interfaces__cpp
[0.292s] [35m[1mConsolidate compiler generated dependencies of target perception_interfaces__rosidl_typesupport_fastrtps_cpp[0m
[0.298s] [ 16%] Built target perception_interfaces__rosidl_generator_c
[0.299s] [ 22%] Built target perception_interfaces__rosidl_typesupport_fastrtps_cpp
[0.302s] [35m[1mConsolidate compiler generated dependencies of target perception_interfaces__rosidl_typesupport_cpp[0m
[0.308s] [ 32%] Built target perception_interfaces__rosidl_typesupport_cpp
[0.310s] [35m[1mConsolidate compiler generated dependencies of target perception_interfaces__rosidl_typesupport_introspection_cpp[0m
[0.313s] [35m[1mConsolidate compiler generated dependencies of target perception_interfaces__rosidl_typesupport_fastrtps_c[0m
[0.315s] [35m[1mConsolidate compiler generated dependencies of target perception_interfaces__rosidl_typesupport_introspection_c[0m
[0.319s] [ 41%] Built target perception_interfaces__rosidl_typesupport_fastrtps_c
[0.319s] [ 51%] Built target perception_interfaces__rosidl_typesupport_introspection_cpp
[0.326s] [ 51%] Built target ament_cmake_python_copy_perception_interfaces
[0.330s] [35m[1mConsolidate compiler generated dependencies of target perception_interfaces__rosidl_typesupport_c[0m
[0.332s] [ 61%] Built target perception_interfaces__rosidl_typesupport_introspection_c
[0.338s] [ 70%] Built target perception_interfaces__rosidl_typesupport_c
[0.347s] [ 70%] Built target perception_interfaces
[0.356s] [ 74%] Built target perception_interfaces__py
[0.360s] [35m[1mConsolidate compiler generated dependencies of target perception_interfaces__rosidl_generator_py[0m
[0.373s] [ 80%] Built target perception_interfaces__rosidl_generator_py
[0.378s] [35m[1mConsolidate compiler generated dependencies of target perception_interfaces__rosidl_typesupport_fastrtps_c__pyext[0m
[0.393s] [ 87%] Built target perception_interfaces__rosidl_typesupport_fastrtps_c__pyext
[0.398s] [35m[1mConsolidate compiler generated dependencies of target perception_interfaces__rosidl_typesupport_introspection_c__pyext[0m
[0.408s] [35m[1mConsolidate compiler generated dependencies of target perception_interfaces__rosidl_typesupport_c__pyext[0m
[0.446s] [ 93%] Built target perception_interfaces__rosidl_typesupport_introspection_c__pyext
[0.449s] [100%] Built target perception_interfaces__rosidl_typesupport_c__pyext
[0.490s] running egg_info
[0.491s] writing perception_interfaces.egg-info/PKG-INFO
[0.491s] writing dependency_links to perception_interfaces.egg-info/dependency_links.txt
[0.491s] writing top-level names to perception_interfaces.egg-info/top_level.txt
[0.493s] reading manifest file 'perception_interfaces.egg-info/SOURCES.txt'
[0.493s] writing manifest file 'perception_interfaces.egg-info/SOURCES.txt'
[0.511s] [100%] Built target ament_cmake_python_build_perception_interfaces_egg
[0.541s] Invoked command in '/home/omar/Desktop/ros_ws/build/perception_interfaces' returned '0': CMAKE_PREFIX_PATH=${CMAKE_PREFIX_PATH}:/home/omar/Desktop/ros_ws/install/perception:/opt/ros/humble /usr/bin/cmake --build /home/omar/Desktop/ros_ws/build/perception_interfaces -- -j4 -l4
[0.549s] Invoking command in '/home/omar/Desktop/ros_ws/build/perception_interfaces': CMAKE_PREFIX_PATH=${CMAKE_PREFIX_PATH}:/home/omar/Desktop/ros_ws/install/perception:/opt/ros/humble /usr/bin/cmake --install /home/omar/Desktop/ros_ws/build/perception_interfaces
[0.567s] -- Install configuration: ""
[0.567s] -- Up-to-date: /home/omar/Desktop/ros_ws/install/perception_interfaces/share/ament_index/resource_index/rosidl_interfaces/perception_interfaces
[0.567s] -- Up-to-date: /home/omar/Desktop/ros_ws/install/perception_interfaces/include/perception_interfaces/perception_interfaces
[0.567s] -- Up-to-date: /home/omar/Desktop/ros_ws/install/perception_interfaces/include/perception_interfaces/perception_interfaces/msg
[0.567s] -- Up-to-date: /home/omar/Desktop/ros_ws/install/perception_interfaces/include/perception_interfaces/perception_interfaces/msg/detail
[0.567s] -- Up-to-date: /home/omar/Desktop/ros_ws/install/perception_interfaces/include/perception_interfaces/perception_interfaces/msg/detail/block_detection__functions.c
[0.567s] -- Up-to-date: /home/omar/Desktop/ros_ws/install/perception_interfaces/include/perception_interfaces/perception_interfaces/msg/detail/block_detection__struct.h
[0.567s] -- Up-to-date: /home/omar/Desktop/ros_ws/install/perception_interfaces/include/perception_interfaces/perception_interfaces/msg/detail/block_detection__type_support.h
[0.567s] -- Up-to-date: /home/omar/Desktop/ros_ws/install/perception_interfaces/include/perception_interfaces/perception_interfaces/msg/detail/block_detection__functions.h
[0.567s] -- Up-to-date: /home/omar/Desktop/ros_ws/install/perception_interfaces/include/perception_interfaces/perception_interfaces/msg/block_detection.h
[0.567s] -- Up-to-date: /home/omar/Desktop/ros_ws/install/perception_interfaces/include/perception_interfaces/perception_interfaces/msg/rosidl_generator_c__visibility_control.h
[0.567s] -- Up-to-date: /home/omar/Desktop/ros_ws/install/perception_interfaces/share/perception_interfaces/environment/library_path.sh
[0.567s] -- Up-to-date: /home/omar/Desktop/ros_ws/install/perception_interfaces/share/perception_interfaces/environment/library_path.dsv
[0.567s] -- Up-to-date: /home/omar/Desktop/ros_ws/install/perception_interfaces/lib/libperception_interfaces__rosidl_generator_c.so
[0.567s] -- Up-to-date: /home/omar/Desktop/ros_ws/install/perception_interfaces/include/perception_interfaces/perception_interfaces
[0.567s] -- Up-to-date: /home/omar/Desktop/ros_ws/install/perception_interfaces/include/perception_interfaces/perception_interfaces/msg
[0.567s] -- Up-to-date: /home/omar/Desktop/ros_ws/install/perception_interfaces/include/perception_interfaces/perception_interfaces/msg/rosidl_typesupport_fastrtps_c__visibility_control.h
[0.567s] -- Up-to-date: /home/omar/Desktop/ros_ws/install/perception_interfaces/include/perception_interfaces/perception_interfaces/msg/detail
[0.567s] -- Up-to-date: /home/omar/Desktop/ros_ws/install/perception_interfaces/include/perception_interfaces/perception_interfaces/msg/detail/block_detection__rosidl_typesupport_fastrtps_c.h
[0.567s] -- Up-to-date: /home/omar/Desktop/ros_ws/install/perception_interfaces/lib/libperception_interfaces__rosidl_typesupport_fastrtps_c.so
[0.567s] -- Up-to-date: /home/omar/Desktop/ros_ws/install/perception_interfaces/include/perception_interfaces/perception_interfaces
[0.567s] -- Up-to-date: /home/omar/Desktop/ros_ws/install/perception_interfaces/include/perception_interfaces/perception_interfaces/msg
[0.567s] -- Up-to-date: /home/omar/Desktop/ros_ws/install/perception_interfaces/include/perception_interfaces/perception_interfaces/msg/detail
[0.567s] -- Up-to-date: /home/omar/Desktop/ros_ws/install/perception_interfaces/include/perception_interfaces/perception_interfaces/msg/detail/block_detection__type_support.c
[0.568s] -- Up-to-date: /home/omar/Desktop/ros_ws/install/perception_interfaces/include/perception_interfaces/perception_interfaces/msg/detail/block_detection__rosidl_typesupport_introspection_c.h
[0.568s] -- Up-to-date: /home/omar/Desktop/ros_ws/install/perception_interfaces/include/perception_interfaces/perception_interfaces/msg/rosidl_typesupport_introspection_c__visibility_control.h
[0.568s] -- Up-to-date: /home/omar/Desktop/ros_ws/install/perception_interfaces/lib/libperception_interfaces__rosidl_typesupport_introspection_c.so
[0.568s] -- Up-to-date: /home/omar/Desktop/ros_ws/install/perception_interfaces/lib/libperception_interfaces__rosidl_typesupport_c.so
[0.575s] -- Up-to-date: /home/omar/Desktop/ros_ws/install/perception_interfaces/include/perception_interfaces/perception_interfaces
[0.575s] -- Up-to-date: /home/omar/Desktop/ros_ws/install/perception_interfaces/include/perception_interfaces/perception_interfaces/msg
[0.575s] -- Up-to-date: /home/omar/Desktop/ros_ws/install/perception_interfaces/include/perception_interfaces/perception_interfaces/msg/detail
[0.576s] -- Up-to-date: /home/omar/Desktop/ros_ws/install/perception_interfaces/include/perception_interfaces/perception_interfaces/msg/detail/block_detection__struct.hpp
[0.576s] -- Up-to-date: /home/omar/Desktop/ros_ws/install/perception_interfaces/include/perception_interfaces/perception_interfaces/msg/detail/block_detection__type_support.hpp
[0.576s] -- Up-to-date: /home/omar/Desktop/ros_ws/install/perception_interfaces/include/perception_interfaces/perception_interfaces/msg/detail/block_detection__traits.hpp
[0.576s] -- Up-to-date: /home/omar/Desktop/ros_ws/install/perception_interfaces/include/perception_interfaces/perception_interfaces/msg/detail/block_detection__builder.hpp
[0.576s] -- Up-to-date: /home/omar/Desktop/ros_ws/install/perception_interfaces/include/perception_interfaces/perception_interfaces/msg/rosidl_generator_cpp__visibility_control.hpp
[0.576s] -- Up-to-date: /home/omar/Desktop/ros_ws/install/perception_interfaces/include/perception_interfaces/perception_interfaces/msg/block_detection.hpp
[0.576s] -- Up-to-date: /home/omar/Desktop/ros_ws/install/perception_interfaces/include/perception_interfaces/perception_interfaces
[0.576s] -- Up-to-date: /home/omar/Desktop/ros_ws/install/perception_interfaces/include/perception_interfaces/perception_interfaces/msg
[0.576s] -- Up-to-date: /home/omar/Desktop/ros_ws/install/perception_interfaces/include/perception_interfaces/perception_interfaces/msg/rosidl_typesupport_fastrtps_cpp__visibility_control.h
[0.576s] -- Up-to-date: /home/omar/Desktop/ros_ws/install/perception_interfaces/include/perception_interfaces/perception_interfaces/msg/detail
[0.576s] -- Up-to-date: /home/omar/Desktop/ros_ws/install/perception_interfaces/include/perception_interfaces/perception_interfaces/msg/detail/block_detection__rosidl_typesupport_fastrtps_cpp.hpp
[0.576s] -- Up-to-date: /home/omar/Desktop/ros_ws/install/perception_interfaces/include/perception_interfaces/perception_interfaces/msg/detail/dds_fastrtps
[0.576s] -- Up-to-date: /home/omar/Desktop/ros_ws/install/perception_interfaces/lib/libperception_interfaces__rosidl_typesupport_fastrtps_cpp.so
[0.576s] -- Up-to-date: /home/omar/Desktop/ros_ws/install/perception_interfaces/include/perception_interfaces/perception_interfaces
[0.576s] -- Up-to-date: /home/omar/Desktop/ros_ws/install/perception_interfaces/include/perception_interfaces/perception_interfaces/msg
[0.576s] -- Up-to-date: /home/omar/Desktop/ros_ws/install/perception_interfaces/include/perception_interfaces/perception_interfaces/msg/detail
[0.576s] -- Up-to-date: /home/omar/Desktop/ros_ws/install/perception_interfaces/include/perception_interfaces/perception_interfaces/msg/detail/block_detection__type_support.cpp
[0.576s] -- Up-to-date: /home/omar/Desktop/ros_ws/install/perception_interfaces/include/perception_interfaces/perception_interfaces/msg/detail/block_detection__rosidl_typesupport_introspection_cpp.hpp
[0.576s] -- Up-to-date: /home/omar/Desktop/ros_ws/install/perception_interfaces/lib/libperception_interfaces__rosidl_typesupport_introspection_cpp.so
[0.576s] -- Up-to-date: /home/omar/Desktop/ros_ws/install/perception_interfaces/lib/libperception_interfaces__rosidl_typesupport_cpp.so
[0.576s] -- Up-to-date: /home/omar/Desktop/ros_ws/install/perception_interfaces/share/perception_interfaces/environment/pythonpath.sh
[0.576s] -- Up-to-date: /home/omar/Desktop/ros_ws/install/perception_interfaces/share/perception_interfaces/environment/pythonpath.dsv
[0.576s] -- Up-to-date: /home/omar/Desktop/ros_ws/install/perception_interfaces/local/lib/python3.10/dist-packages/perception_interfaces-0.0.0-py3.10.egg-info
[0.576s] -- Installing: /home/omar/Desktop/ros_ws/install/perception_interfaces/local/lib/python3.10/dist-packages/perception_interfaces-0.0.0-py3.10.egg-info/dependency_links.txt
[0.576s] -- Installing: /home/omar/Desktop/ros_ws/install/perception_interfaces/local/lib/python3.10/dist-packages/perception_interfaces-0.0.0-py3.10.egg-info/PKG-INFO
[0.576s] -- Installing: /home/omar/Desktop/ros_ws/install/perception_interfaces/local/lib/python3.10/dist-packages/perception_interfaces-0.0.0-py3.10.egg-info/SOURCES.txt
[0.576s] -- Installing: /home/omar/Desktop/ros_ws/install/perception_interfaces/local/lib/python3.10/dist-packages/perception_interfaces-0.0.0-py3.10.egg-info/top_level.txt
[0.576s] -- Up-to-date: /home/omar/Desktop/ros_ws/install/perception_interfaces/local/lib/python3.10/dist-packages/perception_interfaces
[0.576s] -- Up-to-date: /home/omar/Desktop/ros_ws/install/perception_interfaces/local/lib/python3.10/dist-packages/perception_interfaces/perception_interfaces_s__rosidl_typesupport_fastrtps_c.cpython-310-aarch64-linux-gnu.so
[0.577s] -- Up-to-date: /home/omar/Desktop/ros_ws/install/perception_interfaces/local/lib/python3.10/dist-packages/perception_interfaces/_perception_interfaces_s.ep.rosidl_typesupport_fastrtps_c.c
[0.577s] -- Up-to-date: /home/omar/Desktop/ros_ws/install/perception_interfaces/local/lib/python3.10/dist-packages/perception_interfaces/libperception_interfaces__rosidl_generator_py.so
[0.577s] -- Up-to-date: /home/omar/Desktop/ros_ws/install/perception_interfaces/local/lib/python3.10/dist-packages/perception_interfaces/__init__.py
[0.577s] -- Up-to-date: /home/omar/Desktop/ros_ws/install/perception_interfaces/local/lib/python3.10/dist-packages/perception_interfaces/perception_interfaces_s__rosidl_typesupport_c.cpython-310-aarch64-linux-gnu.so
[0.577s] -- Up-to-date: /home/omar/Desktop/ros_ws/install/perception_interfaces/local/lib/python3.10/dist-packages/perception_interfaces/perception_interfaces_s__rosidl_typesupport_introspection_c.cpython-310-aarch64-linux-gnu.so
[0.577s] -- Up-to-date: /home/omar/Desktop/ros_ws/install/perception_interfaces/local/lib/python3.10/dist-packages/perception_interfaces/_perception_interfaces_s.ep.rosidl_typesupport_introspection_c.c
[0.577s] -- Up-to-date: /home/omar/Desktop/ros_ws/install/perception_interfaces/local/lib/python3.10/dist-packages/perception_interfaces/msg
[0.577s] -- Up-to-date: /home/omar/Desktop/ros_ws/install/perception_interfaces/local/lib/python3.10/dist-packages/perception_interfaces/msg/_block_detection_s.c
[0.577s] -- Up-to-date: /home/omar/Desktop/ros_ws/install/perception_interfaces/local/lib/python3.10/dist-packages/perception_interfaces/msg/__init__.py
[0.577s] -- Up-to-date: /home/omar/Desktop/ros_ws/install/perception_interfaces/local/lib/python3.10/dist-packages/perception_interfaces/msg/_block_detection.py
[0.577s] -- Up-to-date: /home/omar/Desktop/ros_ws/install/perception_interfaces/local/lib/python3.10/dist-packages/perception_interfaces/_perception_interfaces_s.ep.rosidl_typesupport_c.c
[0.583s] Listing '/home/omar/Desktop/ros_ws/install/perception_interfaces/local/lib/python3.10/dist-packages/perception_interfaces'...
[0.583s] Listing '/home/omar/Desktop/ros_ws/install/perception_interfaces/local/lib/python3.10/dist-packages/perception_interfaces/msg'...
[0.583s] -- Up-to-date: /home/omar/Desktop/ros_ws/install/perception_interfaces/local/lib/python3.10/dist-packages/perception_interfaces/perception_interfaces_s__rosidl_typesupport_fastrtps_c.cpython-310-aarch64-linux-gnu.so
[0.583s] -- Up-to-date: /home/omar/Desktop/ros_ws/install/perception_interfaces/local/lib/python3.10/dist-packages/perception_interfaces/perception_interfaces_s__rosidl_typesupport_introspection_c.cpython-310-aarch64-linux-gnu.so
[0.583s] -- Up-to-date: /home/omar/Desktop/ros_ws/install/perception_interfaces/local/lib/python3.10/dist-packages/perception_interfaces/perception_interfaces_s__rosidl_typesupport_c.cpython-310-aarch64-linux-gnu.so
[0.583s] -- Up-to-date: /home/omar/Desktop/ros_ws/install/perception_interfaces/lib/libperception_interfaces__rosidl_generator_py.so
[0.583s] -- Up-to-date: /home/omar/Desktop/ros_ws/install/perception_interfaces/share/perception_interfaces/msg/BlockDetection.idl
[0.583s] -- Up-to-date: /home/omar/Desktop/ros_ws/install/perception_interfaces/share/perception_interfaces/msg/BlockDetection.msg
[0.583s] -- Up-to-date: /home/omar/Desktop/ros_ws/install/perception_interfaces/share/ament_index/resource_index/package_run_dependencies/perception_interfaces
[0.583s] -- Up-to-date: /home/omar/Desktop/ros_ws/install/perception_interfaces/share/ament_index/resource_index/parent_prefix_path/perception_interfaces
[0.583s] -- Up-to-date: /home/omar/Desktop/ros_ws/install/perception_interfaces/share/perception_interfaces/environment/ament_prefix_path.sh
[0.583s] -- Up-to-date: /home/omar/Desktop/ros_ws/install/perception_interfaces/share/perception_interfaces/environment/ament_prefix_path.dsv
[0.583s] -- Up-to-date: /home/omar/Desktop/ros_ws/install/perception_interfaces/share/perception_interfaces/environment/path.sh
[0.583s] -- Up-to-date: /home/omar/Desktop/ros_ws/install/perception_interfaces/share/perception_interfaces/environment/path.dsv
[0.583s] -- Up-to-date: /home/omar/Desktop/ros_ws/install/perception_interfaces/share/perception_interfaces/local_setup.bash
[0.583s] -- Up-to-date: /home/omar/Desktop/ros_ws/install/perception_interfaces/share/perception_interfaces/local_setup.sh
[0.583s] -- Up-to-date: /home/omar/Desktop/ros_ws/install/perception_interfaces/share/perception_interfaces/local_setup.zsh
[0.583s] -- Up-to-date: /home/omar/Desktop/ros_ws/install/perception_interfaces/share/perception_interfaces/local_setup.dsv
[0.583s] -- Installing: /home/omar/Desktop/ros_ws/install/perception_interfaces/share/perception_interfaces/package.dsv
[0.584s] -- Up-to-date: /home/omar/Desktop/ros_ws/install/perception_interfaces/share/ament_index/resource_index/packages/perception_interfaces
[0.584s] -- Up-to-date: /home/omar/Desktop/ros_ws/install/perception_interfaces/share/perception_interfaces/cmake/export_perception_interfaces__rosidl_generator_cExport.cmake
[0.584s] -- Up-to-date: /home/omar/Desktop/ros_ws/install/perception_interfaces/share/perception_interfaces/cmake/export_perception_interfaces__rosidl_generator_cExport-noconfig.cmake
[0.584s] -- Up-to-date: /home/omar/Desktop/ros_ws/install/perception_interfaces/share/perception_interfaces/cmake/export_perception_interfaces__rosidl_typesupport_fastrtps_cExport.cmake
[0.584s] -- Up-to-date: /home/omar/Desktop/ros_ws/install/perception_interfaces/share/perception_interfaces/cmake/export_perception_interfaces__rosidl_typesupport_fastrtps_cExport-noconfig.cmake
[0.584s] -- Up-to-date: /home/omar/Desktop/ros_ws/install/perception_interfaces/share/perception_interfaces/cmake/perception_interfaces__rosidl_typesupport_introspection_cExport.cmake
[0.584s] -- Up-to-date: /home/omar/Desktop/ros_ws/install/perception_interfaces/share/perception_interfaces/cmake/perception_interfaces__rosidl_typesupport_introspection_cExport-noconfig.cmake
[0.584s] -- Up-to-date: /home/omar/Desktop/ros_ws/install/perception_interfaces/share/perception_interfaces/cmake/perception_interfaces__rosidl_typesupport_cExport.cmake
[0.584s] -- Up-to-date: /home/omar/Desktop/ros_ws/install/perception_interfaces/share/perception_interfaces/cmake/perception_interfaces__rosidl_typesupport_cExport-noconfig.cmake
[0.584s] -- Up-to-date: /home/omar/Desktop/ros_ws/install/perception_interfaces/share/perception_interfaces/cmake/export_perception_interfaces__rosidl_generator_cppExport.cmake
[0.584s] -- Up-to-date: /home/omar/Desktop/ros_ws/install/perception_interfaces/share/perception_interfaces/cmake/export_perception_interfaces__rosidl_typesupport_fastrtps_cppExport.cmake
[0.584s] -- Up-to-date: /home/omar/Desktop/ros_ws/install/perception_interfaces/share/perception_interfaces/cmake/export_perception_interfaces__rosidl_typesupport_fastrtps_cppExport-noconfig.cmake
[0.584s] -- Up-to-date: /home/omar/Desktop/ros_ws/install/perception_interfaces/share/perception_interfaces/cmake/perception_interfaces__rosidl_typesupport_introspection_cppExport.cmake
[0.584s] -- Up-to-date: /home/omar/Desktop/ros_ws/install/perception_interfaces/share/perception_interfaces/cmake/perception_interfaces__rosidl_typesupport_introspection_cppExport-noconfig.cmake
[0.584s] -- Up-to-date: /home/omar/Desktop/ros_ws/install/perception_interfaces/share/perception_interfaces/cmake/perception_interfaces__rosidl_typesupport_cppExport.cmake
[0.584s] -- Up-to-date: /home/omar/Desktop/ros_ws/install/perception_interfaces/share/perception_interfaces/cmake/perception_interfaces__rosidl_typesupport_cppExport-noconfig.cmake
[0.584s] -- Up-to-date: /home/omar/Desktop/ros_ws/install/perception_interfaces/share/perception_interfaces/cmake/export_perception_interfaces__rosidl_generator_pyExport.cmake
[0.584s] -- Up-to-date: /home/omar/Desktop/ros_ws/install/perception_interfaces/share/perception_interfaces/cmake/export_perception_interfaces__rosidl_generator_pyExport-noconfig.cmake
[0.584s] -- Up-to-date: /home/omar/Desktop/ros_ws/install/perception_interfaces/share/perception_interfaces/cmake/rosidl_cmake-extras.cmake
[0.584s] -- Up-to-date: /home/omar/Desktop/ros_ws/install/perception_interfaces/share/perception_interfaces/cmake/ament_cmake_export_include_directories-extras.cmake
[0.584s] -- Up-to-date: /home/omar/Desktop/ros_ws/install/perception_interfaces/share/perception_interfaces/cmake/ament_cmake_export_libraries-extras.cmake
[0.584s] -- Up-to-date: /home/omar/Desktop/ros_ws/install/perception_interfaces/share/perception_interfaces/cmake/ament_cmake_export_targets-extras.cmake
[0.584s] -- Up-to-date: /home/omar/Desktop/ros_ws/install/perception_interfaces/share/perception_interfaces/cmake/rosidl_cmake_export_typesupport_targets-extras.cmake
[0.584s] -- Up-to-date: /home/omar/Desktop/ros_ws/install/perception_interfaces/share/perception_interfaces/cmake/ament_cmake_export_dependencies-extras.cmake
[0.584s] -- Up-to-date: /home/omar/Desktop/ros_ws/install/perception_interfaces/share/perception_interfaces/cmake/rosidl_cmake_export_typesupport_libraries-extras.cmake
[0.584s] -- Up-to-date: /home/omar/Desktop/ros_ws/install/perception_interfaces/share/perception_interfaces/cmake/perception_interfacesConfig.cmake
[0.584s] -- Up-to-date: /home/omar/Desktop/ros_ws/install/perception_interfaces/share/perception_interfaces/cmake/perception_interfacesConfig-version.cmake
[0.584s] -- Up-to-date: /home/omar/Desktop/ros_ws/install/perception_interfaces/share/perception_interfaces/package.xml
[0.599s] Invoked command in '/home/omar/Desktop/ros_ws/build/perception_interfaces' returned '0': CMAKE_PREFIX_PATH=${CMAKE_PREFIX_PATH}:/home/omar/Desktop/ros_ws/install/perception:/opt/ros/humble /usr/bin/cmake --install /home/omar/Desktop/ros_ws/build/perception_interfaces
