[0.075s] DEBUG:colcon:Command line arguments: ['/usr/bin/colcon', 'build']
[0.075s] DEBUG:colcon:Parsed command line arguments: Namespace(log_base=None, log_level=None, verb_name='build', build_base='build', install_base='install', merge_install=False, symlink_install=False, test_result_base=None, continue_on_error=False, executor='parallel', parallel_workers=4, event_handlers=None, ignore_user_meta=False, metas=['./colcon.meta'], base_paths=['.'], packages_ignore=None, packages_ignore_regex=None, paths=None, packages_up_to=None, packages_up_to_regex=None, packages_above=None, packages_above_and_dependencies=None, packages_above_depth=None, packages_select_by_dep=None, packages_skip_by_dep=None, packages_skip_up_to=None, packages_select_build_failed=False, packages_skip_build_finished=False, packages_select_test_failures=False, packages_skip_test_passed=False, packages_select=None, packages_skip=None, packages_select_regex=None, packages_skip_regex=None, packages_start=None, packages_end=None, allow_overriding=[], cmake_args=None, cmake_target=None, cmake_target_skip_unavailable=False, cmake_clean_cache=False, cmake_clean_first=False, cmake_force_configure=False, ament_cmake_args=None, catkin_cmake_args=None, catkin_skip_building_tests=False, mixin_files=None, mixin=None, verb_parser=<colcon_mixin.mixin.mixin_argument.MixinArgumentDecorator object at 0xffff864e4b50>, verb_extension=<colcon_core.verb.build.BuildVerb object at 0xffff864e4550>, main=<bound method BuildVerb.main of <colcon_core.verb.build.BuildVerb object at 0xffff864e4550>>, mixin_verb=('build',))
[0.176s] Level 1:colcon.colcon_core.package_discovery:discover_packages(colcon_meta) check parameters
[0.176s] Level 1:colcon.colcon_core.package_discovery:discover_packages(recursive) check parameters
[0.176s] Level 1:colcon.colcon_core.package_discovery:discover_packages(ignore) check parameters
[0.176s] Level 1:colcon.colcon_core.package_discovery:discover_packages(path) check parameters
[0.176s] Level 1:colcon.colcon_core.package_discovery:discover_packages(colcon_meta) discover
[0.176s] Level 1:colcon.colcon_core.package_discovery:discover_packages(recursive) discover
[0.176s] INFO:colcon.colcon_core.package_discovery:Crawling recursively for packages in '/home/omar/Desktop/ros_ws'
[0.176s] Level 1:colcon.colcon_core.package_identification:_identify(.) by extensions ['ignore', 'ignore_ament_install']
[0.176s] Level 1:colcon.colcon_core.package_identification:_identify(.) by extension 'ignore'
[0.176s] Level 1:colcon.colcon_core.package_identification:_identify(.) by extension 'ignore_ament_install'
[0.176s] Level 1:colcon.colcon_core.package_identification:_identify(.) by extensions ['colcon_pkg']
[0.176s] Level 1:colcon.colcon_core.package_identification:_identify(.) by extension 'colcon_pkg'
[0.177s] Level 1:colcon.colcon_core.package_identification:_identify(.) by extensions ['colcon_meta']
[0.177s] Level 1:colcon.colcon_core.package_identification:_identify(.) by extension 'colcon_meta'
[0.177s] Level 1:colcon.colcon_core.package_identification:_identify(.) by extensions ['ros']
[0.177s] Level 1:colcon.colcon_core.package_identification:_identify(.) by extension 'ros'
[0.187s] Level 1:colcon.colcon_core.package_identification:_identify(.) by extensions ['cmake', 'python']
[0.188s] Level 1:colcon.colcon_core.package_identification:_identify(.) by extension 'cmake'
[0.188s] Level 1:colcon.colcon_core.package_identification:_identify(.) by extension 'python'
[0.188s] Level 1:colcon.colcon_core.package_identification:_identify(.) by extensions ['python_setup_py']
[0.188s] Level 1:colcon.colcon_core.package_identification:_identify(.) by extension 'python_setup_py'
[0.188s] Level 1:colcon.colcon_core.package_identification:_identify(build) by extensions ['ignore', 'ignore_ament_install']
[0.188s] Level 1:colcon.colcon_core.package_identification:_identify(build) by extension 'ignore'
[0.188s] Level 1:colcon.colcon_core.package_identification:_identify(build) ignored
[0.188s] Level 1:colcon.colcon_core.package_identification:_identify(install) by extensions ['ignore', 'ignore_ament_install']
[0.188s] Level 1:colcon.colcon_core.package_identification:_identify(install) by extension 'ignore'
[0.188s] Level 1:colcon.colcon_core.package_identification:_identify(install) ignored
[0.188s] Level 1:colcon.colcon_core.package_identification:_identify(log) by extensions ['ignore', 'ignore_ament_install']
[0.188s] Level 1:colcon.colcon_core.package_identification:_identify(log) by extension 'ignore'
[0.188s] Level 1:colcon.colcon_core.package_identification:_identify(log) ignored
[0.188s] Level 1:colcon.colcon_core.package_identification:_identify(src) by extensions ['ignore', 'ignore_ament_install']
[0.188s] Level 1:colcon.colcon_core.package_identification:_identify(src) by extension 'ignore'
[0.188s] Level 1:colcon.colcon_core.package_identification:_identify(src) by extension 'ignore_ament_install'
[0.188s] Level 1:colcon.colcon_core.package_identification:_identify(src) by extensions ['colcon_pkg']
[0.188s] Level 1:colcon.colcon_core.package_identification:_identify(src) by extension 'colcon_pkg'
[0.188s] Level 1:colcon.colcon_core.package_identification:_identify(src) by extensions ['colcon_meta']
[0.188s] Level 1:colcon.colcon_core.package_identification:_identify(src) by extension 'colcon_meta'
[0.188s] Level 1:colcon.colcon_core.package_identification:_identify(src) by extensions ['ros']
[0.188s] Level 1:colcon.colcon_core.package_identification:_identify(src) by extension 'ros'
[0.188s] Level 1:colcon.colcon_core.package_identification:_identify(src) by extensions ['cmake', 'python']
[0.188s] Level 1:colcon.colcon_core.package_identification:_identify(src) by extension 'cmake'
[0.188s] Level 1:colcon.colcon_core.package_identification:_identify(src) by extension 'python'
[0.188s] Level 1:colcon.colcon_core.package_identification:_identify(src) by extensions ['python_setup_py']
[0.188s] Level 1:colcon.colcon_core.package_identification:_identify(src) by extension 'python_setup_py'
[0.188s] Level 1:colcon.colcon_core.package_identification:_identify(src/msg) by extensions ['ignore', 'ignore_ament_install']
[0.188s] Level 1:colcon.colcon_core.package_identification:_identify(src/msg) by extension 'ignore'
[0.188s] Level 1:colcon.colcon_core.package_identification:_identify(src/msg) by extension 'ignore_ament_install'
[0.189s] Level 1:colcon.colcon_core.package_identification:_identify(src/msg) by extensions ['colcon_pkg']
[0.189s] Level 1:colcon.colcon_core.package_identification:_identify(src/msg) by extension 'colcon_pkg'
[0.189s] Level 1:colcon.colcon_core.package_identification:_identify(src/msg) by extensions ['colcon_meta']
[0.189s] Level 1:colcon.colcon_core.package_identification:_identify(src/msg) by extension 'colcon_meta'
[0.189s] Level 1:colcon.colcon_core.package_identification:_identify(src/msg) by extensions ['ros']
[0.189s] Level 1:colcon.colcon_core.package_identification:_identify(src/msg) by extension 'ros'
[0.189s] Level 1:colcon.colcon_core.package_identification:_identify(src/msg) by extensions ['cmake', 'python']
[0.189s] Level 1:colcon.colcon_core.package_identification:_identify(src/msg) by extension 'cmake'
[0.189s] Level 1:colcon.colcon_core.package_identification:_identify(src/msg) by extension 'python'
[0.189s] Level 1:colcon.colcon_core.package_identification:_identify(src/msg) by extensions ['python_setup_py']
[0.189s] Level 1:colcon.colcon_core.package_identification:_identify(src/msg) by extension 'python_setup_py'
[0.189s] Level 1:colcon.colcon_core.package_identification:_identify(src/perception) by extensions ['ignore', 'ignore_ament_install']
[0.189s] Level 1:colcon.colcon_core.package_identification:_identify(src/perception) by extension 'ignore'
[0.189s] Level 1:colcon.colcon_core.package_identification:_identify(src/perception) by extension 'ignore_ament_install'
[0.189s] Level 1:colcon.colcon_core.package_identification:_identify(src/perception) by extensions ['colcon_pkg']
[0.189s] Level 1:colcon.colcon_core.package_identification:_identify(src/perception) by extension 'colcon_pkg'
[0.189s] Level 1:colcon.colcon_core.package_identification:_identify(src/perception) by extensions ['colcon_meta']
[0.189s] Level 1:colcon.colcon_core.package_identification:_identify(src/perception) by extension 'colcon_meta'
[0.189s] Level 1:colcon.colcon_core.package_identification:_identify(src/perception) by extensions ['ros']
[0.189s] Level 1:colcon.colcon_core.package_identification:_identify(src/perception) by extension 'ros'
[0.191s] DEBUG:colcon.colcon_core.package_identification:Package 'src/perception' with type 'ros.ament_python' and name 'perception'
[0.191s] Level 1:colcon.colcon_core.package_discovery:discover_packages(recursive) using defaults
[0.191s] Level 1:colcon.colcon_core.package_discovery:discover_packages(ignore) discover
[0.191s] Level 1:colcon.colcon_core.package_discovery:discover_packages(ignore) using defaults
[0.191s] Level 1:colcon.colcon_core.package_discovery:discover_packages(path) discover
[0.191s] Level 1:colcon.colcon_core.package_discovery:discover_packages(path) using defaults
[0.204s] Level 1:colcon.colcon_core.package_discovery:discover_packages(prefix_path) check parameters
[0.204s] Level 1:colcon.colcon_core.package_discovery:discover_packages(prefix_path) discover
[0.205s] DEBUG:colcon.colcon_installed_package_information.package_discovery:Found 1 installed packages in /home/omar/Desktop/ros_ws/install
[0.206s] DEBUG:colcon.colcon_installed_package_information.package_discovery:Found 199 installed packages in /opt/ros/humble
[0.212s] Level 1:colcon.colcon_core.package_discovery:discover_packages(prefix_path) using defaults
[0.231s] Level 5:colcon.colcon_core.verb:set package 'perception' build argument 'cmake_args' from command line to 'None'
[0.231s] Level 5:colcon.colcon_core.verb:set package 'perception' build argument 'cmake_target' from command line to 'None'
[0.231s] Level 5:colcon.colcon_core.verb:set package 'perception' build argument 'cmake_target_skip_unavailable' from command line to 'False'
[0.231s] Level 5:colcon.colcon_core.verb:set package 'perception' build argument 'cmake_clean_cache' from command line to 'False'
[0.231s] Level 5:colcon.colcon_core.verb:set package 'perception' build argument 'cmake_clean_first' from command line to 'False'
[0.231s] Level 5:colcon.colcon_core.verb:set package 'perception' build argument 'cmake_force_configure' from command line to 'False'
[0.232s] Level 5:colcon.colcon_core.verb:set package 'perception' build argument 'ament_cmake_args' from command line to 'None'
[0.232s] Level 5:colcon.colcon_core.verb:set package 'perception' build argument 'catkin_cmake_args' from command line to 'None'
[0.232s] Level 5:colcon.colcon_core.verb:set package 'perception' build argument 'catkin_skip_building_tests' from command line to 'False'
[0.232s] DEBUG:colcon.colcon_core.verb:Building package 'perception' with the following arguments: {'ament_cmake_args': None, 'build_base': '/home/omar/Desktop/ros_ws/build/perception', 'catkin_cmake_args': None, 'catkin_skip_building_tests': False, 'cmake_args': None, 'cmake_clean_cache': False, 'cmake_clean_first': False, 'cmake_force_configure': False, 'cmake_target': None, 'cmake_target_skip_unavailable': False, 'install_base': '/home/omar/Desktop/ros_ws/install/perception', 'merge_install': False, 'path': '/home/omar/Desktop/ros_ws/src/perception', 'symlink_install': False, 'test_result_base': None}
[0.232s] INFO:colcon.colcon_core.executor:Executing jobs using 'parallel' executor
[0.233s] DEBUG:colcon.colcon_parallel_executor.executor.parallel:run_until_complete
[0.233s] INFO:colcon.colcon_ros.task.ament_python.build:Building ROS package in '/home/omar/Desktop/ros_ws/src/perception' with build type 'ament_python'
[0.233s] Level 1:colcon.colcon_core.shell:create_environment_hook('perception', 'ament_prefix_path')
[0.234s] INFO:colcon.colcon_core.plugin_system:Skipping extension 'colcon_core.shell.bat': Not used on non-Windows systems
[0.234s] INFO:colcon.colcon_core.shell:Creating environment hook '/home/omar/Desktop/ros_ws/install/perception/share/perception/hook/ament_prefix_path.ps1'
[0.234s] INFO:colcon.colcon_core.shell:Creating environment descriptor '/home/omar/Desktop/ros_ws/install/perception/share/perception/hook/ament_prefix_path.dsv'
[0.235s] INFO:colcon.colcon_core.shell:Creating environment hook '/home/omar/Desktop/ros_ws/install/perception/share/perception/hook/ament_prefix_path.sh'
[0.235s] INFO:colcon.colcon_core.shell:Skip shell extension 'powershell' for command environment: Not usable outside of PowerShell
[0.235s] DEBUG:colcon.colcon_core.shell:Skip shell extension 'dsv' for command environment
[0.401s] INFO:colcon.colcon_core.task.python.build:Building Python package in '/home/omar/Desktop/ros_ws/src/perception'
[0.401s] INFO:colcon.colcon_core.shell:Skip shell extension 'powershell' for command environment: Not usable outside of PowerShell
[0.401s] DEBUG:colcon.colcon_core.shell:Skip shell extension 'dsv' for command environment
[0.584s] DEBUG:colcon.colcon_core.event_handler.log_command:Invoking command in '/home/omar/Desktop/ros_ws/src/perception': PYTHONPATH=/home/omar/Desktop/ros_ws/build/perception/prefix_override:/usr/lib/python3/dist-packages/colcon_core/task/python/colcon_distutils_commands:/home/omar/Desktop/ros_ws/install/perception/lib/python3.10/site-packages:${PYTHONPATH} /usr/bin/python3 -W ignore:setup.py install is deprecated -W ignore:easy_install command is deprecated setup.py egg_info --egg-base ../../build/perception build --build-base /home/omar/Desktop/ros_ws/build/perception/build install --record /home/omar/Desktop/ros_ws/build/perception/install.log --single-version-externally-managed install_data
[0.721s] DEBUG:colcon.colcon_core.event_handler.log_command:Invoked command in '/home/omar/Desktop/ros_ws/src/perception' returned '0': PYTHONPATH=/home/omar/Desktop/ros_ws/build/perception/prefix_override:/usr/lib/python3/dist-packages/colcon_core/task/python/colcon_distutils_commands:/home/omar/Desktop/ros_ws/install/perception/lib/python3.10/site-packages:${PYTHONPATH} /usr/bin/python3 -W ignore:setup.py install is deprecated -W ignore:easy_install command is deprecated setup.py egg_info --egg-base ../../build/perception build --build-base /home/omar/Desktop/ros_ws/build/perception/build install --record /home/omar/Desktop/ros_ws/build/perception/install.log --single-version-externally-managed install_data
[0.722s] Level 1:colcon.colcon_core.environment:checking '/home/omar/Desktop/ros_ws/install/perception' for CMake module files
[0.722s] Level 1:colcon.colcon_core.environment:checking '/home/omar/Desktop/ros_ws/install/perception' for CMake config files
[0.723s] Level 1:colcon.colcon_core.environment:checking '/home/omar/Desktop/ros_ws/install/perception/lib'
[0.723s] Level 1:colcon.colcon_core.environment:checking '/home/omar/Desktop/ros_ws/install/perception/bin'
[0.723s] Level 1:colcon.colcon_core.environment:checking '/home/omar/Desktop/ros_ws/install/perception/lib/pkgconfig/perception.pc'
[0.723s] Level 1:colcon.colcon_core.environment:checking '/home/omar/Desktop/ros_ws/install/perception/lib/python3.10/site-packages'
[0.723s] Level 1:colcon.colcon_core.shell:create_environment_hook('perception', 'pythonpath')
[0.723s] INFO:colcon.colcon_core.shell:Creating environment hook '/home/omar/Desktop/ros_ws/install/perception/share/perception/hook/pythonpath.ps1'
[0.724s] INFO:colcon.colcon_core.shell:Creating environment descriptor '/home/omar/Desktop/ros_ws/install/perception/share/perception/hook/pythonpath.dsv'
[0.724s] INFO:colcon.colcon_core.shell:Creating environment hook '/home/omar/Desktop/ros_ws/install/perception/share/perception/hook/pythonpath.sh'
[0.725s] Level 1:colcon.colcon_core.environment:checking '/home/omar/Desktop/ros_ws/install/perception/bin'
[0.725s] Level 1:colcon.colcon_core.environment:create_environment_scripts_only(perception)
[0.725s] INFO:colcon.colcon_core.shell:Creating package script '/home/omar/Desktop/ros_ws/install/perception/share/perception/package.ps1'
[0.725s] INFO:colcon.colcon_core.shell:Creating package descriptor '/home/omar/Desktop/ros_ws/install/perception/share/perception/package.dsv'
[0.726s] INFO:colcon.colcon_core.shell:Creating package script '/home/omar/Desktop/ros_ws/install/perception/share/perception/package.sh'
[0.726s] INFO:colcon.colcon_core.shell:Creating package script '/home/omar/Desktop/ros_ws/install/perception/share/perception/package.bash'
[0.726s] INFO:colcon.colcon_core.shell:Creating package script '/home/omar/Desktop/ros_ws/install/perception/share/perception/package.zsh'
[0.727s] Level 1:colcon.colcon_core.environment:create_file_with_runtime_dependencies(/home/omar/Desktop/ros_ws/install/perception/share/colcon-core/packages/perception)
[0.727s] DEBUG:colcon.colcon_parallel_executor.executor.parallel:closing loop
[0.728s] DEBUG:colcon.colcon_parallel_executor.executor.parallel:loop closed
[0.728s] DEBUG:colcon.colcon_parallel_executor.executor.parallel:run_until_complete finished with '0'
[0.728s] DEBUG:colcon.colcon_core.event_reactor:joining thread
[0.731s] INFO:colcon.colcon_core.plugin_system:Skipping extension 'colcon_notification.desktop_notification.terminal_notifier': Not used on non-Darwin systems
[0.731s] INFO:colcon.colcon_core.plugin_system:Skipping extension 'colcon_notification.desktop_notification.win32': Not used on non-Windows systems
[0.731s] INFO:colcon.colcon_notification.desktop_notification:Sending desktop notification using 'notify2'
[0.752s] DEBUG:colcon.colcon_core.event_reactor:joined thread
[0.752s] INFO:colcon.colcon_core.shell:Creating prefix script '/home/omar/Desktop/ros_ws/install/local_setup.ps1'
[0.753s] INFO:colcon.colcon_core.shell:Creating prefix util module '/home/omar/Desktop/ros_ws/install/_local_setup_util_ps1.py'
[0.754s] INFO:colcon.colcon_core.shell:Creating prefix chain script '/home/omar/Desktop/ros_ws/install/setup.ps1'
[0.756s] INFO:colcon.colcon_core.shell:Creating prefix script '/home/omar/Desktop/ros_ws/install/local_setup.sh'
[0.757s] INFO:colcon.colcon_core.shell:Creating prefix util module '/home/omar/Desktop/ros_ws/install/_local_setup_util_sh.py'
[0.757s] INFO:colcon.colcon_core.shell:Creating prefix chain script '/home/omar/Desktop/ros_ws/install/setup.sh'
[0.759s] INFO:colcon.colcon_core.shell:Creating prefix script '/home/omar/Desktop/ros_ws/install/local_setup.bash'
[0.759s] INFO:colcon.colcon_core.shell:Creating prefix chain script '/home/omar/Desktop/ros_ws/install/setup.bash'
[0.760s] INFO:colcon.colcon_core.shell:Creating prefix script '/home/omar/Desktop/ros_ws/install/local_setup.zsh'
[0.761s] INFO:colcon.colcon_core.shell:Creating prefix chain script '/home/omar/Desktop/ros_ws/install/setup.zsh'
