[0.545s] Invoking command in '/home/omar/Desktop/ros_ws/src/ep_camera': PYTHONPATH=/home/omar/Desktop/ros_ws/build/ep_camera/prefix_override:/usr/lib/python3/dist-packages/colcon_core/task/python/colcon_distutils_commands:/home/omar/Desktop/ros_ws/install/ep_camera/lib/python3.10/site-packages:${PYTHONPATH} /usr/bin/python3 -W ignore:setup.py install is deprecated -W ignore:easy_install command is deprecated setup.py egg_info --egg-base ../../build/ep_camera build --build-base /home/omar/Desktop/ros_ws/build/ep_camera/build install --record /home/omar/Desktop/ros_ws/build/ep_camera/install.log --single-version-externally-managed install_data
[0.642s] running egg_info
[0.642s] writing ../../build/ep_camera/ep_camera.egg-info/PKG-INFO
[0.642s] writing dependency_links to ../../build/ep_camera/ep_camera.egg-info/dependency_links.txt
[0.643s] writing entry points to ../../build/ep_camera/ep_camera.egg-info/entry_points.txt
[0.643s] writing requirements to ../../build/ep_camera/ep_camera.egg-info/requires.txt
[0.643s] writing top-level names to ../../build/ep_camera/ep_camera.egg-info/top_level.txt
[0.644s] reading manifest file '../../build/ep_camera/ep_camera.egg-info/SOURCES.txt'
[0.644s] adding license file 'LICENSE'
[0.644s] writing manifest file '../../build/ep_camera/ep_camera.egg-info/SOURCES.txt'
[0.644s] running build
[0.644s] running build_py
[0.645s] running install
[0.645s] running install_lib
[0.646s] running install_data
[0.646s] running install_egg_info
[0.647s] removing '/home/omar/Desktop/ros_ws/install/ep_camera/lib/python3.10/site-packages/ep_camera-0.0.0-py3.10.egg-info' (and everything under it)
[0.648s] Copying ../../build/ep_camera/ep_camera.egg-info to /home/omar/Desktop/ros_ws/install/ep_camera/lib/python3.10/site-packages/ep_camera-0.0.0-py3.10.egg-info
[0.648s] running install_scripts
[0.658s] Installing camera_node script to /home/omar/Desktop/ros_ws/install/ep_camera/lib/ep_camera
[0.658s] writing list of installed files to '/home/omar/Desktop/ros_ws/build/ep_camera/install.log'
[0.672s] Invoked command in '/home/omar/Desktop/ros_ws/src/ep_camera' returned '0': PYTHONPATH=/home/omar/Desktop/ros_ws/build/ep_camera/prefix_override:/usr/lib/python3/dist-packages/colcon_core/task/python/colcon_distutils_commands:/home/omar/Desktop/ros_ws/install/ep_camera/lib/python3.10/site-packages:${PYTHONPATH} /usr/bin/python3 -W ignore:setup.py install is deprecated -W ignore:easy_install command is deprecated setup.py egg_info --egg-base ../../build/ep_camera build --build-base /home/omar/Desktop/ros_ws/build/ep_camera/build install --record /home/omar/Desktop/ros_ws/build/ep_camera/install.log --single-version-externally-managed install_data
