[0.155s] Invoking command in '/home/omar/Desktop/ros_ws/build/perception_interfaces': CMAKE_PREFIX_PATH=/home/omar/Desktop/ros_ws/install/perception:/opt/ros/humble /usr/bin/cmake /home/omar/Desktop/ros_ws/src/perception_interfaces -DCMAKE_INSTALL_PREFIX=/home/omar/Desktop/ros_ws/install/perception_interfaces
[0.324s] -- The C compiler identification is GNU 11.4.0
[0.431s] -- The CXX compiler identification is GNU 11.4.0
[0.445s] -- Detecting C compiler ABI info
[0.506s] -- Detecting C compiler ABI info - done
[0.510s] -- Check for working C compiler: /usr/bin/cc - skipped
[0.510s] -- Detecting C compile features
[0.512s] -- Detecting C compile features - done
[0.517s] -- Detecting CXX compiler ABI info
[0.566s] -- Detecting CXX compiler ABI info - done
[0.570s] -- Check for working CXX compiler: /usr/bin/c++ - skipped
[0.570s] -- Detecting CXX compile features
[0.570s] -- Detecting CXX compile features - done
[0.574s] -- Found ament_cmake: 1.3.12 (/opt/ros/humble/share/ament_cmake/cmake)
[0.702s] -- Found Python3: /usr/bin/python3 (found version "3.10.12") found components: Interpreter 
[0.768s] -- Found ament_lint_auto: 0.12.14 (/opt/ros/humble/share/ament_lint_auto/cmake)
[0.810s] -- Found rosidl_default_generators: 1.2.0 (/opt/ros/humble/share/rosidl_default_generators/cmake)
[0.814s] -- Using all available rosidl_typesupport_c: rosidl_typesupport_fastrtps_c;rosidl_typesupport_introspection_c
[0.820s] -- Found rosidl_adapter: 3.1.7 (/opt/ros/humble/share/rosidl_adapter/cmake)
[0.863s] -- Using all available rosidl_typesupport_cpp: rosidl_typesupport_fastrtps_cpp;rosidl_typesupport_introspection_cpp
[0.995s] -- Found ament_cmake_ros: 0.10.0 (/opt/ros/humble/share/ament_cmake_ros/cmake)
[1.089s] -- Using all available rosidl_typesupport_c: rosidl_typesupport_fastrtps_c;rosidl_typesupport_introspection_c
[1.225s] -- Using all available rosidl_typesupport_cpp: rosidl_typesupport_fastrtps_cpp;rosidl_typesupport_introspection_cpp
[1.237s] -- Found PythonInterp: /usr/bin/python3 (found suitable version "3.10.12", minimum required is "3.6") 
[1.239s] -- Found python_cmake_module: 0.10.0 (/opt/ros/humble/share/python_cmake_module/cmake)
[1.254s] -- Found PythonLibs: /usr/lib/aarch64-linux-gnu/libpython3.10.so (found suitable version "3.10.12", minimum required is "3.5") 
[1.254s] -- Using PYTHON_EXECUTABLE: /usr/bin/python3
[1.254s] -- Using PYTHON_INCLUDE_DIRS: /usr/include/python3.10
[1.254s] -- Using PYTHON_LIBRARIES: /usr/lib/aarch64-linux-gnu/libpython3.10.so
[1.264s] -- Found PythonExtra: .so  
[1.284s] -- Added test 'lint_cmake' to check CMake code style
[1.285s] -- Added test 'xmllint' to check XML markup files
[1.290s] -- Configuring done
[1.306s] -- Generating done
[1.312s] -- Build files have been written to: /home/omar/Desktop/ros_ws/build/perception_interfaces
[1.315s] Invoked command in '/home/omar/Desktop/ros_ws/build/perception_interfaces' returned '0': CMAKE_PREFIX_PATH=/home/omar/Desktop/ros_ws/install/perception:/opt/ros/humble /usr/bin/cmake /home/omar/Desktop/ros_ws/src/perception_interfaces -DCMAKE_INSTALL_PREFIX=/home/omar/Desktop/ros_ws/install/perception_interfaces
[1.316s] Invoking command in '/home/omar/Desktop/ros_ws/build/perception_interfaces': CMAKE_PREFIX_PATH=/home/omar/Desktop/ros_ws/install/perception:/opt/ros/humble /usr/bin/cmake --build /home/omar/Desktop/ros_ws/build/perception_interfaces -- -j4 -l4
[1.339s] [  3%] [34m[1mGenerating C code for ROS interfaces[0m
[1.343s] [  6%] [34m[1mGenerating C++ code for ROS interfaces[0m
[1.347s] [  6%] Built target ament_cmake_python_copy_perception_interfaces
[1.505s] [  9%] [32mBuilding C object CMakeFiles/perception_interfaces__rosidl_generator_c.dir/rosidl_generator_c/perception_interfaces/msg/detail/block_detection__functions.c.o[0m
[1.506s] running egg_info
[1.506s] creating perception_interfaces.egg-info
[1.506s] writing perception_interfaces.egg-info/PKG-INFO
[1.507s] writing dependency_links to perception_interfaces.egg-info/dependency_links.txt
[1.507s] writing top-level names to perception_interfaces.egg-info/top_level.txt
[1.507s] writing manifest file 'perception_interfaces.egg-info/SOURCES.txt'
[1.508s] reading manifest file 'perception_interfaces.egg-info/SOURCES.txt'
[1.508s] writing manifest file 'perception_interfaces.egg-info/SOURCES.txt'
[1.516s] [  9%] Built target perception_interfaces__cpp
[1.522s] [ 12%] [34m[1mGenerating C++ type support dispatch for ROS interfaces[0m
[1.523s] [ 16%] [34m[1mGenerating C++ type support for eProsima Fast-RTPS[0m
[1.524s] [ 16%] Built target ament_cmake_python_build_perception_interfaces_egg
[1.529s] [ 19%] [34m[1mGenerating C++ introspection for ROS interfaces[0m
[1.579s] [ 22%] [32m[1mLinking C shared library libperception_interfaces__rosidl_generator_c.so[0m
[1.600s] [ 22%] Built target perception_interfaces__rosidl_generator_c
[1.605s] [ 25%] [34m[1mGenerating C type support for eProsima Fast-RTPS[0m
[1.655s] [ 29%] [32mBuilding CXX object CMakeFiles/perception_interfaces__rosidl_typesupport_cpp.dir/rosidl_typesupport_cpp/perception_interfaces/msg/block_detection__type_support.cpp.o[0m
[1.659s] [ 32%] [32mBuilding CXX object CMakeFiles/perception_interfaces__rosidl_typesupport_introspection_cpp.dir/rosidl_typesupport_introspection_cpp/perception_interfaces/msg/detail/block_detection__type_support.cpp.o[0m
[1.674s] [ 35%] [32mBuilding CXX object CMakeFiles/perception_interfaces__rosidl_typesupport_fastrtps_cpp.dir/rosidl_typesupport_fastrtps_cpp/perception_interfaces/msg/detail/dds_fastrtps/block_detection__type_support.cpp.o[0m
[1.850s] [ 38%] [32mBuilding CXX object CMakeFiles/perception_interfaces__rosidl_typesupport_fastrtps_c.dir/rosidl_typesupport_fastrtps_c/perception_interfaces/msg/detail/block_detection__type_support_c.cpp.o[0m
[1.986s] [ 41%] [32m[1mLinking CXX shared library libperception_interfaces__rosidl_typesupport_cpp.so[0m
[2.011s] [ 41%] Built target perception_interfaces__rosidl_typesupport_cpp
[2.015s] [ 45%] [34m[1mGenerating C introspection for ROS interfaces[0m
[2.160s] [ 48%] [32m[1mLinking CXX shared library libperception_interfaces__rosidl_typesupport_fastrtps_cpp.so[0m
[2.164s] [ 51%] [32m[1mLinking CXX shared library libperception_interfaces__rosidl_typesupport_introspection_cpp.so[0m
[2.192s] [ 54%] [32m[1mLinking CXX shared library libperception_interfaces__rosidl_typesupport_fastrtps_c.so[0m
[2.199s] [ 58%] [32mBuilding C object CMakeFiles/perception_interfaces__rosidl_typesupport_introspection_c.dir/rosidl_typesupport_introspection_c/perception_interfaces/msg/detail/block_detection__type_support.c.o[0m
[2.206s] [ 58%] Built target perception_interfaces__rosidl_typesupport_fastrtps_cpp
[2.206s] [ 58%] Built target perception_interfaces__rosidl_typesupport_introspection_cpp
[2.211s] [ 61%] [34m[1mGenerating C type support dispatch for ROS interfaces[0m
[2.227s] [ 64%] [32m[1mLinking C shared library libperception_interfaces__rosidl_typesupport_introspection_c.so[0m
[2.237s] [ 64%] Built target perception_interfaces__rosidl_typesupport_fastrtps_c
[2.248s] [ 64%] Built target perception_interfaces__rosidl_typesupport_introspection_c
[2.323s] [ 67%] [32mBuilding CXX object CMakeFiles/perception_interfaces__rosidl_typesupport_c.dir/rosidl_typesupport_c/perception_interfaces/msg/block_detection__type_support.cpp.o[0m
[2.341s] [ 70%] [32m[1mLinking CXX shared library libperception_interfaces__rosidl_typesupport_c.so[0m
[2.362s] [ 70%] Built target perception_interfaces__rosidl_typesupport_c
[2.369s] [ 70%] Built target perception_interfaces
[2.376s] [ 74%] [34m[1mGenerating Python code for ROS interfaces[0m
[2.529s] [ 74%] Built target perception_interfaces__py
[2.541s] [ 77%] [32mBuilding C object CMakeFiles/perception_interfaces__rosidl_generator_py.dir/rosidl_generator_py/perception_interfaces/msg/_block_detection_s.c.o[0m
[2.616s] [ 80%] [32m[1mLinking C shared library rosidl_generator_py/perception_interfaces/libperception_interfaces__rosidl_generator_py.so[0m
[2.633s] [ 80%] Built target perception_interfaces__rosidl_generator_py
[2.643s] [ 87%] [32mBuilding C object CMakeFiles/perception_interfaces__rosidl_typesupport_introspection_c__pyext.dir/rosidl_generator_py/perception_interfaces/_perception_interfaces_s.ep.rosidl_typesupport_introspection_c.c.o[0m
[2.643s] [ 90%] [32mBuilding C object CMakeFiles/perception_interfaces__rosidl_typesupport_c__pyext.dir/rosidl_generator_py/perception_interfaces/_perception_interfaces_s.ep.rosidl_typesupport_c.c.o[0m
[2.643s] [ 90%] [32mBuilding C object CMakeFiles/perception_interfaces__rosidl_typesupport_fastrtps_c__pyext.dir/rosidl_generator_py/perception_interfaces/_perception_interfaces_s.ep.rosidl_typesupport_fastrtps_c.c.o[0m
[2.691s] [ 96%] [32m[1mLinking C shared library rosidl_generator_py/perception_interfaces/perception_interfaces_s__rosidl_typesupport_c.cpython-310-aarch64-linux-gnu.so[0m
[2.691s] [ 96%] [32m[1mLinking C shared library rosidl_generator_py/perception_interfaces/perception_interfaces_s__rosidl_typesupport_introspection_c.cpython-310-aarch64-linux-gnu.so[0m
[2.691s] [100%] [32m[1mLinking C shared library rosidl_generator_py/perception_interfaces/perception_interfaces_s__rosidl_typesupport_fastrtps_c.cpython-310-aarch64-linux-gnu.so[0m
[2.705s] [100%] Built target perception_interfaces__rosidl_typesupport_introspection_c__pyext
[2.705s] [100%] Built target perception_interfaces__rosidl_typesupport_c__pyext
[2.705s] [100%] Built target perception_interfaces__rosidl_typesupport_fastrtps_c__pyext
[2.713s] Invoked command in '/home/omar/Desktop/ros_ws/build/perception_interfaces' returned '0': CMAKE_PREFIX_PATH=/home/omar/Desktop/ros_ws/install/perception:/opt/ros/humble /usr/bin/cmake --build /home/omar/Desktop/ros_ws/build/perception_interfaces -- -j4 -l4
[2.718s] Invoking command in '/home/omar/Desktop/ros_ws/build/perception_interfaces': CMAKE_PREFIX_PATH=/home/omar/Desktop/ros_ws/install/perception:/opt/ros/humble /usr/bin/cmake --install /home/omar/Desktop/ros_ws/build/perception_interfaces
[2.721s] -- Install configuration: ""
[2.721s] -- Installing: /home/omar/Desktop/ros_ws/install/perception_interfaces/share/ament_index/resource_index/rosidl_interfaces/perception_interfaces
[2.721s] -- Installing: /home/omar/Desktop/ros_ws/install/perception_interfaces/include/perception_interfaces/perception_interfaces
[2.721s] -- Installing: /home/omar/Desktop/ros_ws/install/perception_interfaces/include/perception_interfaces/perception_interfaces/msg
[2.721s] -- Installing: /home/omar/Desktop/ros_ws/install/perception_interfaces/include/perception_interfaces/perception_interfaces/msg/detail
[2.721s] -- Installing: /home/omar/Desktop/ros_ws/install/perception_interfaces/include/perception_interfaces/perception_interfaces/msg/detail/block_detection__functions.c
[2.722s] -- Installing: /home/omar/Desktop/ros_ws/install/perception_interfaces/include/perception_interfaces/perception_interfaces/msg/detail/block_detection__struct.h
[2.722s] -- Installing: /home/omar/Desktop/ros_ws/install/perception_interfaces/include/perception_interfaces/perception_interfaces/msg/detail/block_detection__type_support.h
[2.722s] -- Installing: /home/omar/Desktop/ros_ws/install/perception_interfaces/include/perception_interfaces/perception_interfaces/msg/detail/block_detection__functions.h
[2.722s] -- Installing: /home/omar/Desktop/ros_ws/install/perception_interfaces/include/perception_interfaces/perception_interfaces/msg/block_detection.h
[2.722s] -- Installing: /home/omar/Desktop/ros_ws/install/perception_interfaces/include/perception_interfaces/perception_interfaces/msg/rosidl_generator_c__visibility_control.h
[2.722s] -- Installing: /home/omar/Desktop/ros_ws/install/perception_interfaces/share/perception_interfaces/environment/library_path.sh
[2.722s] -- Installing: /home/omar/Desktop/ros_ws/install/perception_interfaces/share/perception_interfaces/environment/library_path.dsv
[2.722s] -- Installing: /home/omar/Desktop/ros_ws/install/perception_interfaces/lib/libperception_interfaces__rosidl_generator_c.so
[2.722s] -- Set runtime path of "/home/omar/Desktop/ros_ws/install/perception_interfaces/lib/libperception_interfaces__rosidl_generator_c.so" to ""
[2.722s] -- Up-to-date: /home/omar/Desktop/ros_ws/install/perception_interfaces/include/perception_interfaces/perception_interfaces
[2.722s] -- Up-to-date: /home/omar/Desktop/ros_ws/install/perception_interfaces/include/perception_interfaces/perception_interfaces/msg
[2.722s] -- Installing: /home/omar/Desktop/ros_ws/install/perception_interfaces/include/perception_interfaces/perception_interfaces/msg/rosidl_typesupport_fastrtps_c__visibility_control.h
[2.722s] -- Up-to-date: /home/omar/Desktop/ros_ws/install/perception_interfaces/include/perception_interfaces/perception_interfaces/msg/detail
[2.722s] -- Installing: /home/omar/Desktop/ros_ws/install/perception_interfaces/include/perception_interfaces/perception_interfaces/msg/detail/block_detection__rosidl_typesupport_fastrtps_c.h
[2.722s] -- Installing: /home/omar/Desktop/ros_ws/install/perception_interfaces/lib/libperception_interfaces__rosidl_typesupport_fastrtps_c.so
[2.723s] -- Set runtime path of "/home/omar/Desktop/ros_ws/install/perception_interfaces/lib/libperception_interfaces__rosidl_typesupport_fastrtps_c.so" to ""
[2.723s] -- Up-to-date: /home/omar/Desktop/ros_ws/install/perception_interfaces/include/perception_interfaces/perception_interfaces
[2.723s] -- Up-to-date: /home/omar/Desktop/ros_ws/install/perception_interfaces/include/perception_interfaces/perception_interfaces/msg
[2.723s] -- Up-to-date: /home/omar/Desktop/ros_ws/install/perception_interfaces/include/perception_interfaces/perception_interfaces/msg/detail
[2.723s] -- Installing: /home/omar/Desktop/ros_ws/install/perception_interfaces/include/perception_interfaces/perception_interfaces/msg/detail/block_detection__type_support.c
[2.723s] -- Installing: /home/omar/Desktop/ros_ws/install/perception_interfaces/include/perception_interfaces/perception_interfaces/msg/detail/block_detection__rosidl_typesupport_introspection_c.h
[2.723s] -- Installing: /home/omar/Desktop/ros_ws/install/perception_interfaces/include/perception_interfaces/perception_interfaces/msg/rosidl_typesupport_introspection_c__visibility_control.h
[2.723s] -- Installing: /home/omar/Desktop/ros_ws/install/perception_interfaces/lib/libperception_interfaces__rosidl_typesupport_introspection_c.so
[2.723s] -- Set runtime path of "/home/omar/Desktop/ros_ws/install/perception_interfaces/lib/libperception_interfaces__rosidl_typesupport_introspection_c.so" to ""
[2.723s] -- Installing: /home/omar/Desktop/ros_ws/install/perception_interfaces/lib/libperception_interfaces__rosidl_typesupport_c.so
[2.723s] -- Set runtime path of "/home/omar/Desktop/ros_ws/install/perception_interfaces/lib/libperception_interfaces__rosidl_typesupport_c.so" to ""
[2.723s] -- Up-to-date: /home/omar/Desktop/ros_ws/install/perception_interfaces/include/perception_interfaces/perception_interfaces
[2.723s] -- Up-to-date: /home/omar/Desktop/ros_ws/install/perception_interfaces/include/perception_interfaces/perception_interfaces/msg
[2.723s] -- Up-to-date: /home/omar/Desktop/ros_ws/install/perception_interfaces/include/perception_interfaces/perception_interfaces/msg/detail
[2.724s] -- Installing: /home/omar/Desktop/ros_ws/install/perception_interfaces/include/perception_interfaces/perception_interfaces/msg/detail/block_detection__struct.hpp
[2.724s] -- Installing: /home/omar/Desktop/ros_ws/install/perception_interfaces/include/perception_interfaces/perception_interfaces/msg/detail/block_detection__type_support.hpp
[2.724s] -- Installing: /home/omar/Desktop/ros_ws/install/perception_interfaces/include/perception_interfaces/perception_interfaces/msg/detail/block_detection__traits.hpp
[2.724s] -- Installing: /home/omar/Desktop/ros_ws/install/perception_interfaces/include/perception_interfaces/perception_interfaces/msg/detail/block_detection__builder.hpp
[2.724s] -- Installing: /home/omar/Desktop/ros_ws/install/perception_interfaces/include/perception_interfaces/perception_interfaces/msg/rosidl_generator_cpp__visibility_control.hpp
[2.724s] -- Installing: /home/omar/Desktop/ros_ws/install/perception_interfaces/include/perception_interfaces/perception_interfaces/msg/block_detection.hpp
[2.724s] -- Up-to-date: /home/omar/Desktop/ros_ws/install/perception_interfaces/include/perception_interfaces/perception_interfaces
[2.724s] -- Up-to-date: /home/omar/Desktop/ros_ws/install/perception_interfaces/include/perception_interfaces/perception_interfaces/msg
[2.724s] -- Installing: /home/omar/Desktop/ros_ws/install/perception_interfaces/include/perception_interfaces/perception_interfaces/msg/rosidl_typesupport_fastrtps_cpp__visibility_control.h
[2.724s] -- Up-to-date: /home/omar/Desktop/ros_ws/install/perception_interfaces/include/perception_interfaces/perception_interfaces/msg/detail
[2.724s] -- Installing: /home/omar/Desktop/ros_ws/install/perception_interfaces/include/perception_interfaces/perception_interfaces/msg/detail/block_detection__rosidl_typesupport_fastrtps_cpp.hpp
[2.724s] -- Installing: /home/omar/Desktop/ros_ws/install/perception_interfaces/include/perception_interfaces/perception_interfaces/msg/detail/dds_fastrtps
[2.725s] -- Installing: /home/omar/Desktop/ros_ws/install/perception_interfaces/lib/libperception_interfaces__rosidl_typesupport_fastrtps_cpp.so
[2.725s] -- Set runtime path of "/home/omar/Desktop/ros_ws/install/perception_interfaces/lib/libperception_interfaces__rosidl_typesupport_fastrtps_cpp.so" to ""
[2.725s] -- Up-to-date: /home/omar/Desktop/ros_ws/install/perception_interfaces/include/perception_interfaces/perception_interfaces
[2.725s] -- Up-to-date: /home/omar/Desktop/ros_ws/install/perception_interfaces/include/perception_interfaces/perception_interfaces/msg
[2.725s] -- Up-to-date: /home/omar/Desktop/ros_ws/install/perception_interfaces/include/perception_interfaces/perception_interfaces/msg/detail
[2.725s] -- Installing: /home/omar/Desktop/ros_ws/install/perception_interfaces/include/perception_interfaces/perception_interfaces/msg/detail/block_detection__type_support.cpp
[2.725s] -- Installing: /home/omar/Desktop/ros_ws/install/perception_interfaces/include/perception_interfaces/perception_interfaces/msg/detail/block_detection__rosidl_typesupport_introspection_cpp.hpp
[2.725s] -- Installing: /home/omar/Desktop/ros_ws/install/perception_interfaces/lib/libperception_interfaces__rosidl_typesupport_introspection_cpp.so
[2.725s] -- Set runtime path of "/home/omar/Desktop/ros_ws/install/perception_interfaces/lib/libperception_interfaces__rosidl_typesupport_introspection_cpp.so" to ""
[2.725s] -- Installing: /home/omar/Desktop/ros_ws/install/perception_interfaces/lib/libperception_interfaces__rosidl_typesupport_cpp.so
[2.725s] -- Set runtime path of "/home/omar/Desktop/ros_ws/install/perception_interfaces/lib/libperception_interfaces__rosidl_typesupport_cpp.so" to ""
[2.725s] -- Installing: /home/omar/Desktop/ros_ws/install/perception_interfaces/share/perception_interfaces/environment/pythonpath.sh
[2.725s] -- Installing: /home/omar/Desktop/ros_ws/install/perception_interfaces/share/perception_interfaces/environment/pythonpath.dsv
[2.725s] -- Installing: /home/omar/Desktop/ros_ws/install/perception_interfaces/local/lib/python3.10/dist-packages/perception_interfaces-0.0.0-py3.10.egg-info
[2.726s] -- Installing: /home/omar/Desktop/ros_ws/install/perception_interfaces/local/lib/python3.10/dist-packages/perception_interfaces-0.0.0-py3.10.egg-info/dependency_links.txt
[2.726s] -- Installing: /home/omar/Desktop/ros_ws/install/perception_interfaces/local/lib/python3.10/dist-packages/perception_interfaces-0.0.0-py3.10.egg-info/PKG-INFO
[2.726s] -- Installing: /home/omar/Desktop/ros_ws/install/perception_interfaces/local/lib/python3.10/dist-packages/perception_interfaces-0.0.0-py3.10.egg-info/SOURCES.txt
[2.726s] -- Installing: /home/omar/Desktop/ros_ws/install/perception_interfaces/local/lib/python3.10/dist-packages/perception_interfaces-0.0.0-py3.10.egg-info/top_level.txt
[2.726s] -- Installing: /home/omar/Desktop/ros_ws/install/perception_interfaces/local/lib/python3.10/dist-packages/perception_interfaces
[2.726s] -- Installing: /home/omar/Desktop/ros_ws/install/perception_interfaces/local/lib/python3.10/dist-packages/perception_interfaces/perception_interfaces_s__rosidl_typesupport_fastrtps_c.cpython-310-aarch64-linux-gnu.so
[2.726s] -- Installing: /home/omar/Desktop/ros_ws/install/perception_interfaces/local/lib/python3.10/dist-packages/perception_interfaces/_perception_interfaces_s.ep.rosidl_typesupport_fastrtps_c.c
[2.726s] -- Installing: /home/omar/Desktop/ros_ws/install/perception_interfaces/local/lib/python3.10/dist-packages/perception_interfaces/libperception_interfaces__rosidl_generator_py.so
[2.726s] -- Installing: /home/omar/Desktop/ros_ws/install/perception_interfaces/local/lib/python3.10/dist-packages/perception_interfaces/__init__.py
[2.726s] -- Installing: /home/omar/Desktop/ros_ws/install/perception_interfaces/local/lib/python3.10/dist-packages/perception_interfaces/perception_interfaces_s__rosidl_typesupport_c.cpython-310-aarch64-linux-gnu.so
[2.726s] -- Installing: /home/omar/Desktop/ros_ws/install/perception_interfaces/local/lib/python3.10/dist-packages/perception_interfaces/perception_interfaces_s__rosidl_typesupport_introspection_c.cpython-310-aarch64-linux-gnu.so
[2.726s] -- Installing: /home/omar/Desktop/ros_ws/install/perception_interfaces/local/lib/python3.10/dist-packages/perception_interfaces/_perception_interfaces_s.ep.rosidl_typesupport_introspection_c.c
[2.726s] -- Installing: /home/omar/Desktop/ros_ws/install/perception_interfaces/local/lib/python3.10/dist-packages/perception_interfaces/msg
[2.726s] -- Installing: /home/omar/Desktop/ros_ws/install/perception_interfaces/local/lib/python3.10/dist-packages/perception_interfaces/msg/_block_detection_s.c
[2.726s] -- Installing: /home/omar/Desktop/ros_ws/install/perception_interfaces/local/lib/python3.10/dist-packages/perception_interfaces/msg/__init__.py
[2.726s] -- Installing: /home/omar/Desktop/ros_ws/install/perception_interfaces/local/lib/python3.10/dist-packages/perception_interfaces/msg/_block_detection.py
[2.726s] -- Installing: /home/omar/Desktop/ros_ws/install/perception_interfaces/local/lib/python3.10/dist-packages/perception_interfaces/_perception_interfaces_s.ep.rosidl_typesupport_c.c
[2.746s] Listing '/home/omar/Desktop/ros_ws/install/perception_interfaces/local/lib/python3.10/dist-packages/perception_interfaces'...
[2.746s] Compiling '/home/omar/Desktop/ros_ws/install/perception_interfaces/local/lib/python3.10/dist-packages/perception_interfaces/__init__.py'...
[2.746s] Listing '/home/omar/Desktop/ros_ws/install/perception_interfaces/local/lib/python3.10/dist-packages/perception_interfaces/msg'...
[2.746s] Compiling '/home/omar/Desktop/ros_ws/install/perception_interfaces/local/lib/python3.10/dist-packages/perception_interfaces/msg/__init__.py'...
[2.746s] Compiling '/home/omar/Desktop/ros_ws/install/perception_interfaces/local/lib/python3.10/dist-packages/perception_interfaces/msg/_block_detection.py'...
[2.749s] -- Installing: /home/omar/Desktop/ros_ws/install/perception_interfaces/local/lib/python3.10/dist-packages/perception_interfaces/perception_interfaces_s__rosidl_typesupport_fastrtps_c.cpython-310-aarch64-linux-gnu.so
[2.749s] -- Set runtime path of "/home/omar/Desktop/ros_ws/install/perception_interfaces/local/lib/python3.10/dist-packages/perception_interfaces/perception_interfaces_s__rosidl_typesupport_fastrtps_c.cpython-310-aarch64-linux-gnu.so" to ""
[2.749s] -- Installing: /home/omar/Desktop/ros_ws/install/perception_interfaces/local/lib/python3.10/dist-packages/perception_interfaces/perception_interfaces_s__rosidl_typesupport_introspection_c.cpython-310-aarch64-linux-gnu.so
[2.750s] -- Set runtime path of "/home/omar/Desktop/ros_ws/install/perception_interfaces/local/lib/python3.10/dist-packages/perception_interfaces/perception_interfaces_s__rosidl_typesupport_introspection_c.cpython-310-aarch64-linux-gnu.so" to ""
[2.750s] -- Installing: /home/omar/Desktop/ros_ws/install/perception_interfaces/local/lib/python3.10/dist-packages/perception_interfaces/perception_interfaces_s__rosidl_typesupport_c.cpython-310-aarch64-linux-gnu.so
[2.750s] -- Set runtime path of "/home/omar/Desktop/ros_ws/install/perception_interfaces/local/lib/python3.10/dist-packages/perception_interfaces/perception_interfaces_s__rosidl_typesupport_c.cpython-310-aarch64-linux-gnu.so" to ""
[2.750s] -- Installing: /home/omar/Desktop/ros_ws/install/perception_interfaces/lib/libperception_interfaces__rosidl_generator_py.so
[2.750s] -- Set runtime path of "/home/omar/Desktop/ros_ws/install/perception_interfaces/lib/libperception_interfaces__rosidl_generator_py.so" to ""
[2.750s] -- Installing: /home/omar/Desktop/ros_ws/install/perception_interfaces/share/perception_interfaces/msg/BlockDetection.idl
[2.750s] -- Installing: /home/omar/Desktop/ros_ws/install/perception_interfaces/share/perception_interfaces/msg/BlockDetection.msg
[2.750s] -- Installing: /home/omar/Desktop/ros_ws/install/perception_interfaces/share/ament_index/resource_index/package_run_dependencies/perception_interfaces
[2.750s] -- Installing: /home/omar/Desktop/ros_ws/install/perception_interfaces/share/ament_index/resource_index/parent_prefix_path/perception_interfaces
[2.750s] -- Installing: /home/omar/Desktop/ros_ws/install/perception_interfaces/share/perception_interfaces/environment/ament_prefix_path.sh
[2.751s] -- Installing: /home/omar/Desktop/ros_ws/install/perception_interfaces/share/perception_interfaces/environment/ament_prefix_path.dsv
[2.751s] -- Installing: /home/omar/Desktop/ros_ws/install/perception_interfaces/share/perception_interfaces/environment/path.sh
[2.751s] -- Installing: /home/omar/Desktop/ros_ws/install/perception_interfaces/share/perception_interfaces/environment/path.dsv
[2.751s] -- Installing: /home/omar/Desktop/ros_ws/install/perception_interfaces/share/perception_interfaces/local_setup.bash
[2.751s] -- Installing: /home/omar/Desktop/ros_ws/install/perception_interfaces/share/perception_interfaces/local_setup.sh
[2.751s] -- Installing: /home/omar/Desktop/ros_ws/install/perception_interfaces/share/perception_interfaces/local_setup.zsh
[2.751s] -- Installing: /home/omar/Desktop/ros_ws/install/perception_interfaces/share/perception_interfaces/local_setup.dsv
[2.751s] -- Installing: /home/omar/Desktop/ros_ws/install/perception_interfaces/share/perception_interfaces/package.dsv
[2.751s] -- Installing: /home/omar/Desktop/ros_ws/install/perception_interfaces/share/ament_index/resource_index/packages/perception_interfaces
[2.751s] -- Installing: /home/omar/Desktop/ros_ws/install/perception_interfaces/share/perception_interfaces/cmake/export_perception_interfaces__rosidl_generator_cExport.cmake
[2.751s] -- Installing: /home/omar/Desktop/ros_ws/install/perception_interfaces/share/perception_interfaces/cmake/export_perception_interfaces__rosidl_generator_cExport-noconfig.cmake
[2.751s] -- Installing: /home/omar/Desktop/ros_ws/install/perception_interfaces/share/perception_interfaces/cmake/export_perception_interfaces__rosidl_typesupport_fastrtps_cExport.cmake
[2.752s] -- Installing: /home/omar/Desktop/ros_ws/install/perception_interfaces/share/perception_interfaces/cmake/export_perception_interfaces__rosidl_typesupport_fastrtps_cExport-noconfig.cmake
[2.752s] -- Installing: /home/omar/Desktop/ros_ws/install/perception_interfaces/share/perception_interfaces/cmake/perception_interfaces__rosidl_typesupport_introspection_cExport.cmake
[2.752s] -- Installing: /home/omar/Desktop/ros_ws/install/perception_interfaces/share/perception_interfaces/cmake/perception_interfaces__rosidl_typesupport_introspection_cExport-noconfig.cmake
[2.752s] -- Installing: /home/omar/Desktop/ros_ws/install/perception_interfaces/share/perception_interfaces/cmake/perception_interfaces__rosidl_typesupport_cExport.cmake
[2.752s] -- Installing: /home/omar/Desktop/ros_ws/install/perception_interfaces/share/perception_interfaces/cmake/perception_interfaces__rosidl_typesupport_cExport-noconfig.cmake
[2.752s] -- Installing: /home/omar/Desktop/ros_ws/install/perception_interfaces/share/perception_interfaces/cmake/export_perception_interfaces__rosidl_generator_cppExport.cmake
[2.752s] -- Installing: /home/omar/Desktop/ros_ws/install/perception_interfaces/share/perception_interfaces/cmake/export_perception_interfaces__rosidl_typesupport_fastrtps_cppExport.cmake
[2.752s] -- Installing: /home/omar/Desktop/ros_ws/install/perception_interfaces/share/perception_interfaces/cmake/export_perception_interfaces__rosidl_typesupport_fastrtps_cppExport-noconfig.cmake
[2.752s] -- Installing: /home/omar/Desktop/ros_ws/install/perception_interfaces/share/perception_interfaces/cmake/perception_interfaces__rosidl_typesupport_introspection_cppExport.cmake
[2.752s] -- Installing: /home/omar/Desktop/ros_ws/install/perception_interfaces/share/perception_interfaces/cmake/perception_interfaces__rosidl_typesupport_introspection_cppExport-noconfig.cmake
[2.752s] -- Installing: /home/omar/Desktop/ros_ws/install/perception_interfaces/share/perception_interfaces/cmake/perception_interfaces__rosidl_typesupport_cppExport.cmake
[2.752s] -- Installing: /home/omar/Desktop/ros_ws/install/perception_interfaces/share/perception_interfaces/cmake/perception_interfaces__rosidl_typesupport_cppExport-noconfig.cmake
[2.752s] -- Installing: /home/omar/Desktop/ros_ws/install/perception_interfaces/share/perception_interfaces/cmake/export_perception_interfaces__rosidl_generator_pyExport.cmake
[2.752s] -- Installing: /home/omar/Desktop/ros_ws/install/perception_interfaces/share/perception_interfaces/cmake/export_perception_interfaces__rosidl_generator_pyExport-noconfig.cmake
[2.753s] -- Installing: /home/omar/Desktop/ros_ws/install/perception_interfaces/share/perception_interfaces/cmake/rosidl_cmake-extras.cmake
[2.753s] -- Installing: /home/omar/Desktop/ros_ws/install/perception_interfaces/share/perception_interfaces/cmake/ament_cmake_export_include_directories-extras.cmake
[2.753s] -- Installing: /home/omar/Desktop/ros_ws/install/perception_interfaces/share/perception_interfaces/cmake/ament_cmake_export_libraries-extras.cmake
[2.753s] -- Installing: /home/omar/Desktop/ros_ws/install/perception_interfaces/share/perception_interfaces/cmake/ament_cmake_export_targets-extras.cmake
[2.753s] -- Installing: /home/omar/Desktop/ros_ws/install/perception_interfaces/share/perception_interfaces/cmake/rosidl_cmake_export_typesupport_targets-extras.cmake
[2.753s] -- Installing: /home/omar/Desktop/ros_ws/install/perception_interfaces/share/perception_interfaces/cmake/ament_cmake_export_dependencies-extras.cmake
[2.753s] -- Installing: /home/omar/Desktop/ros_ws/install/perception_interfaces/share/perception_interfaces/cmake/rosidl_cmake_export_typesupport_libraries-extras.cmake
[2.753s] -- Installing: /home/omar/Desktop/ros_ws/install/perception_interfaces/share/perception_interfaces/cmake/perception_interfacesConfig.cmake
[2.753s] -- Installing: /home/omar/Desktop/ros_ws/install/perception_interfaces/share/perception_interfaces/cmake/perception_interfacesConfig-version.cmake
[2.753s] -- Installing: /home/omar/Desktop/ros_ws/install/perception_interfaces/share/perception_interfaces/package.xml
[2.755s] Invoked command in '/home/omar/Desktop/ros_ws/build/perception_interfaces' returned '0': CMAKE_PREFIX_PATH=/home/omar/Desktop/ros_ws/install/perception:/opt/ros/humble /usr/bin/cmake --install /home/omar/Desktop/ros_ws/build/perception_interfaces
