[0.516s] Invoking command in '/home/omar/Desktop/ros_ws/src/perception': PYTHONPATH=/home/omar/Desktop/ros_ws/build/perception/prefix_override:/usr/lib/python3/dist-packages/colcon_core/task/python/colcon_distutils_commands:/home/omar/Desktop/ros_ws/install/perception/lib/python3.10/site-packages:${PYTHONPATH} /usr/bin/python3 -W ignore:setup.py install is deprecated -W ignore:easy_install command is deprecated setup.py egg_info --egg-base ../../build/perception build --build-base /home/omar/Desktop/ros_ws/build/perception/build install --record /home/omar/Desktop/ros_ws/build/perception/install.log --single-version-externally-managed install_data
[0.614s] running egg_info
[0.614s] writing ../../build/perception/perception.egg-info/PKG-INFO
[0.615s] writing dependency_links to ../../build/perception/perception.egg-info/dependency_links.txt
[0.615s] writing entry points to ../../build/perception/perception.egg-info/entry_points.txt
[0.615s] writing requirements to ../../build/perception/perception.egg-info/requires.txt
[0.615s] writing top-level names to ../../build/perception/perception.egg-info/top_level.txt
[0.616s] reading manifest file '../../build/perception/perception.egg-info/SOURCES.txt'
[0.617s] writing manifest file '../../build/perception/perception.egg-info/SOURCES.txt'
[0.617s] running build
[0.617s] running build_py
[0.618s] copying perception/nodes/image_saver.py -> /home/omar/Desktop/ros_ws/build/perception/build/lib/perception/nodes
[0.618s] running install
[0.618s] running install_lib
[0.619s] copying /home/omar/Desktop/ros_ws/build/perception/build/lib/perception/nodes/image_saver.py -> /home/omar/Desktop/ros_ws/install/perception/lib/python3.10/site-packages/perception/nodes
[0.622s] byte-compiling /home/omar/Desktop/ros_ws/install/perception/lib/python3.10/site-packages/perception/nodes/image_saver.py to image_saver.cpython-310.pyc
[0.622s] running install_data
[0.623s] running install_egg_info
[0.623s] removing '/home/omar/Desktop/ros_ws/install/perception/lib/python3.10/site-packages/perception-0.0.0-py3.10.egg-info' (and everything under it)
[0.624s] Copying ../../build/perception/perception.egg-info to /home/omar/Desktop/ros_ws/install/perception/lib/python3.10/site-packages/perception-0.0.0-py3.10.egg-info
[0.624s] running install_scripts
[0.634s] Installing detection_node script to /home/omar/Desktop/ros_ws/install/perception/lib/perception
[0.634s] Installing saver_node script to /home/omar/Desktop/ros_ws/install/perception/lib/perception
[0.634s] writing list of installed files to '/home/omar/Desktop/ros_ws/build/perception/install.log'
[0.648s] Invoked command in '/home/omar/Desktop/ros_ws/src/perception' returned '0': PYTHONPATH=/home/omar/Desktop/ros_ws/build/perception/prefix_override:/usr/lib/python3/dist-packages/colcon_core/task/python/colcon_distutils_commands:/home/omar/Desktop/ros_ws/install/perception/lib/python3.10/site-packages:${PYTHONPATH} /usr/bin/python3 -W ignore:setup.py install is deprecated -W ignore:easy_install command is deprecated setup.py egg_info --egg-base ../../build/perception build --build-base /home/omar/Desktop/ros_ws/build/perception/build install --record /home/omar/Desktop/ros_ws/build/perception/install.log --single-version-externally-managed install_data
