running egg_info
writing ../../build/perception/perception.egg-info/PKG-INFO
writing dependency_links to ../../build/perception/perception.egg-info/dependency_links.txt
writing entry points to ../../build/perception/perception.egg-info/entry_points.txt
writing requirements to ../../build/perception/perception.egg-info/requires.txt
writing top-level names to ../../build/perception/perception.egg-info/top_level.txt
reading manifest file '../../build/perception/perception.egg-info/SOURCES.txt'
writing manifest file '../../build/perception/perception.egg-info/SOURCES.txt'
running build
running build_py
creating /home/omar/Desktop/ros_ws/build/perception/build/lib/perception/msg
copying perception/msg/__init__.py -> /home/omar/Desktop/ros_ws/build/perception/build/lib/perception/msg
creating /home/omar/Desktop/ros_ws/build/perception/build/lib/perception/nodes
copying perception/nodes/color_detector_node.py -> /home/omar/Desktop/ros_ws/build/perception/build/lib/perception/nodes
copying perception/nodes/__init__.py -> /home/omar/Desktop/ros_ws/build/perception/build/lib/perception/nodes
running install
running install_lib
creating /home/omar/Desktop/ros_ws/install/perception/lib/python3.10/site-packages/perception/msg
copying /home/omar/Desktop/ros_ws/build/perception/build/lib/perception/msg/__init__.py -> /home/omar/Desktop/ros_ws/install/perception/lib/python3.10/site-packages/perception/msg
creating /home/omar/Desktop/ros_ws/install/perception/lib/python3.10/site-packages/perception/nodes
copying /home/omar/Desktop/ros_ws/build/perception/build/lib/perception/nodes/color_detector_node.py -> /home/omar/Desktop/ros_ws/install/perception/lib/python3.10/site-packages/perception/nodes
copying /home/omar/Desktop/ros_ws/build/perception/build/lib/perception/nodes/__init__.py -> /home/omar/Desktop/ros_ws/install/perception/lib/python3.10/site-packages/perception/nodes
byte-compiling /home/omar/Desktop/ros_ws/install/perception/lib/python3.10/site-packages/perception/msg/__init__.py to __init__.cpython-310.pyc
byte-compiling /home/omar/Desktop/ros_ws/install/perception/lib/python3.10/site-packages/perception/nodes/color_detector_node.py to color_detector_node.cpython-310.pyc
byte-compiling /home/omar/Desktop/ros_ws/install/perception/lib/python3.10/site-packages/perception/nodes/__init__.py to __init__.cpython-310.pyc
running install_data
running install_egg_info
removing '/home/omar/Desktop/ros_ws/install/perception/lib/python3.10/site-packages/perception-0.0.0-py3.10.egg-info' (and everything under it)
Copying ../../build/perception/perception.egg-info to /home/omar/Desktop/ros_ws/install/perception/lib/python3.10/site-packages/perception-0.0.0-py3.10.egg-info
running install_scripts
Installing detection_node script to /home/omar/Desktop/ros_ws/install/perception/lib/perception
writing list of installed files to '/home/omar/Desktop/ros_ws/build/perception/install.log'
