[0.186s] DEBUG:colcon:Command line arguments: ['/usr/bin/colcon', 'build']
[0.186s] DEBUG:colcon:Parsed command line arguments: Namespace(log_base=None, log_level=None, verb_name='build', build_base='build', install_base='install', merge_install=False, symlink_install=False, test_result_base=None, continue_on_error=False, executor='parallel', parallel_workers=4, event_handlers=None, ignore_user_meta=False, metas=['./colcon.meta'], base_paths=['.'], packages_ignore=None, packages_ignore_regex=None, paths=None, packages_up_to=None, packages_up_to_regex=None, packages_above=None, packages_above_and_dependencies=None, packages_above_depth=None, packages_select_by_dep=None, packages_skip_by_dep=None, packages_skip_up_to=None, packages_select_build_failed=False, packages_skip_build_finished=False, packages_select_test_failures=False, packages_skip_test_passed=False, packages_select=None, packages_skip=None, packages_select_regex=None, packages_skip_regex=None, packages_start=None, packages_end=None, allow_overriding=[], cmake_args=None, cmake_target=None, cmake_target_skip_unavailable=False, cmake_clean_cache=False, cmake_clean_first=False, cmake_force_configure=False, ament_cmake_args=None, catkin_cmake_args=None, catkin_skip_building_tests=False, mixin_files=None, mixin=None, verb_parser=<colcon_mixin.mixin.mixin_argument.MixinArgumentDecorator object at 0xffff87dc48b0>, verb_extension=<colcon_core.verb.build.BuildVerb object at 0xffff87dc42b0>, main=<bound method BuildVerb.main of <colcon_core.verb.build.BuildVerb object at 0xffff87dc42b0>>, mixin_verb=('build',))
[0.327s] Level 1:colcon.colcon_core.package_discovery:discover_packages(colcon_meta) check parameters
[0.327s] Level 1:colcon.colcon_core.package_discovery:discover_packages(recursive) check parameters
[0.327s] Level 1:colcon.colcon_core.package_discovery:discover_packages(ignore) check parameters
[0.327s] Level 1:colcon.colcon_core.package_discovery:discover_packages(path) check parameters
[0.327s] Level 1:colcon.colcon_core.package_discovery:discover_packages(colcon_meta) discover
[0.327s] Level 1:colcon.colcon_core.package_discovery:discover_packages(recursive) discover
[0.328s] INFO:colcon.colcon_core.package_discovery:Crawling recursively for packages in '/home/omar/Desktop/ros_ws'
[0.328s] Level 1:colcon.colcon_core.package_identification:_identify(.) by extensions ['ignore', 'ignore_ament_install']
[0.328s] Level 1:colcon.colcon_core.package_identification:_identify(.) by extension 'ignore'
[0.328s] Level 1:colcon.colcon_core.package_identification:_identify(.) by extension 'ignore_ament_install'
[0.328s] Level 1:colcon.colcon_core.package_identification:_identify(.) by extensions ['colcon_pkg']
[0.328s] Level 1:colcon.colcon_core.package_identification:_identify(.) by extension 'colcon_pkg'
[0.328s] Level 1:colcon.colcon_core.package_identification:_identify(.) by extensions ['colcon_meta']
[0.328s] Level 1:colcon.colcon_core.package_identification:_identify(.) by extension 'colcon_meta'
[0.328s] Level 1:colcon.colcon_core.package_identification:_identify(.) by extensions ['ros']
[0.328s] Level 1:colcon.colcon_core.package_identification:_identify(.) by extension 'ros'
[0.337s] Level 1:colcon.colcon_core.package_identification:_identify(.) by extensions ['cmake', 'python']
[0.337s] Level 1:colcon.colcon_core.package_identification:_identify(.) by extension 'cmake'
[0.337s] Level 1:colcon.colcon_core.package_identification:_identify(.) by extension 'python'
[0.337s] Level 1:colcon.colcon_core.package_identification:_identify(.) by extensions ['python_setup_py']
[0.337s] Level 1:colcon.colcon_core.package_identification:_identify(.) by extension 'python_setup_py'
[0.337s] Level 1:colcon.colcon_core.package_identification:_identify(build) by extensions ['ignore', 'ignore_ament_install']
[0.337s] Level 1:colcon.colcon_core.package_identification:_identify(build) by extension 'ignore'
[0.337s] Level 1:colcon.colcon_core.package_identification:_identify(build) ignored
[0.337s] Level 1:colcon.colcon_core.package_identification:_identify(install) by extensions ['ignore', 'ignore_ament_install']
[0.337s] Level 1:colcon.colcon_core.package_identification:_identify(install) by extension 'ignore'
[0.337s] Level 1:colcon.colcon_core.package_identification:_identify(install) ignored
[0.337s] Level 1:colcon.colcon_core.package_identification:_identify(log) by extensions ['ignore', 'ignore_ament_install']
[0.337s] Level 1:colcon.colcon_core.package_identification:_identify(log) by extension 'ignore'
[0.337s] Level 1:colcon.colcon_core.package_identification:_identify(log) ignored
[0.337s] Level 1:colcon.colcon_core.package_identification:_identify(src) by extensions ['ignore', 'ignore_ament_install']
[0.337s] Level 1:colcon.colcon_core.package_identification:_identify(src) by extension 'ignore'
[0.337s] Level 1:colcon.colcon_core.package_identification:_identify(src) by extension 'ignore_ament_install'
[0.337s] Level 1:colcon.colcon_core.package_identification:_identify(src) by extensions ['colcon_pkg']
[0.337s] Level 1:colcon.colcon_core.package_identification:_identify(src) by extension 'colcon_pkg'
[0.337s] Level 1:colcon.colcon_core.package_identification:_identify(src) by extensions ['colcon_meta']
[0.337s] Level 1:colcon.colcon_core.package_identification:_identify(src) by extension 'colcon_meta'
[0.337s] Level 1:colcon.colcon_core.package_identification:_identify(src) by extensions ['ros']
[0.337s] Level 1:colcon.colcon_core.package_identification:_identify(src) by extension 'ros'
[0.337s] Level 1:colcon.colcon_core.package_identification:_identify(src) by extensions ['cmake', 'python']
[0.337s] Level 1:colcon.colcon_core.package_identification:_identify(src) by extension 'cmake'
[0.337s] Level 1:colcon.colcon_core.package_identification:_identify(src) by extension 'python'
[0.337s] Level 1:colcon.colcon_core.package_identification:_identify(src) by extensions ['python_setup_py']
[0.337s] Level 1:colcon.colcon_core.package_identification:_identify(src) by extension 'python_setup_py'
[0.338s] Level 1:colcon.colcon_core.package_identification:_identify(src/ep_camera) by extensions ['ignore', 'ignore_ament_install']
[0.338s] Level 1:colcon.colcon_core.package_identification:_identify(src/ep_camera) by extension 'ignore'
[0.338s] Level 1:colcon.colcon_core.package_identification:_identify(src/ep_camera) by extension 'ignore_ament_install'
[0.338s] Level 1:colcon.colcon_core.package_identification:_identify(src/ep_camera) by extensions ['colcon_pkg']
[0.338s] Level 1:colcon.colcon_core.package_identification:_identify(src/ep_camera) by extension 'colcon_pkg'
[0.338s] Level 1:colcon.colcon_core.package_identification:_identify(src/ep_camera) by extensions ['colcon_meta']
[0.338s] Level 1:colcon.colcon_core.package_identification:_identify(src/ep_camera) by extension 'colcon_meta'
[0.338s] Level 1:colcon.colcon_core.package_identification:_identify(src/ep_camera) by extensions ['ros']
[0.338s] Level 1:colcon.colcon_core.package_identification:_identify(src/ep_camera) by extension 'ros'
[0.340s] DEBUG:colcon.colcon_core.package_identification:Package 'src/ep_camera' with type 'ros.ament_python' and name 'ep_camera'
[0.341s] Level 1:colcon.colcon_core.package_identification:_identify(src/perception) by extensions ['ignore', 'ignore_ament_install']
[0.341s] Level 1:colcon.colcon_core.package_identification:_identify(src/perception) by extension 'ignore'
[0.341s] Level 1:colcon.colcon_core.package_identification:_identify(src/perception) by extension 'ignore_ament_install'
[0.341s] Level 1:colcon.colcon_core.package_identification:_identify(src/perception) by extensions ['colcon_pkg']
[0.341s] Level 1:colcon.colcon_core.package_identification:_identify(src/perception) by extension 'colcon_pkg'
[0.341s] Level 1:colcon.colcon_core.package_identification:_identify(src/perception) by extensions ['colcon_meta']
[0.341s] Level 1:colcon.colcon_core.package_identification:_identify(src/perception) by extension 'colcon_meta'
[0.341s] Level 1:colcon.colcon_core.package_identification:_identify(src/perception) by extensions ['ros']
[0.341s] Level 1:colcon.colcon_core.package_identification:_identify(src/perception) by extension 'ros'
[0.341s] DEBUG:colcon.colcon_core.package_identification:Package 'src/perception' with type 'ros.ament_python' and name 'perception'
[0.342s] Level 1:colcon.colcon_core.package_identification:_identify(src/perception_interfaces) by extensions ['ignore', 'ignore_ament_install']
[0.342s] Level 1:colcon.colcon_core.package_identification:_identify(src/perception_interfaces) by extension 'ignore'
[0.342s] Level 1:colcon.colcon_core.package_identification:_identify(src/perception_interfaces) by extension 'ignore_ament_install'
[0.342s] Level 1:colcon.colcon_core.package_identification:_identify(src/perception_interfaces) by extensions ['colcon_pkg']
[0.342s] Level 1:colcon.colcon_core.package_identification:_identify(src/perception_interfaces) by extension 'colcon_pkg'
[0.342s] Level 1:colcon.colcon_core.package_identification:_identify(src/perception_interfaces) by extensions ['colcon_meta']
[0.342s] Level 1:colcon.colcon_core.package_identification:_identify(src/perception_interfaces) by extension 'colcon_meta'
[0.342s] Level 1:colcon.colcon_core.package_identification:_identify(src/perception_interfaces) by extensions ['ros']
[0.342s] Level 1:colcon.colcon_core.package_identification:_identify(src/perception_interfaces) by extension 'ros'
[0.342s] DEBUG:colcon.colcon_core.package_identification:Package 'src/perception_interfaces' with type 'ros.ament_cmake' and name 'perception_interfaces'
[0.342s] Level 1:colcon.colcon_core.package_discovery:discover_packages(recursive) using defaults
[0.342s] Level 1:colcon.colcon_core.package_discovery:discover_packages(ignore) discover
[0.342s] Level 1:colcon.colcon_core.package_discovery:discover_packages(ignore) using defaults
[0.342s] Level 1:colcon.colcon_core.package_discovery:discover_packages(path) discover
[0.342s] Level 1:colcon.colcon_core.package_discovery:discover_packages(path) using defaults
[0.360s] Level 1:colcon.colcon_core.package_discovery:discover_packages(prefix_path) check parameters
[0.360s] Level 1:colcon.colcon_core.package_discovery:discover_packages(prefix_path) discover
[0.362s] DEBUG:colcon.colcon_installed_package_information.package_discovery:Found 199 installed packages in /opt/ros/humble
[0.366s] Level 1:colcon.colcon_core.package_discovery:discover_packages(prefix_path) using defaults
[0.379s] Level 5:colcon.colcon_core.verb:set package 'ep_camera' build argument 'cmake_args' from command line to 'None'
[0.379s] Level 5:colcon.colcon_core.verb:set package 'ep_camera' build argument 'cmake_target' from command line to 'None'
[0.379s] Level 5:colcon.colcon_core.verb:set package 'ep_camera' build argument 'cmake_target_skip_unavailable' from command line to 'False'
[0.379s] Level 5:colcon.colcon_core.verb:set package 'ep_camera' build argument 'cmake_clean_cache' from command line to 'False'
[0.379s] Level 5:colcon.colcon_core.verb:set package 'ep_camera' build argument 'cmake_clean_first' from command line to 'False'
[0.379s] Level 5:colcon.colcon_core.verb:set package 'ep_camera' build argument 'cmake_force_configure' from command line to 'False'
[0.379s] Level 5:colcon.colcon_core.verb:set package 'ep_camera' build argument 'ament_cmake_args' from command line to 'None'
[0.379s] Level 5:colcon.colcon_core.verb:set package 'ep_camera' build argument 'catkin_cmake_args' from command line to 'None'
[0.379s] Level 5:colcon.colcon_core.verb:set package 'ep_camera' build argument 'catkin_skip_building_tests' from command line to 'False'
[0.379s] DEBUG:colcon.colcon_core.verb:Building package 'ep_camera' with the following arguments: {'ament_cmake_args': None, 'build_base': '/home/omar/Desktop/ros_ws/build/ep_camera', 'catkin_cmake_args': None, 'catkin_skip_building_tests': False, 'cmake_args': None, 'cmake_clean_cache': False, 'cmake_clean_first': False, 'cmake_force_configure': False, 'cmake_target': None, 'cmake_target_skip_unavailable': False, 'install_base': '/home/omar/Desktop/ros_ws/install/ep_camera', 'merge_install': False, 'path': '/home/omar/Desktop/ros_ws/src/ep_camera', 'symlink_install': False, 'test_result_base': None}
[0.380s] Level 5:colcon.colcon_core.verb:set package 'perception' build argument 'cmake_args' from command line to 'None'
[0.380s] Level 5:colcon.colcon_core.verb:set package 'perception' build argument 'cmake_target' from command line to 'None'
[0.380s] Level 5:colcon.colcon_core.verb:set package 'perception' build argument 'cmake_target_skip_unavailable' from command line to 'False'
[0.380s] Level 5:colcon.colcon_core.verb:set package 'perception' build argument 'cmake_clean_cache' from command line to 'False'
[0.380s] Level 5:colcon.colcon_core.verb:set package 'perception' build argument 'cmake_clean_first' from command line to 'False'
[0.380s] Level 5:colcon.colcon_core.verb:set package 'perception' build argument 'cmake_force_configure' from command line to 'False'
[0.380s] Level 5:colcon.colcon_core.verb:set package 'perception' build argument 'ament_cmake_args' from command line to 'None'
[0.380s] Level 5:colcon.colcon_core.verb:set package 'perception' build argument 'catkin_cmake_args' from command line to 'None'
[0.380s] Level 5:colcon.colcon_core.verb:set package 'perception' build argument 'catkin_skip_building_tests' from command line to 'False'
[0.380s] DEBUG:colcon.colcon_core.verb:Building package 'perception' with the following arguments: {'ament_cmake_args': None, 'build_base': '/home/omar/Desktop/ros_ws/build/perception', 'catkin_cmake_args': None, 'catkin_skip_building_tests': False, 'cmake_args': None, 'cmake_clean_cache': False, 'cmake_clean_first': False, 'cmake_force_configure': False, 'cmake_target': None, 'cmake_target_skip_unavailable': False, 'install_base': '/home/omar/Desktop/ros_ws/install/perception', 'merge_install': False, 'path': '/home/omar/Desktop/ros_ws/src/perception', 'symlink_install': False, 'test_result_base': None}
[0.380s] Level 5:colcon.colcon_core.verb:set package 'perception_interfaces' build argument 'cmake_args' from command line to 'None'
[0.380s] Level 5:colcon.colcon_core.verb:set package 'perception_interfaces' build argument 'cmake_target' from command line to 'None'
[0.380s] Level 5:colcon.colcon_core.verb:set package 'perception_interfaces' build argument 'cmake_target_skip_unavailable' from command line to 'False'
[0.380s] Level 5:colcon.colcon_core.verb:set package 'perception_interfaces' build argument 'cmake_clean_cache' from command line to 'False'
[0.380s] Level 5:colcon.colcon_core.verb:set package 'perception_interfaces' build argument 'cmake_clean_first' from command line to 'False'
[0.380s] Level 5:colcon.colcon_core.verb:set package 'perception_interfaces' build argument 'cmake_force_configure' from command line to 'False'
[0.380s] Level 5:colcon.colcon_core.verb:set package 'perception_interfaces' build argument 'ament_cmake_args' from command line to 'None'
[0.380s] Level 5:colcon.colcon_core.verb:set package 'perception_interfaces' build argument 'catkin_cmake_args' from command line to 'None'
[0.380s] Level 5:colcon.colcon_core.verb:set package 'perception_interfaces' build argument 'catkin_skip_building_tests' from command line to 'False'
[0.380s] DEBUG:colcon.colcon_core.verb:Building package 'perception_interfaces' with the following arguments: {'ament_cmake_args': None, 'build_base': '/home/omar/Desktop/ros_ws/build/perception_interfaces', 'catkin_cmake_args': None, 'catkin_skip_building_tests': False, 'cmake_args': None, 'cmake_clean_cache': False, 'cmake_clean_first': False, 'cmake_force_configure': False, 'cmake_target': None, 'cmake_target_skip_unavailable': False, 'install_base': '/home/omar/Desktop/ros_ws/install/perception_interfaces', 'merge_install': False, 'path': '/home/omar/Desktop/ros_ws/src/perception_interfaces', 'symlink_install': False, 'test_result_base': None}
[0.380s] INFO:colcon.colcon_core.executor:Executing jobs using 'parallel' executor
[0.380s] DEBUG:colcon.colcon_parallel_executor.executor.parallel:run_until_complete
[0.380s] INFO:colcon.colcon_ros.task.ament_python.build:Building ROS package in '/home/omar/Desktop/ros_ws/src/ep_camera' with build type 'ament_python'
[0.381s] Level 1:colcon.colcon_core.shell:create_environment_hook('ep_camera', 'ament_prefix_path')
[0.384s] INFO:colcon.colcon_core.plugin_system:Skipping extension 'colcon_core.shell.bat': Not used on non-Windows systems
[0.384s] INFO:colcon.colcon_core.shell:Creating environment hook '/home/omar/Desktop/ros_ws/install/ep_camera/share/ep_camera/hook/ament_prefix_path.ps1'
[0.386s] INFO:colcon.colcon_core.shell:Creating environment descriptor '/home/omar/Desktop/ros_ws/install/ep_camera/share/ep_camera/hook/ament_prefix_path.dsv'
[0.386s] INFO:colcon.colcon_core.shell:Creating environment hook '/home/omar/Desktop/ros_ws/install/ep_camera/share/ep_camera/hook/ament_prefix_path.sh'
[0.387s] INFO:colcon.colcon_core.shell:Skip shell extension 'powershell' for command environment: Not usable outside of PowerShell
[0.387s] DEBUG:colcon.colcon_core.shell:Skip shell extension 'dsv' for command environment
[0.388s] INFO:colcon.colcon_ros.task.ament_python.build:Building ROS package in '/home/omar/Desktop/ros_ws/src/perception' with build type 'ament_python'
[0.388s] Level 1:colcon.colcon_core.shell:create_environment_hook('perception', 'ament_prefix_path')
[0.388s] INFO:colcon.colcon_core.shell:Creating environment hook '/home/omar/Desktop/ros_ws/install/perception/share/perception/hook/ament_prefix_path.ps1'
[0.390s] INFO:colcon.colcon_core.shell:Creating environment descriptor '/home/omar/Desktop/ros_ws/install/perception/share/perception/hook/ament_prefix_path.dsv'
[0.390s] INFO:colcon.colcon_core.shell:Creating environment hook '/home/omar/Desktop/ros_ws/install/perception/share/perception/hook/ament_prefix_path.sh'
[0.390s] INFO:colcon.colcon_core.shell:Skip shell extension 'powershell' for command environment: Not usable outside of PowerShell
[0.390s] DEBUG:colcon.colcon_core.shell:Skip shell extension 'dsv' for command environment
[0.391s] INFO:colcon.colcon_ros.task.ament_cmake.build:Building ROS package in '/home/omar/Desktop/ros_ws/src/perception_interfaces' with build type 'ament_cmake'
[0.391s] INFO:colcon.colcon_cmake.task.cmake.build:Building CMake package in '/home/omar/Desktop/ros_ws/src/perception_interfaces'
[0.392s] INFO:colcon.colcon_core.shell:Skip shell extension 'powershell' for command environment: Not usable outside of PowerShell
[0.392s] DEBUG:colcon.colcon_core.shell:Skip shell extension 'dsv' for command environment
[0.506s] INFO:colcon.colcon_core.task.python.build:Building Python package in '/home/omar/Desktop/ros_ws/src/ep_camera'
[0.506s] INFO:colcon.colcon_core.shell:Skip shell extension 'powershell' for command environment: Not usable outside of PowerShell
[0.506s] DEBUG:colcon.colcon_core.shell:Skip shell extension 'dsv' for command environment
[0.609s] INFO:colcon.colcon_core.task.python.build:Building Python package in '/home/omar/Desktop/ros_ws/src/perception'
[0.609s] INFO:colcon.colcon_core.shell:Skip shell extension 'powershell' for command environment: Not usable outside of PowerShell
[0.609s] DEBUG:colcon.colcon_core.shell:Skip shell extension 'dsv' for command environment
[0.614s] DEBUG:colcon.colcon_core.event_handler.log_command:Invoking command in '/home/omar/Desktop/ros_ws/build/perception_interfaces': CMAKE_PREFIX_PATH=/opt/ros/humble /usr/bin/cmake --build /home/omar/Desktop/ros_ws/build/perception_interfaces -- -j4 -l4
[0.860s] DEBUG:colcon.colcon_core.event_handler.log_command:Invoked command in '/home/omar/Desktop/ros_ws/build/perception_interfaces' returned '0': CMAKE_PREFIX_PATH=/opt/ros/humble /usr/bin/cmake --build /home/omar/Desktop/ros_ws/build/perception_interfaces -- -j4 -l4
[0.866s] DEBUG:colcon.colcon_core.event_handler.log_command:Invoking command in '/home/omar/Desktop/ros_ws/build/perception_interfaces': CMAKE_PREFIX_PATH=/opt/ros/humble /usr/bin/cmake --install /home/omar/Desktop/ros_ws/build/perception_interfaces
[0.907s] Level 1:colcon.colcon_core.environment:create_environment_scripts_only(perception_interfaces)
[0.907s] DEBUG:colcon.colcon_core.event_handler.log_command:Invoked command in '/home/omar/Desktop/ros_ws/build/perception_interfaces' returned '0': CMAKE_PREFIX_PATH=/opt/ros/humble /usr/bin/cmake --install /home/omar/Desktop/ros_ws/build/perception_interfaces
[0.913s] Level 1:colcon.colcon_core.environment:checking '/home/omar/Desktop/ros_ws/install/perception_interfaces' for CMake module files
[0.913s] Level 1:colcon.colcon_core.environment:checking '/home/omar/Desktop/ros_ws/install/perception_interfaces' for CMake config files
[0.915s] Level 1:colcon.colcon_core.shell:create_environment_hook('perception_interfaces', 'cmake_prefix_path')
[0.915s] INFO:colcon.colcon_core.shell:Creating environment hook '/home/omar/Desktop/ros_ws/install/perception_interfaces/share/perception_interfaces/hook/cmake_prefix_path.ps1'
[0.915s] INFO:colcon.colcon_core.shell:Creating environment descriptor '/home/omar/Desktop/ros_ws/install/perception_interfaces/share/perception_interfaces/hook/cmake_prefix_path.dsv'
[0.915s] INFO:colcon.colcon_core.shell:Creating environment hook '/home/omar/Desktop/ros_ws/install/perception_interfaces/share/perception_interfaces/hook/cmake_prefix_path.sh'
[0.916s] Level 1:colcon.colcon_core.environment:checking '/home/omar/Desktop/ros_ws/install/perception_interfaces/lib'
[0.916s] Level 1:colcon.colcon_core.shell:create_environment_hook('perception_interfaces', 'ld_library_path_lib')
[0.916s] INFO:colcon.colcon_core.shell:Creating environment hook '/home/omar/Desktop/ros_ws/install/perception_interfaces/share/perception_interfaces/hook/ld_library_path_lib.ps1'
[0.916s] INFO:colcon.colcon_core.shell:Creating environment descriptor '/home/omar/Desktop/ros_ws/install/perception_interfaces/share/perception_interfaces/hook/ld_library_path_lib.dsv'
[0.916s] INFO:colcon.colcon_core.shell:Creating environment hook '/home/omar/Desktop/ros_ws/install/perception_interfaces/share/perception_interfaces/hook/ld_library_path_lib.sh'
[0.916s] Level 1:colcon.colcon_core.environment:checking '/home/omar/Desktop/ros_ws/install/perception_interfaces/bin'
[0.916s] Level 1:colcon.colcon_core.environment:checking '/home/omar/Desktop/ros_ws/install/perception_interfaces/lib/pkgconfig/perception_interfaces.pc'
[0.917s] Level 1:colcon.colcon_core.environment:checking '/home/omar/Desktop/ros_ws/install/perception_interfaces/lib/python3.10/site-packages'
[0.917s] Level 1:colcon.colcon_core.environment:checking '/home/omar/Desktop/ros_ws/install/perception_interfaces/bin'
[0.917s] INFO:colcon.colcon_core.shell:Creating package script '/home/omar/Desktop/ros_ws/install/perception_interfaces/share/perception_interfaces/package.ps1'
[0.917s] INFO:colcon.colcon_core.shell:Creating package descriptor '/home/omar/Desktop/ros_ws/install/perception_interfaces/share/perception_interfaces/package.dsv'
[0.918s] INFO:colcon.colcon_core.shell:Creating package script '/home/omar/Desktop/ros_ws/install/perception_interfaces/share/perception_interfaces/package.sh'
[0.918s] INFO:colcon.colcon_core.shell:Creating package script '/home/omar/Desktop/ros_ws/install/perception_interfaces/share/perception_interfaces/package.bash'
[0.919s] INFO:colcon.colcon_core.shell:Creating package script '/home/omar/Desktop/ros_ws/install/perception_interfaces/share/perception_interfaces/package.zsh'
[0.920s] Level 1:colcon.colcon_core.environment:create_file_with_runtime_dependencies(/home/omar/Desktop/ros_ws/install/perception_interfaces/share/colcon-core/packages/perception_interfaces)
[0.920s] Level 1:colcon.colcon_core.environment:create_environment_scripts_only(perception_interfaces)
[0.920s] Level 1:colcon.colcon_core.environment:checking '/home/omar/Desktop/ros_ws/install/perception_interfaces' for CMake module files
[0.920s] Level 1:colcon.colcon_core.environment:checking '/home/omar/Desktop/ros_ws/install/perception_interfaces' for CMake config files
[0.921s] Level 1:colcon.colcon_core.shell:create_environment_hook('perception_interfaces', 'cmake_prefix_path')
[0.921s] INFO:colcon.colcon_core.shell:Creating environment hook '/home/omar/Desktop/ros_ws/install/perception_interfaces/share/perception_interfaces/hook/cmake_prefix_path.ps1'
[0.921s] INFO:colcon.colcon_core.shell:Creating environment descriptor '/home/omar/Desktop/ros_ws/install/perception_interfaces/share/perception_interfaces/hook/cmake_prefix_path.dsv'
[0.921s] INFO:colcon.colcon_core.shell:Creating environment hook '/home/omar/Desktop/ros_ws/install/perception_interfaces/share/perception_interfaces/hook/cmake_prefix_path.sh'
[0.921s] Level 1:colcon.colcon_core.environment:checking '/home/omar/Desktop/ros_ws/install/perception_interfaces/lib'
[0.921s] Level 1:colcon.colcon_core.shell:create_environment_hook('perception_interfaces', 'ld_library_path_lib')
[0.921s] INFO:colcon.colcon_core.shell:Creating environment hook '/home/omar/Desktop/ros_ws/install/perception_interfaces/share/perception_interfaces/hook/ld_library_path_lib.ps1'
[0.922s] INFO:colcon.colcon_core.shell:Creating environment descriptor '/home/omar/Desktop/ros_ws/install/perception_interfaces/share/perception_interfaces/hook/ld_library_path_lib.dsv'
[0.922s] INFO:colcon.colcon_core.shell:Creating environment hook '/home/omar/Desktop/ros_ws/install/perception_interfaces/share/perception_interfaces/hook/ld_library_path_lib.sh'
[0.922s] Level 1:colcon.colcon_core.environment:checking '/home/omar/Desktop/ros_ws/install/perception_interfaces/bin'
[0.922s] Level 1:colcon.colcon_core.environment:checking '/home/omar/Desktop/ros_ws/install/perception_interfaces/lib/pkgconfig/perception_interfaces.pc'
[0.922s] Level 1:colcon.colcon_core.environment:checking '/home/omar/Desktop/ros_ws/install/perception_interfaces/lib/python3.10/site-packages'
[0.922s] Level 1:colcon.colcon_core.environment:checking '/home/omar/Desktop/ros_ws/install/perception_interfaces/bin'
[0.922s] INFO:colcon.colcon_core.shell:Creating package script '/home/omar/Desktop/ros_ws/install/perception_interfaces/share/perception_interfaces/package.ps1'
[0.922s] INFO:colcon.colcon_core.shell:Creating package descriptor '/home/omar/Desktop/ros_ws/install/perception_interfaces/share/perception_interfaces/package.dsv'
[0.923s] INFO:colcon.colcon_core.shell:Creating package script '/home/omar/Desktop/ros_ws/install/perception_interfaces/share/perception_interfaces/package.sh'
[0.923s] INFO:colcon.colcon_core.shell:Creating package script '/home/omar/Desktop/ros_ws/install/perception_interfaces/share/perception_interfaces/package.bash'
[0.923s] INFO:colcon.colcon_core.shell:Creating package script '/home/omar/Desktop/ros_ws/install/perception_interfaces/share/perception_interfaces/package.zsh'
[0.923s] Level 1:colcon.colcon_core.environment:create_file_with_runtime_dependencies(/home/omar/Desktop/ros_ws/install/perception_interfaces/share/colcon-core/packages/perception_interfaces)
[0.926s] DEBUG:colcon.colcon_core.event_handler.log_command:Invoking command in '/home/omar/Desktop/ros_ws/src/ep_camera': PYTHONPATH=/home/omar/Desktop/ros_ws/build/ep_camera/prefix_override:/usr/lib/python3/dist-packages/colcon_core/task/python/colcon_distutils_commands:/home/omar/Desktop/ros_ws/install/ep_camera/lib/python3.10/site-packages:${PYTHONPATH} /usr/bin/python3 -W ignore:setup.py install is deprecated -W ignore:easy_install command is deprecated setup.py egg_info --egg-base ../../build/ep_camera build --build-base /home/omar/Desktop/ros_ws/build/ep_camera/build install --record /home/omar/Desktop/ros_ws/build/ep_camera/install.log --single-version-externally-managed install_data
[0.926s] DEBUG:colcon.colcon_core.event_handler.log_command:Invoking command in '/home/omar/Desktop/ros_ws/src/perception': PYTHONPATH=/home/omar/Desktop/ros_ws/build/perception/prefix_override:/usr/lib/python3/dist-packages/colcon_core/task/python/colcon_distutils_commands:/home/omar/Desktop/ros_ws/install/perception/lib/python3.10/site-packages:${PYTHONPATH} /usr/bin/python3 -W ignore:setup.py install is deprecated -W ignore:easy_install command is deprecated setup.py egg_info --egg-base ../../build/perception build --build-base /home/omar/Desktop/ros_ws/build/perception/build install --record /home/omar/Desktop/ros_ws/build/perception/install.log --single-version-externally-managed install_data
[1.052s] Level 1:colcon.colcon_core.environment:checking '/home/omar/Desktop/ros_ws/install/ep_camera' for CMake module files
[1.053s] DEBUG:colcon.colcon_core.event_handler.log_command:Invoked command in '/home/omar/Desktop/ros_ws/src/ep_camera' returned '0': PYTHONPATH=/home/omar/Desktop/ros_ws/build/ep_camera/prefix_override:/usr/lib/python3/dist-packages/colcon_core/task/python/colcon_distutils_commands:/home/omar/Desktop/ros_ws/install/ep_camera/lib/python3.10/site-packages:${PYTHONPATH} /usr/bin/python3 -W ignore:setup.py install is deprecated -W ignore:easy_install command is deprecated setup.py egg_info --egg-base ../../build/ep_camera build --build-base /home/omar/Desktop/ros_ws/build/ep_camera/build install --record /home/omar/Desktop/ros_ws/build/ep_camera/install.log --single-version-externally-managed install_data
[1.053s] Level 1:colcon.colcon_core.environment:checking '/home/omar/Desktop/ros_ws/install/ep_camera' for CMake config files
[1.054s] Level 1:colcon.colcon_core.environment:checking '/home/omar/Desktop/ros_ws/install/ep_camera/lib'
[1.054s] Level 1:colcon.colcon_core.environment:checking '/home/omar/Desktop/ros_ws/install/ep_camera/bin'
[1.054s] Level 1:colcon.colcon_core.environment:checking '/home/omar/Desktop/ros_ws/install/ep_camera/lib/pkgconfig/ep_camera.pc'
[1.054s] Level 1:colcon.colcon_core.environment:checking '/home/omar/Desktop/ros_ws/install/ep_camera/lib/python3.10/site-packages'
[1.054s] Level 1:colcon.colcon_core.shell:create_environment_hook('ep_camera', 'pythonpath')
[1.054s] INFO:colcon.colcon_core.shell:Creating environment hook '/home/omar/Desktop/ros_ws/install/ep_camera/share/ep_camera/hook/pythonpath.ps1'
[1.054s] INFO:colcon.colcon_core.shell:Creating environment descriptor '/home/omar/Desktop/ros_ws/install/ep_camera/share/ep_camera/hook/pythonpath.dsv'
[1.055s] INFO:colcon.colcon_core.shell:Creating environment hook '/home/omar/Desktop/ros_ws/install/ep_camera/share/ep_camera/hook/pythonpath.sh'
[1.055s] Level 1:colcon.colcon_core.environment:checking '/home/omar/Desktop/ros_ws/install/ep_camera/bin'
[1.055s] Level 1:colcon.colcon_core.environment:create_environment_scripts_only(ep_camera)
[1.055s] INFO:colcon.colcon_core.shell:Creating package script '/home/omar/Desktop/ros_ws/install/ep_camera/share/ep_camera/package.ps1'
[1.056s] INFO:colcon.colcon_core.shell:Creating package descriptor '/home/omar/Desktop/ros_ws/install/ep_camera/share/ep_camera/package.dsv'
[1.056s] INFO:colcon.colcon_core.shell:Creating package script '/home/omar/Desktop/ros_ws/install/ep_camera/share/ep_camera/package.sh'
[1.056s] INFO:colcon.colcon_core.shell:Creating package script '/home/omar/Desktop/ros_ws/install/ep_camera/share/ep_camera/package.bash'
[1.056s] INFO:colcon.colcon_core.shell:Creating package script '/home/omar/Desktop/ros_ws/install/ep_camera/share/ep_camera/package.zsh'
[1.057s] Level 1:colcon.colcon_core.environment:create_file_with_runtime_dependencies(/home/omar/Desktop/ros_ws/install/ep_camera/share/colcon-core/packages/ep_camera)
[1.057s] Level 1:colcon.colcon_core.environment:checking '/home/omar/Desktop/ros_ws/install/perception' for CMake module files
[1.058s] DEBUG:colcon.colcon_core.event_handler.log_command:Invoked command in '/home/omar/Desktop/ros_ws/src/perception' returned '0': PYTHONPATH=/home/omar/Desktop/ros_ws/build/perception/prefix_override:/usr/lib/python3/dist-packages/colcon_core/task/python/colcon_distutils_commands:/home/omar/Desktop/ros_ws/install/perception/lib/python3.10/site-packages:${PYTHONPATH} /usr/bin/python3 -W ignore:setup.py install is deprecated -W ignore:easy_install command is deprecated setup.py egg_info --egg-base ../../build/perception build --build-base /home/omar/Desktop/ros_ws/build/perception/build install --record /home/omar/Desktop/ros_ws/build/perception/install.log --single-version-externally-managed install_data
[1.058s] Level 1:colcon.colcon_core.environment:checking '/home/omar/Desktop/ros_ws/install/perception' for CMake config files
[1.058s] Level 1:colcon.colcon_core.environment:checking '/home/omar/Desktop/ros_ws/install/perception/lib'
[1.058s] Level 1:colcon.colcon_core.environment:checking '/home/omar/Desktop/ros_ws/install/perception/bin'
[1.058s] Level 1:colcon.colcon_core.environment:checking '/home/omar/Desktop/ros_ws/install/perception/lib/pkgconfig/perception.pc'
[1.059s] Level 1:colcon.colcon_core.environment:checking '/home/omar/Desktop/ros_ws/install/perception/lib/python3.10/site-packages'
[1.059s] Level 1:colcon.colcon_core.shell:create_environment_hook('perception', 'pythonpath')
[1.059s] INFO:colcon.colcon_core.shell:Creating environment hook '/home/omar/Desktop/ros_ws/install/perception/share/perception/hook/pythonpath.ps1'
[1.059s] INFO:colcon.colcon_core.shell:Creating environment descriptor '/home/omar/Desktop/ros_ws/install/perception/share/perception/hook/pythonpath.dsv'
[1.059s] INFO:colcon.colcon_core.shell:Creating environment hook '/home/omar/Desktop/ros_ws/install/perception/share/perception/hook/pythonpath.sh'
[1.059s] Level 1:colcon.colcon_core.environment:checking '/home/omar/Desktop/ros_ws/install/perception/bin'
[1.059s] Level 1:colcon.colcon_core.environment:create_environment_scripts_only(perception)
[1.060s] INFO:colcon.colcon_core.shell:Creating package script '/home/omar/Desktop/ros_ws/install/perception/share/perception/package.ps1'
[1.060s] INFO:colcon.colcon_core.shell:Creating package descriptor '/home/omar/Desktop/ros_ws/install/perception/share/perception/package.dsv'
[1.060s] INFO:colcon.colcon_core.shell:Creating package script '/home/omar/Desktop/ros_ws/install/perception/share/perception/package.sh'
[1.060s] INFO:colcon.colcon_core.shell:Creating package script '/home/omar/Desktop/ros_ws/install/perception/share/perception/package.bash'
[1.060s] INFO:colcon.colcon_core.shell:Creating package script '/home/omar/Desktop/ros_ws/install/perception/share/perception/package.zsh'
[1.061s] Level 1:colcon.colcon_core.environment:create_file_with_runtime_dependencies(/home/omar/Desktop/ros_ws/install/perception/share/colcon-core/packages/perception)
[1.061s] DEBUG:colcon.colcon_parallel_executor.executor.parallel:closing loop
[1.061s] DEBUG:colcon.colcon_parallel_executor.executor.parallel:loop closed
[1.061s] DEBUG:colcon.colcon_parallel_executor.executor.parallel:run_until_complete finished with '0'
[1.061s] DEBUG:colcon.colcon_core.event_reactor:joining thread
[1.065s] INFO:colcon.colcon_core.plugin_system:Skipping extension 'colcon_notification.desktop_notification.terminal_notifier': Not used on non-Darwin systems
[1.065s] INFO:colcon.colcon_core.plugin_system:Skipping extension 'colcon_notification.desktop_notification.win32': Not used on non-Windows systems
[1.065s] INFO:colcon.colcon_notification.desktop_notification:Sending desktop notification using 'notify2'
[1.084s] DEBUG:colcon.colcon_core.event_reactor:joined thread
[1.084s] INFO:colcon.colcon_core.shell:Creating prefix script '/home/omar/Desktop/ros_ws/install/local_setup.ps1'
[1.085s] INFO:colcon.colcon_core.shell:Creating prefix util module '/home/omar/Desktop/ros_ws/install/_local_setup_util_ps1.py'
[1.086s] INFO:colcon.colcon_core.shell:Creating prefix chain script '/home/omar/Desktop/ros_ws/install/setup.ps1'
[1.096s] INFO:colcon.colcon_core.shell:Creating prefix script '/home/omar/Desktop/ros_ws/install/local_setup.sh'
[1.097s] INFO:colcon.colcon_core.shell:Creating prefix util module '/home/omar/Desktop/ros_ws/install/_local_setup_util_sh.py'
[1.098s] INFO:colcon.colcon_core.shell:Creating prefix chain script '/home/omar/Desktop/ros_ws/install/setup.sh'
[1.098s] INFO:colcon.colcon_core.shell:Creating prefix script '/home/omar/Desktop/ros_ws/install/local_setup.bash'
[1.099s] INFO:colcon.colcon_core.shell:Creating prefix chain script '/home/omar/Desktop/ros_ws/install/setup.bash'
[1.099s] INFO:colcon.colcon_core.shell:Creating prefix script '/home/omar/Desktop/ros_ws/install/local_setup.zsh'
[1.100s] INFO:colcon.colcon_core.shell:Creating prefix chain script '/home/omar/Desktop/ros_ws/install/setup.zsh'
