[0.219s] Invoking command in '/home/omar/Desktop/ros_ws/build/perception_interfaces': CMAKE_PREFIX_PATH=/opt/ros/humble /usr/bin/cmake --build /home/omar/Desktop/ros_ws/build/perception_interfaces -- -j4 -l4
[0.294s] [  3%] Built target perception_interfaces__cpp
[0.300s] [ 12%] Built target perception_interfaces__rosidl_generator_c
[0.301s] [ 12%] Built target ament_cmake_python_copy_perception_interfaces
[0.322s] [ 22%] Built target perception_interfaces__rosidl_typesupport_fastrtps_cpp
[0.323s] [ 32%] Built target perception_interfaces__rosidl_typesupport_cpp
[0.325s] [ 41%] Built target perception_interfaces__rosidl_typesupport_introspection_cpp
[0.338s] [ 51%] Built target perception_interfaces__rosidl_typesupport_fastrtps_c
[0.339s] [ 61%] Built target perception_interfaces__rosidl_typesupport_c
[0.359s] [ 70%] Built target perception_interfaces__rosidl_typesupport_introspection_c
[0.368s] [ 70%] Built target perception_interfaces
[0.381s] [ 74%] Built target perception_interfaces__py
[0.398s] [ 80%] Built target perception_interfaces__rosidl_generator_py
[0.409s] [ 87%] Built target perception_interfaces__rosidl_typesupport_fastrtps_c__pyext
[0.410s] [ 93%] Built target perception_interfaces__rosidl_typesupport_introspection_c__pyext
[0.417s] [100%] Built target perception_interfaces__rosidl_typesupport_c__pyext
[0.450s] running egg_info
[0.451s] writing perception_interfaces.egg-info/PKG-INFO
[0.451s] writing dependency_links to perception_interfaces.egg-info/dependency_links.txt
[0.451s] writing top-level names to perception_interfaces.egg-info/top_level.txt
[0.452s] reading manifest file 'perception_interfaces.egg-info/SOURCES.txt'
[0.453s] writing manifest file 'perception_interfaces.egg-info/SOURCES.txt'
[0.467s] [100%] Built target ament_cmake_python_build_perception_interfaces_egg
[0.472s] Invoked command in '/home/omar/Desktop/ros_ws/build/perception_interfaces' returned '0': CMAKE_PREFIX_PATH=/opt/ros/humble /usr/bin/cmake --build /home/omar/Desktop/ros_ws/build/perception_interfaces -- -j4 -l4
[0.478s] Invoking command in '/home/omar/Desktop/ros_ws/build/perception_interfaces': CMAKE_PREFIX_PATH=/opt/ros/humble /usr/bin/cmake --install /home/omar/Desktop/ros_ws/build/perception_interfaces
[0.481s] -- Install configuration: ""
[0.482s] -- Up-to-date: /home/omar/Desktop/ros_ws/install/perception_interfaces/share/ament_index/resource_index/rosidl_interfaces/perception_interfaces
[0.482s] -- Up-to-date: /home/omar/Desktop/ros_ws/install/perception_interfaces/include/perception_interfaces/perception_interfaces
[0.482s] -- Up-to-date: /home/omar/Desktop/ros_ws/install/perception_interfaces/include/perception_interfaces/perception_interfaces/msg
[0.483s] -- Up-to-date: /home/omar/Desktop/ros_ws/install/perception_interfaces/include/perception_interfaces/perception_interfaces/msg/detail
[0.483s] -- Up-to-date: /home/omar/Desktop/ros_ws/install/perception_interfaces/include/perception_interfaces/perception_interfaces/msg/detail/block_detection__functions.c
[0.483s] -- Up-to-date: /home/omar/Desktop/ros_ws/install/perception_interfaces/include/perception_interfaces/perception_interfaces/msg/detail/block_detection__struct.h
[0.483s] -- Up-to-date: /home/omar/Desktop/ros_ws/install/perception_interfaces/include/perception_interfaces/perception_interfaces/msg/detail/block_detection__type_support.h
[0.483s] -- Up-to-date: /home/omar/Desktop/ros_ws/install/perception_interfaces/include/perception_interfaces/perception_interfaces/msg/detail/block_detection__functions.h
[0.483s] -- Up-to-date: /home/omar/Desktop/ros_ws/install/perception_interfaces/include/perception_interfaces/perception_interfaces/msg/block_detection.h
[0.483s] -- Up-to-date: /home/omar/Desktop/ros_ws/install/perception_interfaces/include/perception_interfaces/perception_interfaces/msg/rosidl_generator_c__visibility_control.h
[0.483s] -- Up-to-date: /home/omar/Desktop/ros_ws/install/perception_interfaces/share/perception_interfaces/environment/library_path.sh
[0.483s] -- Up-to-date: /home/omar/Desktop/ros_ws/install/perception_interfaces/share/perception_interfaces/environment/library_path.dsv
[0.484s] -- Up-to-date: /home/omar/Desktop/ros_ws/install/perception_interfaces/lib/libperception_interfaces__rosidl_generator_c.so
[0.484s] -- Up-to-date: /home/omar/Desktop/ros_ws/install/perception_interfaces/include/perception_interfaces/perception_interfaces
[0.484s] -- Up-to-date: /home/omar/Desktop/ros_ws/install/perception_interfaces/include/perception_interfaces/perception_interfaces/msg
[0.484s] -- Up-to-date: /home/omar/Desktop/ros_ws/install/perception_interfaces/include/perception_interfaces/perception_interfaces/msg/rosidl_typesupport_fastrtps_c__visibility_control.h
[0.484s] -- Up-to-date: /home/omar/Desktop/ros_ws/install/perception_interfaces/include/perception_interfaces/perception_interfaces/msg/detail
[0.484s] -- Up-to-date: /home/omar/Desktop/ros_ws/install/perception_interfaces/include/perception_interfaces/perception_interfaces/msg/detail/block_detection__rosidl_typesupport_fastrtps_c.h
[0.485s] -- Up-to-date: /home/omar/Desktop/ros_ws/install/perception_interfaces/lib/libperception_interfaces__rosidl_typesupport_fastrtps_c.so
[0.485s] -- Up-to-date: /home/omar/Desktop/ros_ws/install/perception_interfaces/include/perception_interfaces/perception_interfaces
[0.485s] -- Up-to-date: /home/omar/Desktop/ros_ws/install/perception_interfaces/include/perception_interfaces/perception_interfaces/msg
[0.485s] -- Up-to-date: /home/omar/Desktop/ros_ws/install/perception_interfaces/include/perception_interfaces/perception_interfaces/msg/detail
[0.485s] -- Up-to-date: /home/omar/Desktop/ros_ws/install/perception_interfaces/include/perception_interfaces/perception_interfaces/msg/detail/block_detection__type_support.c
[0.485s] -- Up-to-date: /home/omar/Desktop/ros_ws/install/perception_interfaces/include/perception_interfaces/perception_interfaces/msg/detail/block_detection__rosidl_typesupport_introspection_c.h
[0.485s] -- Up-to-date: /home/omar/Desktop/ros_ws/install/perception_interfaces/include/perception_interfaces/perception_interfaces/msg/rosidl_typesupport_introspection_c__visibility_control.h
[0.485s] -- Up-to-date: /home/omar/Desktop/ros_ws/install/perception_interfaces/lib/libperception_interfaces__rosidl_typesupport_introspection_c.so
[0.485s] -- Up-to-date: /home/omar/Desktop/ros_ws/install/perception_interfaces/lib/libperception_interfaces__rosidl_typesupport_c.so
[0.485s] -- Up-to-date: /home/omar/Desktop/ros_ws/install/perception_interfaces/include/perception_interfaces/perception_interfaces
[0.486s] -- Up-to-date: /home/omar/Desktop/ros_ws/install/perception_interfaces/include/perception_interfaces/perception_interfaces/msg
[0.486s] -- Up-to-date: /home/omar/Desktop/ros_ws/install/perception_interfaces/include/perception_interfaces/perception_interfaces/msg/detail
[0.486s] -- Up-to-date: /home/omar/Desktop/ros_ws/install/perception_interfaces/include/perception_interfaces/perception_interfaces/msg/detail/block_detection__struct.hpp
[0.486s] -- Up-to-date: /home/omar/Desktop/ros_ws/install/perception_interfaces/include/perception_interfaces/perception_interfaces/msg/detail/block_detection__type_support.hpp
[0.486s] -- Up-to-date: /home/omar/Desktop/ros_ws/install/perception_interfaces/include/perception_interfaces/perception_interfaces/msg/detail/block_detection__traits.hpp
[0.486s] -- Up-to-date: /home/omar/Desktop/ros_ws/install/perception_interfaces/include/perception_interfaces/perception_interfaces/msg/detail/block_detection__builder.hpp
[0.486s] -- Up-to-date: /home/omar/Desktop/ros_ws/install/perception_interfaces/include/perception_interfaces/perception_interfaces/msg/rosidl_generator_cpp__visibility_control.hpp
[0.486s] -- Up-to-date: /home/omar/Desktop/ros_ws/install/perception_interfaces/include/perception_interfaces/perception_interfaces/msg/block_detection.hpp
[0.486s] -- Up-to-date: /home/omar/Desktop/ros_ws/install/perception_interfaces/include/perception_interfaces/perception_interfaces
[0.486s] -- Up-to-date: /home/omar/Desktop/ros_ws/install/perception_interfaces/include/perception_interfaces/perception_interfaces/msg
[0.486s] -- Up-to-date: /home/omar/Desktop/ros_ws/install/perception_interfaces/include/perception_interfaces/perception_interfaces/msg/rosidl_typesupport_fastrtps_cpp__visibility_control.h
[0.486s] -- Up-to-date: /home/omar/Desktop/ros_ws/install/perception_interfaces/include/perception_interfaces/perception_interfaces/msg/detail
[0.486s] -- Up-to-date: /home/omar/Desktop/ros_ws/install/perception_interfaces/include/perception_interfaces/perception_interfaces/msg/detail/block_detection__rosidl_typesupport_fastrtps_cpp.hpp
[0.486s] -- Up-to-date: /home/omar/Desktop/ros_ws/install/perception_interfaces/include/perception_interfaces/perception_interfaces/msg/detail/dds_fastrtps
[0.486s] -- Up-to-date: /home/omar/Desktop/ros_ws/install/perception_interfaces/lib/libperception_interfaces__rosidl_typesupport_fastrtps_cpp.so
[0.487s] -- Up-to-date: /home/omar/Desktop/ros_ws/install/perception_interfaces/include/perception_interfaces/perception_interfaces
[0.487s] -- Up-to-date: /home/omar/Desktop/ros_ws/install/perception_interfaces/include/perception_interfaces/perception_interfaces/msg
[0.487s] -- Up-to-date: /home/omar/Desktop/ros_ws/install/perception_interfaces/include/perception_interfaces/perception_interfaces/msg/detail
[0.487s] -- Up-to-date: /home/omar/Desktop/ros_ws/install/perception_interfaces/include/perception_interfaces/perception_interfaces/msg/detail/block_detection__type_support.cpp
[0.487s] -- Up-to-date: /home/omar/Desktop/ros_ws/install/perception_interfaces/include/perception_interfaces/perception_interfaces/msg/detail/block_detection__rosidl_typesupport_introspection_cpp.hpp
[0.487s] -- Up-to-date: /home/omar/Desktop/ros_ws/install/perception_interfaces/lib/libperception_interfaces__rosidl_typesupport_introspection_cpp.so
[0.487s] -- Up-to-date: /home/omar/Desktop/ros_ws/install/perception_interfaces/lib/libperception_interfaces__rosidl_typesupport_cpp.so
[0.487s] -- Up-to-date: /home/omar/Desktop/ros_ws/install/perception_interfaces/share/perception_interfaces/environment/pythonpath.sh
[0.488s] -- Up-to-date: /home/omar/Desktop/ros_ws/install/perception_interfaces/share/perception_interfaces/environment/pythonpath.dsv
[0.488s] -- Up-to-date: /home/omar/Desktop/ros_ws/install/perception_interfaces/local/lib/python3.10/dist-packages/perception_interfaces-0.0.0-py3.10.egg-info
[0.488s] -- Installing: /home/omar/Desktop/ros_ws/install/perception_interfaces/local/lib/python3.10/dist-packages/perception_interfaces-0.0.0-py3.10.egg-info/dependency_links.txt
[0.488s] -- Installing: /home/omar/Desktop/ros_ws/install/perception_interfaces/local/lib/python3.10/dist-packages/perception_interfaces-0.0.0-py3.10.egg-info/PKG-INFO
[0.488s] -- Installing: /home/omar/Desktop/ros_ws/install/perception_interfaces/local/lib/python3.10/dist-packages/perception_interfaces-0.0.0-py3.10.egg-info/SOURCES.txt
[0.489s] -- Installing: /home/omar/Desktop/ros_ws/install/perception_interfaces/local/lib/python3.10/dist-packages/perception_interfaces-0.0.0-py3.10.egg-info/top_level.txt
[0.489s] -- Up-to-date: /home/omar/Desktop/ros_ws/install/perception_interfaces/local/lib/python3.10/dist-packages/perception_interfaces
[0.489s] -- Up-to-date: /home/omar/Desktop/ros_ws/install/perception_interfaces/local/lib/python3.10/dist-packages/perception_interfaces/perception_interfaces_s__rosidl_typesupport_fastrtps_c.cpython-310-aarch64-linux-gnu.so
[0.489s] -- Up-to-date: /home/omar/Desktop/ros_ws/install/perception_interfaces/local/lib/python3.10/dist-packages/perception_interfaces/_perception_interfaces_s.ep.rosidl_typesupport_fastrtps_c.c
[0.489s] -- Up-to-date: /home/omar/Desktop/ros_ws/install/perception_interfaces/local/lib/python3.10/dist-packages/perception_interfaces/libperception_interfaces__rosidl_generator_py.so
[0.489s] -- Up-to-date: /home/omar/Desktop/ros_ws/install/perception_interfaces/local/lib/python3.10/dist-packages/perception_interfaces/__init__.py
[0.489s] -- Up-to-date: /home/omar/Desktop/ros_ws/install/perception_interfaces/local/lib/python3.10/dist-packages/perception_interfaces/perception_interfaces_s__rosidl_typesupport_c.cpython-310-aarch64-linux-gnu.so
[0.489s] -- Up-to-date: /home/omar/Desktop/ros_ws/install/perception_interfaces/local/lib/python3.10/dist-packages/perception_interfaces/perception_interfaces_s__rosidl_typesupport_introspection_c.cpython-310-aarch64-linux-gnu.so
[0.489s] -- Up-to-date: /home/omar/Desktop/ros_ws/install/perception_interfaces/local/lib/python3.10/dist-packages/perception_interfaces/_perception_interfaces_s.ep.rosidl_typesupport_introspection_c.c
[0.489s] -- Up-to-date: /home/omar/Desktop/ros_ws/install/perception_interfaces/local/lib/python3.10/dist-packages/perception_interfaces/msg
[0.489s] -- Up-to-date: /home/omar/Desktop/ros_ws/install/perception_interfaces/local/lib/python3.10/dist-packages/perception_interfaces/msg/_block_detection_s.c
[0.489s] -- Up-to-date: /home/omar/Desktop/ros_ws/install/perception_interfaces/local/lib/python3.10/dist-packages/perception_interfaces/msg/__init__.py
[0.489s] -- Up-to-date: /home/omar/Desktop/ros_ws/install/perception_interfaces/local/lib/python3.10/dist-packages/perception_interfaces/msg/_block_detection.py
[0.489s] -- Up-to-date: /home/omar/Desktop/ros_ws/install/perception_interfaces/local/lib/python3.10/dist-packages/perception_interfaces/_perception_interfaces_s.ep.rosidl_typesupport_c.c
[0.507s] Listing '/home/omar/Desktop/ros_ws/install/perception_interfaces/local/lib/python3.10/dist-packages/perception_interfaces'...
[0.507s] Listing '/home/omar/Desktop/ros_ws/install/perception_interfaces/local/lib/python3.10/dist-packages/perception_interfaces/msg'...
[0.511s] -- Up-to-date: /home/omar/Desktop/ros_ws/install/perception_interfaces/local/lib/python3.10/dist-packages/perception_interfaces/perception_interfaces_s__rosidl_typesupport_fastrtps_c.cpython-310-aarch64-linux-gnu.so
[0.512s] -- Up-to-date: /home/omar/Desktop/ros_ws/install/perception_interfaces/local/lib/python3.10/dist-packages/perception_interfaces/perception_interfaces_s__rosidl_typesupport_introspection_c.cpython-310-aarch64-linux-gnu.so
[0.513s] -- Up-to-date: /home/omar/Desktop/ros_ws/install/perception_interfaces/local/lib/python3.10/dist-packages/perception_interfaces/perception_interfaces_s__rosidl_typesupport_c.cpython-310-aarch64-linux-gnu.so
[0.513s] -- Up-to-date: /home/omar/Desktop/ros_ws/install/perception_interfaces/lib/libperception_interfaces__rosidl_generator_py.so
[0.513s] -- Up-to-date: /home/omar/Desktop/ros_ws/install/perception_interfaces/share/perception_interfaces/msg/BlockDetection.idl
[0.513s] -- Up-to-date: /home/omar/Desktop/ros_ws/install/perception_interfaces/share/perception_interfaces/msg/BlockDetection.msg
[0.513s] -- Up-to-date: /home/omar/Desktop/ros_ws/install/perception_interfaces/share/ament_index/resource_index/package_run_dependencies/perception_interfaces
[0.513s] -- Up-to-date: /home/omar/Desktop/ros_ws/install/perception_interfaces/share/ament_index/resource_index/parent_prefix_path/perception_interfaces
[0.513s] -- Up-to-date: /home/omar/Desktop/ros_ws/install/perception_interfaces/share/perception_interfaces/environment/ament_prefix_path.sh
[0.513s] -- Up-to-date: /home/omar/Desktop/ros_ws/install/perception_interfaces/share/perception_interfaces/environment/ament_prefix_path.dsv
[0.513s] -- Up-to-date: /home/omar/Desktop/ros_ws/install/perception_interfaces/share/perception_interfaces/environment/path.sh
[0.513s] -- Up-to-date: /home/omar/Desktop/ros_ws/install/perception_interfaces/share/perception_interfaces/environment/path.dsv
[0.513s] -- Up-to-date: /home/omar/Desktop/ros_ws/install/perception_interfaces/share/perception_interfaces/local_setup.bash
[0.513s] -- Up-to-date: /home/omar/Desktop/ros_ws/install/perception_interfaces/share/perception_interfaces/local_setup.sh
[0.513s] -- Up-to-date: /home/omar/Desktop/ros_ws/install/perception_interfaces/share/perception_interfaces/local_setup.zsh
[0.513s] -- Up-to-date: /home/omar/Desktop/ros_ws/install/perception_interfaces/share/perception_interfaces/local_setup.dsv
[0.513s] -- Installing: /home/omar/Desktop/ros_ws/install/perception_interfaces/share/perception_interfaces/package.dsv
[0.513s] -- Up-to-date: /home/omar/Desktop/ros_ws/install/perception_interfaces/share/ament_index/resource_index/packages/perception_interfaces
[0.515s] -- Up-to-date: /home/omar/Desktop/ros_ws/install/perception_interfaces/share/perception_interfaces/cmake/export_perception_interfaces__rosidl_generator_cExport.cmake
[0.515s] -- Up-to-date: /home/omar/Desktop/ros_ws/install/perception_interfaces/share/perception_interfaces/cmake/export_perception_interfaces__rosidl_generator_cExport-noconfig.cmake
[0.515s] -- Up-to-date: /home/omar/Desktop/ros_ws/install/perception_interfaces/share/perception_interfaces/cmake/export_perception_interfaces__rosidl_typesupport_fastrtps_cExport.cmake
[0.515s] -- Up-to-date: /home/omar/Desktop/ros_ws/install/perception_interfaces/share/perception_interfaces/cmake/export_perception_interfaces__rosidl_typesupport_fastrtps_cExport-noconfig.cmake
[0.516s] -- Up-to-date: /home/omar/Desktop/ros_ws/install/perception_interfaces/share/perception_interfaces/cmake/perception_interfaces__rosidl_typesupport_introspection_cExport.cmake
[0.516s] -- Up-to-date: /home/omar/Desktop/ros_ws/install/perception_interfaces/share/perception_interfaces/cmake/perception_interfaces__rosidl_typesupport_introspection_cExport-noconfig.cmake
[0.516s] -- Up-to-date: /home/omar/Desktop/ros_ws/install/perception_interfaces/share/perception_interfaces/cmake/perception_interfaces__rosidl_typesupport_cExport.cmake
[0.516s] -- Up-to-date: /home/omar/Desktop/ros_ws/install/perception_interfaces/share/perception_interfaces/cmake/perception_interfaces__rosidl_typesupport_cExport-noconfig.cmake
[0.516s] -- Up-to-date: /home/omar/Desktop/ros_ws/install/perception_interfaces/share/perception_interfaces/cmake/export_perception_interfaces__rosidl_generator_cppExport.cmake
[0.517s] -- Up-to-date: /home/omar/Desktop/ros_ws/install/perception_interfaces/share/perception_interfaces/cmake/export_perception_interfaces__rosidl_typesupport_fastrtps_cppExport.cmake
[0.517s] -- Up-to-date: /home/omar/Desktop/ros_ws/install/perception_interfaces/share/perception_interfaces/cmake/export_perception_interfaces__rosidl_typesupport_fastrtps_cppExport-noconfig.cmake
[0.517s] -- Up-to-date: /home/omar/Desktop/ros_ws/install/perception_interfaces/share/perception_interfaces/cmake/perception_interfaces__rosidl_typesupport_introspection_cppExport.cmake
[0.517s] -- Up-to-date: /home/omar/Desktop/ros_ws/install/perception_interfaces/share/perception_interfaces/cmake/perception_interfaces__rosidl_typesupport_introspection_cppExport-noconfig.cmake
[0.518s] -- Up-to-date: /home/omar/Desktop/ros_ws/install/perception_interfaces/share/perception_interfaces/cmake/perception_interfaces__rosidl_typesupport_cppExport.cmake
[0.518s] -- Up-to-date: /home/omar/Desktop/ros_ws/install/perception_interfaces/share/perception_interfaces/cmake/perception_interfaces__rosidl_typesupport_cppExport-noconfig.cmake
[0.518s] -- Up-to-date: /home/omar/Desktop/ros_ws/install/perception_interfaces/share/perception_interfaces/cmake/export_perception_interfaces__rosidl_generator_pyExport.cmake
[0.518s] -- Up-to-date: /home/omar/Desktop/ros_ws/install/perception_interfaces/share/perception_interfaces/cmake/export_perception_interfaces__rosidl_generator_pyExport-noconfig.cmake
[0.518s] -- Up-to-date: /home/omar/Desktop/ros_ws/install/perception_interfaces/share/perception_interfaces/cmake/rosidl_cmake-extras.cmake
[0.518s] -- Up-to-date: /home/omar/Desktop/ros_ws/install/perception_interfaces/share/perception_interfaces/cmake/ament_cmake_export_include_directories-extras.cmake
[0.518s] -- Up-to-date: /home/omar/Desktop/ros_ws/install/perception_interfaces/share/perception_interfaces/cmake/ament_cmake_export_libraries-extras.cmake
[0.518s] -- Up-to-date: /home/omar/Desktop/ros_ws/install/perception_interfaces/share/perception_interfaces/cmake/ament_cmake_export_targets-extras.cmake
[0.518s] -- Up-to-date: /home/omar/Desktop/ros_ws/install/perception_interfaces/share/perception_interfaces/cmake/rosidl_cmake_export_typesupport_targets-extras.cmake
[0.518s] -- Up-to-date: /home/omar/Desktop/ros_ws/install/perception_interfaces/share/perception_interfaces/cmake/ament_cmake_export_dependencies-extras.cmake
[0.519s] -- Up-to-date: /home/omar/Desktop/ros_ws/install/perception_interfaces/share/perception_interfaces/cmake/rosidl_cmake_export_typesupport_libraries-extras.cmake
[0.519s] -- Up-to-date: /home/omar/Desktop/ros_ws/install/perception_interfaces/share/perception_interfaces/cmake/perception_interfacesConfig.cmake
[0.519s] -- Up-to-date: /home/omar/Desktop/ros_ws/install/perception_interfaces/share/perception_interfaces/cmake/perception_interfacesConfig-version.cmake
[0.519s] -- Up-to-date: /home/omar/Desktop/ros_ws/install/perception_interfaces/share/perception_interfaces/package.xml
[0.520s] Invoked command in '/home/omar/Desktop/ros_ws/build/perception_interfaces' returned '0': CMAKE_PREFIX_PATH=/opt/ros/humble /usr/bin/cmake --install /home/omar/Desktop/ros_ws/build/perception_interfaces
