[0.069s] DEBUG:colcon:Command line arguments: ['/usr/bin/colcon', 'build']
[0.069s] DEBUG:colcon:Parsed command line arguments: Namespace(log_base=None, log_level=None, verb_name='build', build_base='build', install_base='install', merge_install=False, symlink_install=False, test_result_base=None, continue_on_error=False, executor='parallel', parallel_workers=4, event_handlers=None, ignore_user_meta=False, metas=['./colcon.meta'], base_paths=['.'], packages_ignore=None, packages_ignore_regex=None, paths=None, packages_up_to=None, packages_up_to_regex=None, packages_above=None, packages_above_and_dependencies=None, packages_above_depth=None, packages_select_by_dep=None, packages_skip_by_dep=None, packages_skip_up_to=None, packages_select_build_failed=False, packages_skip_build_finished=False, packages_select_test_failures=False, packages_skip_test_passed=False, packages_select=None, packages_skip=None, packages_select_regex=None, packages_skip_regex=None, packages_start=None, packages_end=None, allow_overriding=[], cmake_args=None, cmake_target=None, cmake_target_skip_unavailable=False, cmake_clean_cache=False, cmake_clean_first=False, cmake_force_configure=False, ament_cmake_args=None, catkin_cmake_args=None, catkin_skip_building_tests=False, mixin_files=None, mixin=None, verb_parser=<colcon_mixin.mixin.mixin_argument.MixinArgumentDecorator object at 0xffffaa634dc0>, verb_extension=<colcon_core.verb.build.BuildVerb object at 0xffffaa634160>, main=<bound method BuildVerb.main of <colcon_core.verb.build.BuildVerb object at 0xffffaa634160>>, mixin_verb=('build',))
[0.193s] Level 1:colcon.colcon_core.package_discovery:discover_packages(colcon_meta) check parameters
[0.193s] Level 1:colcon.colcon_core.package_discovery:discover_packages(recursive) check parameters
[0.193s] Level 1:colcon.colcon_core.package_discovery:discover_packages(ignore) check parameters
[0.193s] Level 1:colcon.colcon_core.package_discovery:discover_packages(path) check parameters
[0.193s] Level 1:colcon.colcon_core.package_discovery:discover_packages(colcon_meta) discover
[0.193s] Level 1:colcon.colcon_core.package_discovery:discover_packages(recursive) discover
[0.193s] INFO:colcon.colcon_core.package_discovery:Crawling recursively for packages in '/home/omar/Desktop/ros_ws'
[0.194s] Level 1:colcon.colcon_core.package_identification:_identify(.) by extensions ['ignore', 'ignore_ament_install']
[0.194s] Level 1:colcon.colcon_core.package_identification:_identify(.) by extension 'ignore'
[0.194s] Level 1:colcon.colcon_core.package_identification:_identify(.) by extension 'ignore_ament_install'
[0.194s] Level 1:colcon.colcon_core.package_identification:_identify(.) by extensions ['colcon_pkg']
[0.194s] Level 1:colcon.colcon_core.package_identification:_identify(.) by extension 'colcon_pkg'
[0.194s] Level 1:colcon.colcon_core.package_identification:_identify(.) by extensions ['colcon_meta']
[0.194s] Level 1:colcon.colcon_core.package_identification:_identify(.) by extension 'colcon_meta'
[0.194s] Level 1:colcon.colcon_core.package_identification:_identify(.) by extensions ['ros']
[0.194s] Level 1:colcon.colcon_core.package_identification:_identify(.) by extension 'ros'
[0.205s] Level 1:colcon.colcon_core.package_identification:_identify(.) by extensions ['cmake', 'python']
[0.205s] Level 1:colcon.colcon_core.package_identification:_identify(.) by extension 'cmake'
[0.205s] Level 1:colcon.colcon_core.package_identification:_identify(.) by extension 'python'
[0.205s] Level 1:colcon.colcon_core.package_identification:_identify(.) by extensions ['python_setup_py']
[0.205s] Level 1:colcon.colcon_core.package_identification:_identify(.) by extension 'python_setup_py'
[0.205s] Level 1:colcon.colcon_core.package_identification:_identify(build) by extensions ['ignore', 'ignore_ament_install']
[0.206s] Level 1:colcon.colcon_core.package_identification:_identify(build) by extension 'ignore'
[0.206s] Level 1:colcon.colcon_core.package_identification:_identify(build) ignored
[0.206s] Level 1:colcon.colcon_core.package_identification:_identify(install) by extensions ['ignore', 'ignore_ament_install']
[0.206s] Level 1:colcon.colcon_core.package_identification:_identify(install) by extension 'ignore'
[0.206s] Level 1:colcon.colcon_core.package_identification:_identify(install) ignored
[0.206s] Level 1:colcon.colcon_core.package_identification:_identify(log) by extensions ['ignore', 'ignore_ament_install']
[0.206s] Level 1:colcon.colcon_core.package_identification:_identify(log) by extension 'ignore'
[0.206s] Level 1:colcon.colcon_core.package_identification:_identify(log) ignored
[0.206s] Level 1:colcon.colcon_core.package_identification:_identify(src) by extensions ['ignore', 'ignore_ament_install']
[0.206s] Level 1:colcon.colcon_core.package_identification:_identify(src) by extension 'ignore'
[0.206s] Level 1:colcon.colcon_core.package_identification:_identify(src) by extension 'ignore_ament_install'
[0.206s] Level 1:colcon.colcon_core.package_identification:_identify(src) by extensions ['colcon_pkg']
[0.206s] Level 1:colcon.colcon_core.package_identification:_identify(src) by extension 'colcon_pkg'
[0.206s] Level 1:colcon.colcon_core.package_identification:_identify(src) by extensions ['colcon_meta']
[0.206s] Level 1:colcon.colcon_core.package_identification:_identify(src) by extension 'colcon_meta'
[0.206s] Level 1:colcon.colcon_core.package_identification:_identify(src) by extensions ['ros']
[0.206s] Level 1:colcon.colcon_core.package_identification:_identify(src) by extension 'ros'
[0.207s] Level 1:colcon.colcon_core.package_identification:_identify(src) by extensions ['cmake', 'python']
[0.207s] Level 1:colcon.colcon_core.package_identification:_identify(src) by extension 'cmake'
[0.207s] Level 1:colcon.colcon_core.package_identification:_identify(src) by extension 'python'
[0.207s] Level 1:colcon.colcon_core.package_identification:_identify(src) by extensions ['python_setup_py']
[0.207s] Level 1:colcon.colcon_core.package_identification:_identify(src) by extension 'python_setup_py'
[0.207s] Level 1:colcon.colcon_core.package_identification:_identify(src/ep_camera) by extensions ['ignore', 'ignore_ament_install']
[0.207s] Level 1:colcon.colcon_core.package_identification:_identify(src/ep_camera) by extension 'ignore'
[0.207s] Level 1:colcon.colcon_core.package_identification:_identify(src/ep_camera) by extension 'ignore_ament_install'
[0.207s] Level 1:colcon.colcon_core.package_identification:_identify(src/ep_camera) by extensions ['colcon_pkg']
[0.207s] Level 1:colcon.colcon_core.package_identification:_identify(src/ep_camera) by extension 'colcon_pkg'
[0.207s] Level 1:colcon.colcon_core.package_identification:_identify(src/ep_camera) by extensions ['colcon_meta']
[0.207s] Level 1:colcon.colcon_core.package_identification:_identify(src/ep_camera) by extension 'colcon_meta'
[0.207s] Level 1:colcon.colcon_core.package_identification:_identify(src/ep_camera) by extensions ['ros']
[0.207s] Level 1:colcon.colcon_core.package_identification:_identify(src/ep_camera) by extension 'ros'
[0.210s] DEBUG:colcon.colcon_core.package_identification:Package 'src/ep_camera' with type 'ros.ament_python' and name 'ep_camera'
[0.210s] Level 1:colcon.colcon_core.package_identification:_identify(src/perception) by extensions ['ignore', 'ignore_ament_install']
[0.210s] Level 1:colcon.colcon_core.package_identification:_identify(src/perception) by extension 'ignore'
[0.210s] Level 1:colcon.colcon_core.package_identification:_identify(src/perception) by extension 'ignore_ament_install'
[0.210s] Level 1:colcon.colcon_core.package_identification:_identify(src/perception) by extensions ['colcon_pkg']
[0.210s] Level 1:colcon.colcon_core.package_identification:_identify(src/perception) by extension 'colcon_pkg'
[0.210s] Level 1:colcon.colcon_core.package_identification:_identify(src/perception) by extensions ['colcon_meta']
[0.210s] Level 1:colcon.colcon_core.package_identification:_identify(src/perception) by extension 'colcon_meta'
[0.210s] Level 1:colcon.colcon_core.package_identification:_identify(src/perception) by extensions ['ros']
[0.210s] Level 1:colcon.colcon_core.package_identification:_identify(src/perception) by extension 'ros'
[0.210s] DEBUG:colcon.colcon_core.package_identification:Package 'src/perception' with type 'ros.ament_python' and name 'perception'
[0.210s] Level 1:colcon.colcon_core.package_identification:_identify(src/perception_interfaces) by extensions ['ignore', 'ignore_ament_install']
[0.210s] Level 1:colcon.colcon_core.package_identification:_identify(src/perception_interfaces) by extension 'ignore'
[0.210s] Level 1:colcon.colcon_core.package_identification:_identify(src/perception_interfaces) by extension 'ignore_ament_install'
[0.210s] Level 1:colcon.colcon_core.package_identification:_identify(src/perception_interfaces) by extensions ['colcon_pkg']
[0.210s] Level 1:colcon.colcon_core.package_identification:_identify(src/perception_interfaces) by extension 'colcon_pkg'
[0.210s] Level 1:colcon.colcon_core.package_identification:_identify(src/perception_interfaces) by extensions ['colcon_meta']
[0.210s] Level 1:colcon.colcon_core.package_identification:_identify(src/perception_interfaces) by extension 'colcon_meta'
[0.210s] Level 1:colcon.colcon_core.package_identification:_identify(src/perception_interfaces) by extensions ['ros']
[0.210s] Level 1:colcon.colcon_core.package_identification:_identify(src/perception_interfaces) by extension 'ros'
[0.211s] DEBUG:colcon.colcon_core.package_identification:Package 'src/perception_interfaces' with type 'ros.ament_cmake' and name 'perception_interfaces'
[0.211s] Level 1:colcon.colcon_core.package_discovery:discover_packages(recursive) using defaults
[0.211s] Level 1:colcon.colcon_core.package_discovery:discover_packages(ignore) discover
[0.211s] Level 1:colcon.colcon_core.package_discovery:discover_packages(ignore) using defaults
[0.211s] Level 1:colcon.colcon_core.package_discovery:discover_packages(path) discover
[0.211s] Level 1:colcon.colcon_core.package_discovery:discover_packages(path) using defaults
[0.222s] Level 1:colcon.colcon_core.package_discovery:discover_packages(prefix_path) check parameters
[0.222s] Level 1:colcon.colcon_core.package_discovery:discover_packages(prefix_path) discover
[0.223s] WARNING:colcon.colcon_core.prefix_path.colcon:The path '/home/omar/Desktop/ros_ws/src/install' in the environment variable COLCON_PREFIX_PATH doesn't exist
[0.223s] DEBUG:colcon.colcon_installed_package_information.package_discovery:Found 2 installed packages in /home/omar/Desktop/ros_ws/install
[0.224s] DEBUG:colcon.colcon_installed_package_information.package_discovery:Found 199 installed packages in /opt/ros/humble
[0.229s] Level 1:colcon.colcon_core.package_discovery:discover_packages(prefix_path) using defaults
[0.245s] Level 5:colcon.colcon_core.verb:set package 'ep_camera' build argument 'cmake_args' from command line to 'None'
[0.245s] Level 5:colcon.colcon_core.verb:set package 'ep_camera' build argument 'cmake_target' from command line to 'None'
[0.245s] Level 5:colcon.colcon_core.verb:set package 'ep_camera' build argument 'cmake_target_skip_unavailable' from command line to 'False'
[0.245s] Level 5:colcon.colcon_core.verb:set package 'ep_camera' build argument 'cmake_clean_cache' from command line to 'False'
[0.245s] Level 5:colcon.colcon_core.verb:set package 'ep_camera' build argument 'cmake_clean_first' from command line to 'False'
[0.245s] Level 5:colcon.colcon_core.verb:set package 'ep_camera' build argument 'cmake_force_configure' from command line to 'False'
[0.245s] Level 5:colcon.colcon_core.verb:set package 'ep_camera' build argument 'ament_cmake_args' from command line to 'None'
[0.245s] Level 5:colcon.colcon_core.verb:set package 'ep_camera' build argument 'catkin_cmake_args' from command line to 'None'
[0.245s] Level 5:colcon.colcon_core.verb:set package 'ep_camera' build argument 'catkin_skip_building_tests' from command line to 'False'
[0.245s] DEBUG:colcon.colcon_core.verb:Building package 'ep_camera' with the following arguments: {'ament_cmake_args': None, 'build_base': '/home/omar/Desktop/ros_ws/build/ep_camera', 'catkin_cmake_args': None, 'catkin_skip_building_tests': False, 'cmake_args': None, 'cmake_clean_cache': False, 'cmake_clean_first': False, 'cmake_force_configure': False, 'cmake_target': None, 'cmake_target_skip_unavailable': False, 'install_base': '/home/omar/Desktop/ros_ws/install/ep_camera', 'merge_install': False, 'path': '/home/omar/Desktop/ros_ws/src/ep_camera', 'symlink_install': False, 'test_result_base': None}
[0.245s] Level 5:colcon.colcon_core.verb:set package 'perception' build argument 'cmake_args' from command line to 'None'
[0.245s] Level 5:colcon.colcon_core.verb:set package 'perception' build argument 'cmake_target' from command line to 'None'
[0.245s] Level 5:colcon.colcon_core.verb:set package 'perception' build argument 'cmake_target_skip_unavailable' from command line to 'False'
[0.245s] Level 5:colcon.colcon_core.verb:set package 'perception' build argument 'cmake_clean_cache' from command line to 'False'
[0.245s] Level 5:colcon.colcon_core.verb:set package 'perception' build argument 'cmake_clean_first' from command line to 'False'
[0.245s] Level 5:colcon.colcon_core.verb:set package 'perception' build argument 'cmake_force_configure' from command line to 'False'
[0.245s] Level 5:colcon.colcon_core.verb:set package 'perception' build argument 'ament_cmake_args' from command line to 'None'
[0.245s] Level 5:colcon.colcon_core.verb:set package 'perception' build argument 'catkin_cmake_args' from command line to 'None'
[0.245s] Level 5:colcon.colcon_core.verb:set package 'perception' build argument 'catkin_skip_building_tests' from command line to 'False'
[0.245s] DEBUG:colcon.colcon_core.verb:Building package 'perception' with the following arguments: {'ament_cmake_args': None, 'build_base': '/home/omar/Desktop/ros_ws/build/perception', 'catkin_cmake_args': None, 'catkin_skip_building_tests': False, 'cmake_args': None, 'cmake_clean_cache': False, 'cmake_clean_first': False, 'cmake_force_configure': False, 'cmake_target': None, 'cmake_target_skip_unavailable': False, 'install_base': '/home/omar/Desktop/ros_ws/install/perception', 'merge_install': False, 'path': '/home/omar/Desktop/ros_ws/src/perception', 'symlink_install': False, 'test_result_base': None}
[0.245s] Level 5:colcon.colcon_core.verb:set package 'perception_interfaces' build argument 'cmake_args' from command line to 'None'
[0.246s] Level 5:colcon.colcon_core.verb:set package 'perception_interfaces' build argument 'cmake_target' from command line to 'None'
[0.246s] Level 5:colcon.colcon_core.verb:set package 'perception_interfaces' build argument 'cmake_target_skip_unavailable' from command line to 'False'
[0.246s] Level 5:colcon.colcon_core.verb:set package 'perception_interfaces' build argument 'cmake_clean_cache' from command line to 'False'
[0.246s] Level 5:colcon.colcon_core.verb:set package 'perception_interfaces' build argument 'cmake_clean_first' from command line to 'False'
[0.246s] Level 5:colcon.colcon_core.verb:set package 'perception_interfaces' build argument 'cmake_force_configure' from command line to 'False'
[0.246s] Level 5:colcon.colcon_core.verb:set package 'perception_interfaces' build argument 'ament_cmake_args' from command line to 'None'
[0.246s] Level 5:colcon.colcon_core.verb:set package 'perception_interfaces' build argument 'catkin_cmake_args' from command line to 'None'
[0.246s] Level 5:colcon.colcon_core.verb:set package 'perception_interfaces' build argument 'catkin_skip_building_tests' from command line to 'False'
[0.246s] DEBUG:colcon.colcon_core.verb:Building package 'perception_interfaces' with the following arguments: {'ament_cmake_args': None, 'build_base': '/home/omar/Desktop/ros_ws/build/perception_interfaces', 'catkin_cmake_args': None, 'catkin_skip_building_tests': False, 'cmake_args': None, 'cmake_clean_cache': False, 'cmake_clean_first': False, 'cmake_force_configure': False, 'cmake_target': None, 'cmake_target_skip_unavailable': False, 'install_base': '/home/omar/Desktop/ros_ws/install/perception_interfaces', 'merge_install': False, 'path': '/home/omar/Desktop/ros_ws/src/perception_interfaces', 'symlink_install': False, 'test_result_base': None}
[0.246s] INFO:colcon.colcon_core.executor:Executing jobs using 'parallel' executor
[0.246s] DEBUG:colcon.colcon_parallel_executor.executor.parallel:run_until_complete
[0.246s] INFO:colcon.colcon_ros.task.ament_python.build:Building ROS package in '/home/omar/Desktop/ros_ws/src/ep_camera' with build type 'ament_python'
[0.247s] Level 1:colcon.colcon_core.shell:create_environment_hook('ep_camera', 'ament_prefix_path')
[0.248s] INFO:colcon.colcon_core.plugin_system:Skipping extension 'colcon_core.shell.bat': Not used on non-Windows systems
[0.248s] INFO:colcon.colcon_core.shell:Creating environment hook '/home/omar/Desktop/ros_ws/install/ep_camera/share/ep_camera/hook/ament_prefix_path.ps1'
[0.248s] INFO:colcon.colcon_core.shell:Creating environment descriptor '/home/omar/Desktop/ros_ws/install/ep_camera/share/ep_camera/hook/ament_prefix_path.dsv'
[0.249s] INFO:colcon.colcon_core.shell:Creating environment hook '/home/omar/Desktop/ros_ws/install/ep_camera/share/ep_camera/hook/ament_prefix_path.sh'
[0.249s] INFO:colcon.colcon_core.shell:Skip shell extension 'powershell' for command environment: Not usable outside of PowerShell
[0.249s] DEBUG:colcon.colcon_core.shell:Skip shell extension 'dsv' for command environment
[0.252s] INFO:colcon.colcon_ros.task.ament_python.build:Building ROS package in '/home/omar/Desktop/ros_ws/src/perception' with build type 'ament_python'
[0.253s] Level 1:colcon.colcon_core.shell:create_environment_hook('perception', 'ament_prefix_path')
[0.253s] INFO:colcon.colcon_core.shell:Creating environment hook '/home/omar/Desktop/ros_ws/install/perception/share/perception/hook/ament_prefix_path.ps1'
[0.253s] INFO:colcon.colcon_core.shell:Creating environment descriptor '/home/omar/Desktop/ros_ws/install/perception/share/perception/hook/ament_prefix_path.dsv'
[0.254s] INFO:colcon.colcon_core.shell:Creating environment hook '/home/omar/Desktop/ros_ws/install/perception/share/perception/hook/ament_prefix_path.sh'
[0.254s] INFO:colcon.colcon_core.shell:Skip shell extension 'powershell' for command environment: Not usable outside of PowerShell
[0.254s] DEBUG:colcon.colcon_core.shell:Skip shell extension 'dsv' for command environment
[0.255s] INFO:colcon.colcon_ros.task.ament_cmake.build:Building ROS package in '/home/omar/Desktop/ros_ws/src/perception_interfaces' with build type 'ament_cmake'
[0.256s] INFO:colcon.colcon_cmake.task.cmake.build:Building CMake package in '/home/omar/Desktop/ros_ws/src/perception_interfaces'
[0.256s] INFO:colcon.colcon_core.shell:Skip shell extension 'powershell' for command environment: Not usable outside of PowerShell
[0.256s] DEBUG:colcon.colcon_core.shell:Skip shell extension 'dsv' for command environment
[0.387s] INFO:colcon.colcon_core.task.python.build:Building Python package in '/home/omar/Desktop/ros_ws/src/ep_camera'
[0.387s] INFO:colcon.colcon_core.shell:Skip shell extension 'powershell' for command environment: Not usable outside of PowerShell
[0.387s] DEBUG:colcon.colcon_core.shell:Skip shell extension 'dsv' for command environment
[0.502s] INFO:colcon.colcon_core.task.python.build:Building Python package in '/home/omar/Desktop/ros_ws/src/perception'
[0.502s] INFO:colcon.colcon_core.shell:Skip shell extension 'powershell' for command environment: Not usable outside of PowerShell
[0.502s] DEBUG:colcon.colcon_core.shell:Skip shell extension 'dsv' for command environment
[0.507s] DEBUG:colcon.colcon_core.event_handler.log_command:Invoking command in '/home/omar/Desktop/ros_ws/build/perception_interfaces': CMAKE_PREFIX_PATH=${CMAKE_PREFIX_PATH}:/home/omar/Desktop/ros_ws/install/perception:/opt/ros/humble /usr/bin/cmake --build /home/omar/Desktop/ros_ws/build/perception_interfaces -- -j4 -l4
[0.752s] DEBUG:colcon.colcon_core.event_handler.log_command:Invoking command in '/home/omar/Desktop/ros_ws/src/perception': PYTHONPATH=/home/omar/Desktop/ros_ws/build/perception/prefix_override:/usr/lib/python3/dist-packages/colcon_core/task/python/colcon_distutils_commands:/home/omar/Desktop/ros_ws/install/perception/lib/python3.10/site-packages:${PYTHONPATH} /usr/bin/python3 -W ignore:setup.py install is deprecated -W ignore:easy_install command is deprecated setup.py egg_info --egg-base ../../build/perception build --build-base /home/omar/Desktop/ros_ws/build/perception/build install --record /home/omar/Desktop/ros_ws/build/perception/install.log --single-version-externally-managed install_data
[0.780s] DEBUG:colcon.colcon_core.event_handler.log_command:Invoking command in '/home/omar/Desktop/ros_ws/src/ep_camera': PYTHONPATH=/home/omar/Desktop/ros_ws/build/ep_camera/prefix_override:/usr/lib/python3/dist-packages/colcon_core/task/python/colcon_distutils_commands:/home/omar/Desktop/ros_ws/install/ep_camera/lib/python3.10/site-packages:${PYTHONPATH} /usr/bin/python3 -W ignore:setup.py install is deprecated -W ignore:easy_install command is deprecated setup.py egg_info --egg-base ../../build/ep_camera build --build-base /home/omar/Desktop/ros_ws/build/ep_camera/build install --record /home/omar/Desktop/ros_ws/build/ep_camera/install.log --single-version-externally-managed install_data
[0.797s] DEBUG:colcon.colcon_core.event_handler.log_command:Invoked command in '/home/omar/Desktop/ros_ws/build/perception_interfaces' returned '0': CMAKE_PREFIX_PATH=${CMAKE_PREFIX_PATH}:/home/omar/Desktop/ros_ws/install/perception:/opt/ros/humble /usr/bin/cmake --build /home/omar/Desktop/ros_ws/build/perception_interfaces -- -j4 -l4
[0.805s] DEBUG:colcon.colcon_core.event_handler.log_command:Invoking command in '/home/omar/Desktop/ros_ws/build/perception_interfaces': CMAKE_PREFIX_PATH=${CMAKE_PREFIX_PATH}:/home/omar/Desktop/ros_ws/install/perception:/opt/ros/humble /usr/bin/cmake --install /home/omar/Desktop/ros_ws/build/perception_interfaces
[0.840s] Level 1:colcon.colcon_core.environment:create_environment_scripts_only(perception_interfaces)
[0.842s] Level 1:colcon.colcon_core.environment:checking '/home/omar/Desktop/ros_ws/install/perception_interfaces' for CMake module files
[0.842s] Level 1:colcon.colcon_core.environment:checking '/home/omar/Desktop/ros_ws/install/perception_interfaces' for CMake config files
[0.843s] Level 1:colcon.colcon_core.shell:create_environment_hook('perception_interfaces', 'cmake_prefix_path')
[0.843s] INFO:colcon.colcon_core.shell:Creating environment hook '/home/omar/Desktop/ros_ws/install/perception_interfaces/share/perception_interfaces/hook/cmake_prefix_path.ps1'
[0.843s] INFO:colcon.colcon_core.shell:Creating environment descriptor '/home/omar/Desktop/ros_ws/install/perception_interfaces/share/perception_interfaces/hook/cmake_prefix_path.dsv'
[0.843s] INFO:colcon.colcon_core.shell:Creating environment hook '/home/omar/Desktop/ros_ws/install/perception_interfaces/share/perception_interfaces/hook/cmake_prefix_path.sh'
[0.844s] Level 1:colcon.colcon_core.environment:checking '/home/omar/Desktop/ros_ws/install/perception_interfaces/lib'
[0.844s] Level 1:colcon.colcon_core.shell:create_environment_hook('perception_interfaces', 'ld_library_path_lib')
[0.844s] INFO:colcon.colcon_core.shell:Creating environment hook '/home/omar/Desktop/ros_ws/install/perception_interfaces/share/perception_interfaces/hook/ld_library_path_lib.ps1'
[0.844s] INFO:colcon.colcon_core.shell:Creating environment descriptor '/home/omar/Desktop/ros_ws/install/perception_interfaces/share/perception_interfaces/hook/ld_library_path_lib.dsv'
[0.844s] INFO:colcon.colcon_core.shell:Creating environment hook '/home/omar/Desktop/ros_ws/install/perception_interfaces/share/perception_interfaces/hook/ld_library_path_lib.sh'
[0.845s] Level 1:colcon.colcon_core.environment:checking '/home/omar/Desktop/ros_ws/install/perception_interfaces/bin'
[0.845s] Level 1:colcon.colcon_core.environment:checking '/home/omar/Desktop/ros_ws/install/perception_interfaces/lib/pkgconfig/perception_interfaces.pc'
[0.845s] Level 1:colcon.colcon_core.environment:checking '/home/omar/Desktop/ros_ws/install/perception_interfaces/lib/python3.10/site-packages'
[0.845s] Level 1:colcon.colcon_core.environment:checking '/home/omar/Desktop/ros_ws/install/perception_interfaces/bin'
[0.845s] INFO:colcon.colcon_core.shell:Creating package script '/home/omar/Desktop/ros_ws/install/perception_interfaces/share/perception_interfaces/package.ps1'
[0.846s] INFO:colcon.colcon_core.shell:Creating package descriptor '/home/omar/Desktop/ros_ws/install/perception_interfaces/share/perception_interfaces/package.dsv'
[0.846s] INFO:colcon.colcon_core.shell:Creating package script '/home/omar/Desktop/ros_ws/install/perception_interfaces/share/perception_interfaces/package.sh'
[0.846s] INFO:colcon.colcon_core.shell:Creating package script '/home/omar/Desktop/ros_ws/install/perception_interfaces/share/perception_interfaces/package.bash'
[0.847s] INFO:colcon.colcon_core.shell:Creating package script '/home/omar/Desktop/ros_ws/install/perception_interfaces/share/perception_interfaces/package.zsh'
[0.847s] Level 1:colcon.colcon_core.environment:create_file_with_runtime_dependencies(/home/omar/Desktop/ros_ws/install/perception_interfaces/share/colcon-core/packages/perception_interfaces)
[0.848s] Level 1:colcon.colcon_core.environment:create_environment_scripts_only(perception_interfaces)
[0.848s] Level 1:colcon.colcon_core.environment:checking '/home/omar/Desktop/ros_ws/install/perception_interfaces' for CMake module files
[0.848s] Level 1:colcon.colcon_core.environment:checking '/home/omar/Desktop/ros_ws/install/perception_interfaces' for CMake config files
[0.848s] Level 1:colcon.colcon_core.shell:create_environment_hook('perception_interfaces', 'cmake_prefix_path')
[0.848s] INFO:colcon.colcon_core.shell:Creating environment hook '/home/omar/Desktop/ros_ws/install/perception_interfaces/share/perception_interfaces/hook/cmake_prefix_path.ps1'
[0.848s] INFO:colcon.colcon_core.shell:Creating environment descriptor '/home/omar/Desktop/ros_ws/install/perception_interfaces/share/perception_interfaces/hook/cmake_prefix_path.dsv'
[0.854s] DEBUG:colcon.colcon_core.event_handler.log_command:Invoked command in '/home/omar/Desktop/ros_ws/build/perception_interfaces' returned '0': CMAKE_PREFIX_PATH=${CMAKE_PREFIX_PATH}:/home/omar/Desktop/ros_ws/install/perception:/opt/ros/humble /usr/bin/cmake --install /home/omar/Desktop/ros_ws/build/perception_interfaces
[0.855s] INFO:colcon.colcon_core.shell:Creating environment hook '/home/omar/Desktop/ros_ws/install/perception_interfaces/share/perception_interfaces/hook/cmake_prefix_path.sh'
[0.855s] Level 1:colcon.colcon_core.environment:checking '/home/omar/Desktop/ros_ws/install/perception_interfaces/lib'
[0.855s] Level 1:colcon.colcon_core.shell:create_environment_hook('perception_interfaces', 'ld_library_path_lib')
[0.855s] INFO:colcon.colcon_core.shell:Creating environment hook '/home/omar/Desktop/ros_ws/install/perception_interfaces/share/perception_interfaces/hook/ld_library_path_lib.ps1'
[0.855s] INFO:colcon.colcon_core.shell:Creating environment descriptor '/home/omar/Desktop/ros_ws/install/perception_interfaces/share/perception_interfaces/hook/ld_library_path_lib.dsv'
[0.856s] INFO:colcon.colcon_core.shell:Creating environment hook '/home/omar/Desktop/ros_ws/install/perception_interfaces/share/perception_interfaces/hook/ld_library_path_lib.sh'
[0.856s] Level 1:colcon.colcon_core.environment:checking '/home/omar/Desktop/ros_ws/install/perception_interfaces/bin'
[0.856s] Level 1:colcon.colcon_core.environment:checking '/home/omar/Desktop/ros_ws/install/perception_interfaces/lib/pkgconfig/perception_interfaces.pc'
[0.856s] Level 1:colcon.colcon_core.environment:checking '/home/omar/Desktop/ros_ws/install/perception_interfaces/lib/python3.10/site-packages'
[0.856s] Level 1:colcon.colcon_core.environment:checking '/home/omar/Desktop/ros_ws/install/perception_interfaces/bin'
[0.856s] INFO:colcon.colcon_core.shell:Creating package script '/home/omar/Desktop/ros_ws/install/perception_interfaces/share/perception_interfaces/package.ps1'
[0.857s] INFO:colcon.colcon_core.shell:Creating package descriptor '/home/omar/Desktop/ros_ws/install/perception_interfaces/share/perception_interfaces/package.dsv'
[0.857s] INFO:colcon.colcon_core.shell:Creating package script '/home/omar/Desktop/ros_ws/install/perception_interfaces/share/perception_interfaces/package.sh'
[0.857s] INFO:colcon.colcon_core.shell:Creating package script '/home/omar/Desktop/ros_ws/install/perception_interfaces/share/perception_interfaces/package.bash'
[0.857s] INFO:colcon.colcon_core.shell:Creating package script '/home/omar/Desktop/ros_ws/install/perception_interfaces/share/perception_interfaces/package.zsh'
[0.858s] Level 1:colcon.colcon_core.environment:create_file_with_runtime_dependencies(/home/omar/Desktop/ros_ws/install/perception_interfaces/share/colcon-core/packages/perception_interfaces)
[0.924s] Level 1:colcon.colcon_core.environment:checking '/home/omar/Desktop/ros_ws/install/perception' for CMake module files
[0.924s] Level 1:colcon.colcon_core.environment:checking '/home/omar/Desktop/ros_ws/install/perception' for CMake config files
[0.924s] Level 1:colcon.colcon_core.environment:checking '/home/omar/Desktop/ros_ws/install/perception/lib'
[0.925s] Level 1:colcon.colcon_core.environment:checking '/home/omar/Desktop/ros_ws/install/perception/bin'
[0.925s] Level 1:colcon.colcon_core.environment:checking '/home/omar/Desktop/ros_ws/install/perception/lib/pkgconfig/perception.pc'
[0.925s] Level 1:colcon.colcon_core.environment:checking '/home/omar/Desktop/ros_ws/install/perception/lib/python3.10/site-packages'
[0.925s] Level 1:colcon.colcon_core.shell:create_environment_hook('perception', 'pythonpath')
[0.925s] INFO:colcon.colcon_core.shell:Creating environment hook '/home/omar/Desktop/ros_ws/install/perception/share/perception/hook/pythonpath.ps1'
[0.925s] INFO:colcon.colcon_core.shell:Creating environment descriptor '/home/omar/Desktop/ros_ws/install/perception/share/perception/hook/pythonpath.dsv'
[0.925s] INFO:colcon.colcon_core.shell:Creating environment hook '/home/omar/Desktop/ros_ws/install/perception/share/perception/hook/pythonpath.sh'
[0.926s] Level 1:colcon.colcon_core.environment:checking '/home/omar/Desktop/ros_ws/install/perception/bin'
[0.926s] Level 1:colcon.colcon_core.environment:create_environment_scripts_only(perception)
[0.926s] INFO:colcon.colcon_core.shell:Creating package script '/home/omar/Desktop/ros_ws/install/perception/share/perception/package.ps1'
[0.926s] INFO:colcon.colcon_core.shell:Creating package descriptor '/home/omar/Desktop/ros_ws/install/perception/share/perception/package.dsv'
[0.926s] INFO:colcon.colcon_core.shell:Creating package script '/home/omar/Desktop/ros_ws/install/perception/share/perception/package.sh'
[0.927s] INFO:colcon.colcon_core.shell:Creating package script '/home/omar/Desktop/ros_ws/install/perception/share/perception/package.bash'
[0.927s] INFO:colcon.colcon_core.shell:Creating package script '/home/omar/Desktop/ros_ws/install/perception/share/perception/package.zsh'
[0.927s] Level 1:colcon.colcon_core.environment:create_file_with_runtime_dependencies(/home/omar/Desktop/ros_ws/install/perception/share/colcon-core/packages/perception)
[0.927s] DEBUG:colcon.colcon_core.event_handler.log_command:Invoked command in '/home/omar/Desktop/ros_ws/src/perception' returned '0': PYTHONPATH=/home/omar/Desktop/ros_ws/build/perception/prefix_override:/usr/lib/python3/dist-packages/colcon_core/task/python/colcon_distutils_commands:/home/omar/Desktop/ros_ws/install/perception/lib/python3.10/site-packages:${PYTHONPATH} /usr/bin/python3 -W ignore:setup.py install is deprecated -W ignore:easy_install command is deprecated setup.py egg_info --egg-base ../../build/perception build --build-base /home/omar/Desktop/ros_ws/build/perception/build install --record /home/omar/Desktop/ros_ws/build/perception/install.log --single-version-externally-managed install_data
[0.965s] Level 1:colcon.colcon_core.environment:checking '/home/omar/Desktop/ros_ws/install/ep_camera' for CMake module files
[0.965s] DEBUG:colcon.colcon_core.event_handler.log_command:Invoked command in '/home/omar/Desktop/ros_ws/src/ep_camera' returned '0': PYTHONPATH=/home/omar/Desktop/ros_ws/build/ep_camera/prefix_override:/usr/lib/python3/dist-packages/colcon_core/task/python/colcon_distutils_commands:/home/omar/Desktop/ros_ws/install/ep_camera/lib/python3.10/site-packages:${PYTHONPATH} /usr/bin/python3 -W ignore:setup.py install is deprecated -W ignore:easy_install command is deprecated setup.py egg_info --egg-base ../../build/ep_camera build --build-base /home/omar/Desktop/ros_ws/build/ep_camera/build install --record /home/omar/Desktop/ros_ws/build/ep_camera/install.log --single-version-externally-managed install_data
[0.965s] Level 1:colcon.colcon_core.environment:checking '/home/omar/Desktop/ros_ws/install/ep_camera' for CMake config files
[0.966s] Level 1:colcon.colcon_core.environment:checking '/home/omar/Desktop/ros_ws/install/ep_camera/lib'
[0.966s] Level 1:colcon.colcon_core.environment:checking '/home/omar/Desktop/ros_ws/install/ep_camera/bin'
[0.966s] Level 1:colcon.colcon_core.environment:checking '/home/omar/Desktop/ros_ws/install/ep_camera/lib/pkgconfig/ep_camera.pc'
[0.966s] Level 1:colcon.colcon_core.environment:checking '/home/omar/Desktop/ros_ws/install/ep_camera/lib/python3.10/site-packages'
[0.966s] Level 1:colcon.colcon_core.shell:create_environment_hook('ep_camera', 'pythonpath')
[0.966s] INFO:colcon.colcon_core.shell:Creating environment hook '/home/omar/Desktop/ros_ws/install/ep_camera/share/ep_camera/hook/pythonpath.ps1'
[0.967s] INFO:colcon.colcon_core.shell:Creating environment descriptor '/home/omar/Desktop/ros_ws/install/ep_camera/share/ep_camera/hook/pythonpath.dsv'
[0.967s] INFO:colcon.colcon_core.shell:Creating environment hook '/home/omar/Desktop/ros_ws/install/ep_camera/share/ep_camera/hook/pythonpath.sh'
[0.967s] Level 1:colcon.colcon_core.environment:checking '/home/omar/Desktop/ros_ws/install/ep_camera/bin'
[0.967s] Level 1:colcon.colcon_core.environment:create_environment_scripts_only(ep_camera)
[0.968s] INFO:colcon.colcon_core.shell:Creating package script '/home/omar/Desktop/ros_ws/install/ep_camera/share/ep_camera/package.ps1'
[0.968s] INFO:colcon.colcon_core.shell:Creating package descriptor '/home/omar/Desktop/ros_ws/install/ep_camera/share/ep_camera/package.dsv'
[0.968s] INFO:colcon.colcon_core.shell:Creating package script '/home/omar/Desktop/ros_ws/install/ep_camera/share/ep_camera/package.sh'
[0.968s] INFO:colcon.colcon_core.shell:Creating package script '/home/omar/Desktop/ros_ws/install/ep_camera/share/ep_camera/package.bash'
[0.968s] INFO:colcon.colcon_core.shell:Creating package script '/home/omar/Desktop/ros_ws/install/ep_camera/share/ep_camera/package.zsh'
[0.969s] Level 1:colcon.colcon_core.environment:create_file_with_runtime_dependencies(/home/omar/Desktop/ros_ws/install/ep_camera/share/colcon-core/packages/ep_camera)
[0.969s] DEBUG:colcon.colcon_parallel_executor.executor.parallel:closing loop
[0.969s] DEBUG:colcon.colcon_parallel_executor.executor.parallel:loop closed
[0.969s] DEBUG:colcon.colcon_parallel_executor.executor.parallel:run_until_complete finished with '0'
[0.969s] DEBUG:colcon.colcon_core.event_reactor:joining thread
[0.973s] INFO:colcon.colcon_core.plugin_system:Skipping extension 'colcon_notification.desktop_notification.terminal_notifier': Not used on non-Darwin systems
[0.973s] INFO:colcon.colcon_core.plugin_system:Skipping extension 'colcon_notification.desktop_notification.win32': Not used on non-Windows systems
[0.973s] INFO:colcon.colcon_notification.desktop_notification:Sending desktop notification using 'notify2'
[0.993s] DEBUG:colcon.colcon_core.event_reactor:joined thread
[0.994s] INFO:colcon.colcon_core.shell:Creating prefix script '/home/omar/Desktop/ros_ws/install/local_setup.ps1'
[0.995s] INFO:colcon.colcon_core.shell:Creating prefix util module '/home/omar/Desktop/ros_ws/install/_local_setup_util_ps1.py'
[0.996s] INFO:colcon.colcon_core.shell:Creating prefix chain script '/home/omar/Desktop/ros_ws/install/setup.ps1'
[0.997s] INFO:colcon.colcon_core.shell:Creating prefix script '/home/omar/Desktop/ros_ws/install/local_setup.sh'
[0.998s] INFO:colcon.colcon_core.shell:Creating prefix util module '/home/omar/Desktop/ros_ws/install/_local_setup_util_sh.py'
[0.998s] INFO:colcon.colcon_core.shell:Creating prefix chain script '/home/omar/Desktop/ros_ws/install/setup.sh'
[0.999s] INFO:colcon.colcon_core.shell:Creating prefix script '/home/omar/Desktop/ros_ws/install/local_setup.bash'
[0.999s] INFO:colcon.colcon_core.shell:Creating prefix chain script '/home/omar/Desktop/ros_ws/install/setup.bash'
[1.000s] INFO:colcon.colcon_core.shell:Creating prefix script '/home/omar/Desktop/ros_ws/install/local_setup.zsh'
[1.000s] INFO:colcon.colcon_core.shell:Creating prefix chain script '/home/omar/Desktop/ros_ws/install/setup.zsh'
